****************************************
Report : clock timing
	-type latency
	-launch
	-nworst 123
	-setup
	-variation
Design : des
Version: U-2022.12-SP5-1-VAL-20231129
Date   : Tue Jul 29 17:04:10 2025
****************************************

  Clock: clk
  Sigma: 3.0

                                  ............ Latency ............
                                                   --- Total ---
  Clock Pin            Trans   Source  Network Sensit  Mean    Quant
----------------------------------------------------------------------------
  data_o_reg[36]/CLK   127.450836 0.000000 55.127941 0.000000 55.127941 55.127941 rp-+
  data_o_reg[24]/CLK   127.457451 0.000000 55.106358 0.000000 55.106358 55.106358 rp-+
  data_ready_reg/CLK   127.615906 0.000000 54.379726 0.000000 54.379726 54.379726 rp-+
  rd1_Key_o_reg[46]/CLK 127.642799 0.000000 54.160641 0.000000 54.160641 54.160641 rp-+
  rd1_Key_o_reg[45]/CLK 127.649338 0.000000 53.525253 0.000000 53.525253 53.525253 rp-+
  rd1_Key_o_reg[9]/CLK 127.650841 0.000000 53.506908 0.000000 53.506908 53.506908 rp-+
  rd1_Key_o_reg[49]/CLK 127.654907 0.000000 53.455013 0.000000 53.455013 53.455013 rp-+
  rd1_Key_o_reg[35]/CLK 127.655212 0.000000 53.450851 0.000000 53.450851 53.450851 rp-+
  rd1_Key_o_reg[44]/CLK 127.664230 0.000000 53.310913 0.000000 53.310913 53.310913 rp-+
  rd1_Key_o_reg[41]/CLK 127.670151 0.000000 53.080399 0.000000 53.080399 53.080399 rp-+
  rd1_Key_o_reg[30]/CLK 127.651581 0.000000 52.826004 0.000000 52.826004 52.826004 rp-+
  rd1_Key_o_reg[29]/CLK 127.652000 0.000000 52.796219 0.000000 52.796219 52.796219 rp-+
  data_o_reg[37]/CLK   127.617676 0.000000 52.558598 0.000000 52.558598 52.558598 rp-+
  data_o_reg[21]/CLK   127.617691 0.000000 52.557774 0.000000 52.557774 52.557774 rp-+
  data_o_reg[25]/CLK   127.618080 0.000000 52.529842 0.000000 52.529842 52.529842 rp-+
  data_o_reg[53]/CLK   127.618210 0.000000 52.520702 0.000000 52.520702 52.520702 rp-+
  data_o_reg[18]/CLK   127.619255 0.000000 52.422459 0.000000 52.422459 52.422459 rp-+
  data_o_reg[4]/CLK    127.619400 0.000000 52.408821 0.000000 52.408821 52.408821 rp-+
  data_o_reg[40]/CLK   127.413254 0.000000 50.794609 0.000000 50.794609 50.794609 rp-+
  data_o_reg[27]/CLK   127.413681 0.000000 50.779503 0.000000 50.779503 50.779503 rp-+
  data_o_reg[39]/CLK   127.260742 0.000000 50.007824 0.000000 50.007824 50.007824 rp-+
  data_o_reg[28]/CLK   127.131470 0.000000 49.493946 0.000000 49.493946 49.493946 rp-+
  data_o_reg[17]/CLK   126.925606 0.000000 48.789799 0.000000 48.789799 48.789799 rp-+
  data_o_reg[54]/CLK   126.900940 0.000000 48.706348 0.000000 48.706348 48.706348 rp-+
  data_o_reg[59]/CLK   126.789444 0.000000 48.382980 0.000000 48.382980 48.382980 rp-+
  data_o_reg[9]/CLK    126.692879 0.000000 48.093193 0.000000 48.093193 48.093193 rp-+
  data_o_reg[51]/CLK   126.415207 0.000000 47.149151 0.000000 47.149151 47.149151 rp-+
  data_o_reg[1]/CLK    126.052864 0.000000 46.230469 0.000000 46.230469 46.230469 rp-+
  data_o_reg[63]/CLK   125.314301 0.000000 44.627457 0.000000 44.627457 44.627457 rp-+
  data_o_reg[3]/CLK    124.943962 0.000000 43.908047 0.000000 43.908047 43.908047 rp-+
  data_o_reg[43]/CLK   124.068718 0.000000 42.425213 0.000000 42.425213 42.425213 rp-+
  rd1_Key_o_reg[33]/CLK 123.142395 0.000000 40.835724 0.000000 40.835724 40.835724 rp-+
  rd1_Key_o_reg[51]/CLK 122.705505 0.000000 40.238537 0.000000 40.238537 40.238537 rp-+
  rd1_Key_o_reg[53]/CLK 122.363930 0.000000 39.734764 0.000000 39.734764 39.734764 rp-+
  rd1_Key_o_reg[52]/CLK 122.164909 0.000000 39.449078 0.000000 39.449078 39.449078 rp-+
  rd1_Key_o_reg[50]/CLK 121.777031 0.000000 38.915783 0.000000 38.915783 38.915783 rp-+
  rd1_Key_o_reg[31]/CLK 121.777206 0.000000 38.915142 0.000000 38.915142 38.915142 rp-+
  rd1_Key_o_reg[28]/CLK 120.151932 0.000000 36.648396 0.000000 36.648396 36.648396 rp-+
  rd1_Key_o_reg[48]/CLK 119.320511 0.000000 35.485901 0.000000 35.485901 35.485901 rp-+
  rd1_Key_o_reg[32]/CLK 118.778992 0.000000 34.704960 0.000000 34.704960 34.704960 rp-+
  rd1_Key_o_reg[54]/CLK 118.790939 0.000000 34.677402 0.000000 34.677402 34.677402 rp-+
  rd1_Key_o_reg[55]/CLK 116.544609 0.000000 31.675734 0.000000 31.675734 31.675734 rp-+
  rd1_Key_o_reg[34]/CLK 115.144585 0.000000 30.211525 0.000000 30.211525 30.211525 rp-+
  rd1_Key_o_reg[39]/CLK 115.149994 0.000000 30.192801 0.000000 30.192801 30.192801 rp-+
  rd1_Key_o_reg[38]/CLK 115.150635 0.000000 30.190542 0.000000 30.190542 30.190542 rp-+
  rd1_Key_o_reg[37]/CLK 115.179710 0.000000 30.072681 0.000000 30.072681 30.072681 rp-+
  rd1_Key_o_reg[25]/CLK 114.105888 0.000000 28.690943 0.000000 28.690943 28.690943 rp-+
  ready_o_reg/CLK      112.338188 0.000000 27.421852 0.000000 27.421852 27.421852 rp-+
  data_o_reg[12]/CLK   112.338203 0.000000 27.416924 0.000000 27.416924 27.416924 rp-+
  data_o_reg[15]/CLK   112.338234 0.000000 27.406855 0.000000 27.406855 27.406855 rp-+
  data_o_reg[11]/CLK   112.338249 0.000000 27.402809 0.000000 27.402809 27.402809 rp-+
  data_o_reg[61]/CLK   112.338287 0.000000 27.384680 0.000000 27.384680 27.384680 rp-+
  data_o_reg[45]/CLK   112.338303 0.000000 27.376505 0.000000 27.376505 27.376505 rp-+
  data_o_reg[47]/CLK   112.338188 0.000000 27.345198 0.000000 27.345198 27.345198 rp-+
  data_o_reg[48]/CLK   112.338196 0.000000 27.341923 0.000000 27.341923 27.341923 rp-+
  data_o_reg[23]/CLK   112.335747 0.000000 27.266548 0.000000 27.266548 27.266548 rp-+
  data_o_reg[33]/CLK   112.335754 0.000000 27.262772 0.000000 27.262772 27.262772 rp-+
  data_o_reg[35]/CLK   112.335762 0.000000 27.158119 0.000000 27.158119 27.158119 rp-+
  data_o_reg[31]/CLK   112.335770 0.000000 27.155451 0.000000 27.155451 27.155451 rp-+
  data_o_reg[7]/CLK    112.335571 0.000000 27.088118 0.000000 27.088118 27.088118 rp-+
  data_o_reg[55]/CLK   112.335381 0.000000 27.062716 0.000000 27.062716 27.062716 rp-+
  rd1_Key_o_reg[4]/CLK 107.177368 0.000000 21.033590 0.000000 21.033590 21.033590 rp-+
  rd1_Key_o_reg[3]/CLK 99.540833 0.000000 15.612671 0.000000 15.612671 15.612671 rp-+
  rd1_Key_o_reg[24]/CLK 97.719803 0.000000 14.562601 0.000000 14.562601 14.562601 rp-+
  rd1_Key_o_reg[21]/CLK 34.968460 0.000000 12.273230 0.000000 12.273230 12.273230 rp-+
  data_o_reg[0]/CLK    34.968849 0.000000 12.233399 0.000000 12.233399 12.233399 rp-+
  data_o_reg[16]/CLK   34.969009 0.000000 12.156862 0.000000 12.156862 12.156862 rp-+
  data_o_reg[32]/CLK   34.968910 0.000000 12.134070 0.000000 12.134070 12.134070 rp-+
  data_o_reg[34]/CLK   34.968616 0.000000 12.096645 0.000000 12.096645 12.096645 rp-+
  data_o_reg[8]/CLK    34.968475 0.000000 12.084714 0.000000 12.084714 12.084714 rp-+
  data_o_reg[14]/CLK   34.959393 0.000000 11.907834 0.000000 11.907834 11.907834 rp-+
  data_o_reg[13]/CLK   34.959408 0.000000 11.906357 0.000000 11.906357 11.906357 rp-+
  data_o_reg[62]/CLK   34.959415 0.000000 11.905008 0.000000 11.905008 11.905008 rp-+
  data_o_reg[49]/CLK   34.962299 0.000000 11.866837 0.000000 11.866837 11.866837 rp-+
  data_o_reg[46]/CLK   34.959721 0.000000 11.851988 0.000000 11.851988 11.851988 rp-+
  data_o_reg[58]/CLK   34.948803 0.000000 11.654199 0.000000 11.654199 11.654199 rp-+
  data_o_reg[50]/CLK   34.948837 0.000000 11.650189 0.000000 11.650189 11.650189 rp-+
  rd1_Key_o_reg[7]/CLK 91.973602 0.000000 11.623775 0.000000 11.623775 11.623775 rp-+
  rd1_Key_o_reg[43]/CLK 34.814648 0.000000 10.778599 0.000000 10.778599 10.778599 rp-+
  rd1_Key_o_reg[40]/CLK 34.814648 0.000000 10.775496 0.000000 10.775496 10.775496 rp-+
  rd1_Key_o_reg[42]/CLK 34.814632 0.000000 10.759406 0.000000 10.759406 10.759406 rp-+
  rd1_Key_o_reg[22]/CLK 34.755741 0.000000 10.667982 0.000000 10.667982 10.667982 rp-+
  rd1_Key_o_reg[47]/CLK 34.755661 0.000000 10.657366 0.000000 10.657366 10.657366 rp-+
  rd1_Key_o_reg[36]/CLK 34.755024 0.000000 10.591081 0.000000 10.591081 10.591081 rp-+
  rd1_Key_o_reg[11]/CLK 34.752937 0.000000 10.489184 0.000000 10.489184 10.489184 rp-+
  rd1_Key_o_reg[13]/CLK 34.752934 0.000000 10.487058 0.000000 10.487058 10.487058 rp-+
  rd1_Key_o_reg[10]/CLK 34.742897 0.000000 10.376482 0.000000 10.376482 10.376482 rp-+
  rd1_Key_o_reg[14]/CLK 34.361328 0.000000 9.608463 0.000000 9.608463 9.608463 rp-+
  rd1_Key_o_reg[26]/CLK 84.731781 0.000000 9.522512 0.000000 9.522512 9.522512 rp-+
  rd1_Key_o_reg[12]/CLK 34.431744 0.000000 9.296170 0.000000 9.296170 9.296170 rp-+
  rd1_Key_o_reg[20]/CLK 33.871120 0.000000 8.237009 0.000000 8.237009 8.237009 rp-+
  rd1_Key_o_reg[27]/CLK 33.738007 0.000000 8.062718 0.000000 8.062718 8.062718 rp-+
  rd1_Key_o_reg[15]/CLK 33.638176 0.000000 7.934442 0.000000 7.934442 7.934442 rp-+
  rd1_Key_o_reg[0]/CLK 73.370552 0.000000 7.586041 0.000000 7.586041 7.586041 rp-+
  rd1_Key_o_reg[1]/CLK 70.055984 0.000000 7.166624 0.000000 7.166624 7.166624 rp-+
  rd1_Key_o_reg[16]/CLK 31.979292 0.000000 6.396708 0.000000 6.396708 6.396708 rp-+
  rd1_Key_o_reg[18]/CLK 31.921900 0.000000 6.308667 0.000000 6.308667 6.308667 rp-+
  rd1_Key_o_reg[5]/CLK 48.906597 0.000000 5.487580 0.000000 5.487580 5.487580 rp-+
  rd1_Key_o_reg[6]/CLK 48.908539 0.000000 5.482417 0.000000 5.482417 5.482417 rp-+
  rd1_Key_o_reg[17]/CLK 48.923164 0.000000 5.439546 0.000000 5.439546 5.439546 rp-+
  rd1_Key_o_reg[19]/CLK 48.934097 0.000000 5.399737 0.000000 5.399737 5.399737 rp-+
  rd1_Key_o_reg[8]/CLK 48.937057 0.000000 5.387143 0.000000 5.387143 5.387143 rp-+
  rd1_Key_o_reg[2]/CLK 48.947811 0.000000 5.333866 0.000000 5.333866 5.333866 rp-+
  rd1_Key_o_reg[23]/CLK 29.697186 0.000000 4.998974 0.000000 4.998974 4.998974 rp-+
  data_o_reg[10]/CLK   41.592842 0.000000 4.524035 0.000000 4.524035 4.524035 rp-+
  data_o_reg[52]/CLK   28.338120 0.000000 4.308826 0.000000 4.308826 4.308826 rp-+
  data_o_reg[57]/CLK   27.936941 0.000000 4.152484 0.000000 4.152484 4.152484 rp-+
  data_o_reg[6]/CLK    27.674107 0.000000 4.085674 0.000000 4.085674 4.085674 rp-+
  data_o_reg[20]/CLK   27.673990 0.000000 4.080883 0.000000 4.080883 4.080883 rp-+
  data_o_reg[22]/CLK   28.044861 0.000000 3.917700 0.000000 3.917700 3.917700 rp-+
  data_o_reg[44]/CLK   28.045015 0.000000 3.913338 0.000000 3.913338 3.913338 rp-+
  data_o_reg[2]/CLK    28.046230 0.000000 3.858440 0.000000 3.858440 3.858440 rp-+
  data_o_reg[5]/CLK    27.825882 0.000000 3.805116 0.000000 3.805116 3.805116 rp-+
  data_o_reg[41]/CLK   33.286522 0.000000 3.777238 0.000000 3.777238 3.777238 rp-+
  data_o_reg[60]/CLK   27.866774 0.000000 3.763479 0.000000 3.763479 3.763479 rp-+
  data_o_reg[26]/CLK   32.347874 0.000000 3.703309 0.000000 3.703309 3.703309 rp-+
  data_o_reg[42]/CLK   27.942577 0.000000 3.657887 0.000000 3.657887 3.657887 rp-+
  data_o_reg[30]/CLK   27.927608 0.000000 3.511678 0.000000 3.511678 3.511678 rp-+
  data_o_reg[56]/CLK   27.907349 0.000000 3.357611 0.000000 3.357611 3.357611 rp-+
  data_o_reg[38]/CLK   23.347593 0.000000 2.850996 0.000000 2.850996 2.850996 rp-+
  data_o_reg[19]/CLK   23.347181 0.000000 2.840610 0.000000 2.840610 2.840610 rp-+
  data_o_reg[29]/CLK   17.899935 0.000000 1.930535 0.000000 1.930535 1.930535 rp-+
  stage1_iter_reg[2]/CLK 0.000000 0.000000 -73.199997 0.000000 -73.199997 -73.199997 r-+
----------------------------------------------------------------------------

1
