****************************************
Report : clock timing
	-type latency
	-capture
	-nworst 123
	-setup
	-variation
Design : des
Version: U-2022.12-SP5-1-VAL-20231129
Date   : Tue Jul 29 17:04:10 2025
****************************************

  Clock: clk
  Sigma: 3.0

                                  ............ Latency ............
                                                   --- Total ---
  Clock Pin            Trans   Source  Network Sensit  Mean    Quant
----------------------------------------------------------------------------
  stage1_iter_reg[2]/CLK 0.000000 0.000000 -73.199997 0.000000 -73.199997 -73.199997 r-+
  data_o_reg[29]/CLK   10.188319 0.000000 0.738372 0.000000 0.738372 0.738372 rp-+
  data_o_reg[19]/CLK   14.944431 0.000000 1.139387 0.000000 1.139387 1.139387 rp-+
  data_o_reg[38]/CLK   14.784816 0.000000 1.147867 0.000000 1.147867 1.147867 rp-+
  data_o_reg[56]/CLK   18.841137 0.000000 1.429832 0.000000 1.429832 1.429832 rp-+
  data_o_reg[30]/CLK   18.870861 0.000000 1.547910 0.000000 1.547910 1.547910 rp-+
  data_o_reg[26]/CLK   22.589012 0.000000 1.557133 0.000000 1.557133 1.557133 rp-+
  data_o_reg[41]/CLK   23.312716 0.000000 1.595003 0.000000 1.595003 1.595003 rp-+
  data_o_reg[42]/CLK   18.891138 0.000000 1.665587 0.000000 1.665587 1.665587 rp-+
  data_o_reg[20]/CLK   18.531792 0.000000 1.718933 0.000000 1.718933 1.718933 rp-+
  data_o_reg[6]/CLK    18.531969 0.000000 1.723055 0.000000 1.723055 1.723055 rp-+
  data_o_reg[60]/CLK   18.895449 0.000000 1.749052 0.000000 1.749052 1.749052 rp-+
  data_o_reg[57]/CLK   18.761532 0.000000 1.752892 0.000000 1.752892 1.752892 rp-+
  data_o_reg[5]/CLK    18.895674 0.000000 1.781232 0.000000 1.781232 1.781232 rp-+
  data_o_reg[2]/CLK    18.894611 0.000000 1.821911 0.000000 1.821911 1.821911 rp-+
  data_o_reg[52]/CLK   19.115366 0.000000 1.846236 0.000000 1.846236 1.846236 rp-+
  data_o_reg[44]/CLK   18.892252 0.000000 1.863289 0.000000 1.863289 1.863289 rp-+
  data_o_reg[22]/CLK   18.891968 0.000000 1.866548 0.000000 1.866548 1.866548 rp-+
  data_o_reg[10]/CLK   30.270912 0.000000 2.033028 0.000000 2.033028 2.033028 rp-+
  rd1_Key_o_reg[23]/CLK 20.468859 0.000000 2.321599 0.000000 2.321599 2.321599 rp-+
  rd1_Key_o_reg[2]/CLK 36.157681 0.000000 2.600155 0.000000 2.600155 2.600155 rp-+
  rd1_Key_o_reg[8]/CLK 36.157112 0.000000 2.644881 0.000000 2.644881 2.644881 rp-+
  rd1_Key_o_reg[19]/CLK 36.156460 0.000000 2.655054 0.000000 2.655054 2.655054 rp-+
  rd1_Key_o_reg[17]/CLK 36.154919 0.000000 2.688320 0.000000 2.688320 2.688320 rp-+
  rd1_Key_o_reg[6]/CLK 36.152508 0.000000 2.724396 0.000000 2.724396 2.724396 rp-+
  rd1_Key_o_reg[5]/CLK 36.143879 0.000000 2.728637 0.000000 2.728637 2.728637 rp-+
  rd1_Key_o_reg[18]/CLK 22.424198 0.000000 3.577023 0.000000 3.577023 3.577023 rp-+
  rd1_Key_o_reg[16]/CLK 22.482851 0.000000 3.646848 0.000000 3.646848 3.646848 rp-+
  rd1_Key_o_reg[1]/CLK 53.089382 0.000000 3.937577 0.000000 3.937577 3.937577 rp-+
  rd1_Key_o_reg[0]/CLK 56.279305 0.000000 4.337727 0.000000 4.337727 4.337727 rp-+
  rd1_Key_o_reg[15]/CLK 24.038454 0.000000 5.406458 0.000000 5.406458 5.406458 rp-+
  rd1_Key_o_reg[27]/CLK 24.151966 0.000000 5.555617 0.000000 5.555617 5.555617 rp-+
  rd1_Key_o_reg[20]/CLK 24.304888 0.000000 5.758437 0.000000 5.758437 5.758437 rp-+
  rd1_Key_o_reg[26]/CLK 65.484131 0.000000 6.454373 0.000000 6.454373 6.454373 rp-+
  rd1_Key_o_reg[12]/CLK 24.971712 0.000000 6.776351 0.000000 6.776351 6.776351 rp-+
  rd1_Key_o_reg[14]/CLK 25.103458 0.000000 7.039484 0.000000 7.039484 7.039484 rp-+
  rd1_Key_o_reg[10]/CLK 25.353451 0.000000 7.680330 0.000000 7.680330 7.680330 rp-+
  rd1_Key_o_reg[13]/CLK 25.373528 0.000000 7.769705 0.000000 7.769705 7.769705 rp-+
  rd1_Key_o_reg[11]/CLK 25.373558 0.000000 7.771399 0.000000 7.771399 7.771399 rp-+
  rd1_Key_o_reg[36]/CLK 25.376575 0.000000 7.852673 0.000000 7.852673 7.852673 rp-+
  rd1_Key_o_reg[47]/CLK 25.376997 0.000000 7.905531 0.000000 7.905531 7.905531 rp-+
  rd1_Key_o_reg[22]/CLK 25.376995 0.000000 7.913998 0.000000 7.913998 7.913998 rp-+
  rd1_Key_o_reg[42]/CLK 25.449335 0.000000 7.995610 0.000000 7.995610 7.995610 rp-+
  rd1_Key_o_reg[40]/CLK 25.449183 0.000000 8.008435 0.000000 8.008435 8.008435 rp-+
  rd1_Key_o_reg[43]/CLK 25.449146 0.000000 8.010907 0.000000 8.010907 8.010907 rp-+
  rd1_Key_o_reg[7]/CLK 71.530258 0.000000 8.591082 0.000000 8.591082 8.591082 rp-+
  data_o_reg[50]/CLK   25.583332 0.000000 8.722078 0.000000 8.722078 8.722078 rp-+
  data_o_reg[58]/CLK   25.583130 0.000000 8.725278 0.000000 8.725278 8.725278 rp-+
  data_o_reg[46]/CLK   25.587042 0.000000 8.884111 0.000000 8.884111 8.884111 rp-+
  data_o_reg[49]/CLK   25.589304 0.000000 8.896169 0.000000 8.896169 8.896169 rp-+
  data_o_reg[62]/CLK   25.584511 0.000000 8.926407 0.000000 8.926407 8.926407 rp-+
  data_o_reg[13]/CLK   25.584444 0.000000 8.927483 0.000000 8.927483 8.927483 rp-+
  data_o_reg[14]/CLK   25.584366 0.000000 8.928660 0.000000 8.928660 8.928660 rp-+
  data_o_reg[8]/CLK    25.587158 0.000000 9.070453 0.000000 9.070453 9.070453 rp-+
  data_o_reg[34]/CLK   25.586834 0.000000 9.079976 0.000000 9.079976 9.079976 rp-+
  data_o_reg[32]/CLK   25.585674 0.000000 9.109835 0.000000 9.109835 9.109835 rp-+
  data_o_reg[16]/CLK   25.584892 0.000000 9.128011 0.000000 9.128011 9.128011 rp-+
  data_o_reg[0]/CLK    25.581795 0.000000 9.188996 0.000000 9.188996 9.188996 rp-+
  rd1_Key_o_reg[21]/CLK 25.579897 0.000000 9.220704 0.000000 9.220704 9.220704 rp-+
  rd1_Key_o_reg[24]/CLK 76.393753 0.000000 11.167892 0.000000 11.167892 11.167892 rp-+
  rd1_Key_o_reg[3]/CLK 77.952499 0.000000 11.995260 0.000000 11.995260 11.995260 rp-+
  rd1_Key_o_reg[4]/CLK 84.587227 0.000000 16.499941 0.000000 16.499941 16.499941 rp-+
  data_o_reg[55]/CLK   89.102188 0.000000 21.376108 0.000000 21.376108 21.376108 rp-+
  data_o_reg[7]/CLK    89.102837 0.000000 21.396420 0.000000 21.396420 21.396420 rp-+
  data_o_reg[31]/CLK   89.104515 0.000000 21.450270 0.000000 21.450270 21.450270 rp-+
  data_o_reg[35]/CLK   89.104584 0.000000 21.452402 0.000000 21.452402 21.452402 rp-+
  data_o_reg[33]/CLK   89.104774 0.000000 21.458683 0.000000 21.458683 21.458683 rp-+
  data_o_reg[23]/CLK   89.104858 0.000000 21.461212 0.000000 21.461212 21.461212 rp-+
  data_o_reg[48]/CLK   89.107521 0.000000 21.594965 0.000000 21.594965 21.594965 rp-+
  data_o_reg[47]/CLK   89.107597 0.000000 21.597569 0.000000 21.597569 21.597569 rp-+
  data_o_reg[45]/CLK   89.108360 0.000000 21.622438 0.000000 21.622438 21.622438 rp-+
  data_o_reg[61]/CLK   89.108559 0.000000 21.628935 0.000000 21.628935 21.628935 rp-+
  data_o_reg[11]/CLK   89.108986 0.000000 21.643339 0.000000 21.643339 21.643339 rp-+
  data_o_reg[15]/CLK   89.109077 0.000000 21.646553 0.000000 21.646553 21.646553 rp-+
  data_o_reg[12]/CLK   89.109322 0.000000 21.654552 0.000000 21.654552 21.654552 rp-+
  ready_o_reg/CLK      89.109444 0.000000 21.658468 0.000000 21.658468 21.658468 rp-+
  rd1_Key_o_reg[25]/CLK 90.623863 0.000000 22.711843 0.000000 22.711843 22.711843 rp-+
  rd1_Key_o_reg[37]/CLK 91.539421 0.000000 23.831717 0.000000 23.831717 23.831717 rp-+
  rd1_Key_o_reg[38]/CLK 91.517265 0.000000 23.925636 0.000000 23.925636 23.925636 rp-+
  rd1_Key_o_reg[39]/CLK 91.516708 0.000000 23.927435 0.000000 23.927435 23.927435 rp-+
  rd1_Key_o_reg[34]/CLK 91.511902 0.000000 23.942343 0.000000 23.942343 23.942343 rp-+
  rd1_Key_o_reg[55]/CLK 92.701729 0.000000 25.133739 0.000000 25.133739 25.133739 rp-+
  rd1_Key_o_reg[54]/CLK 94.595047 0.000000 27.563633 0.000000 27.563633 27.563633 rp-+
  rd1_Key_o_reg[32]/CLK 94.582779 0.000000 27.585575 0.000000 27.585575 27.585575 rp-+
  rd1_Key_o_reg[48]/CLK 95.089951 0.000000 28.217026 0.000000 28.217026 28.217026 rp-+
  rd1_Key_o_reg[28]/CLK 95.776939 0.000000 29.155653 0.000000 29.155653 29.155653 rp-+
  rd1_Key_o_reg[31]/CLK 97.149460 0.000000 30.984711 0.000000 30.984711 30.984711 rp-+
  rd1_Key_o_reg[50]/CLK 97.149239 0.000000 30.985220 0.000000 30.985220 30.985220 rp-+
  rd1_Key_o_reg[52]/CLK 97.464172 0.000000 31.415255 0.000000 31.415255 31.415255 rp-+
  rd1_Key_o_reg[53]/CLK 97.630493 0.000000 31.645555 0.000000 31.645555 31.645555 rp-+
  rd1_Key_o_reg[51]/CLK 97.913658 0.000000 32.051590 0.000000 32.051590 32.051590 rp-+
  rd1_Key_o_reg[33]/CLK 98.244598 0.000000 32.532806 0.000000 32.532806 32.532806 rp-+
  data_o_reg[43]/CLK   99.090256 0.000000 33.813400 0.000000 33.813400 33.813400 rp-+
  data_o_reg[3]/CLK    99.821243 0.000000 35.005066 0.000000 35.005066 35.005066 rp-+
  data_o_reg[63]/CLK   100.124924 0.000000 35.584328 0.000000 35.584328 35.584328 rp-+
  data_o_reg[1]/CLK    100.700371 0.000000 36.875004 0.000000 36.875004 36.875004 rp-+
  data_o_reg[51]/CLK   100.982231 0.000000 37.613838 0.000000 37.613838 37.613838 rp-+
  data_o_reg[9]/CLK    101.227097 0.000000 38.372910 0.000000 38.372910 38.372910 rp-+
  data_o_reg[59]/CLK   101.293266 0.000000 38.605888 0.000000 38.605888 38.605888 rp-+
  data_o_reg[54]/CLK   101.369255 0.000000 38.865963 0.000000 38.865963 38.865963 rp-+
  data_o_reg[17]/CLK   101.386230 0.000000 38.933044 0.000000 38.933044 38.933044 rp-+
  data_o_reg[28]/CLK   101.527557 0.000000 39.499256 0.000000 39.499256 39.499256 rp-+
  data_o_reg[39]/CLK   101.616364 0.000000 39.912449 0.000000 39.912449 39.912449 rp-+
  data_o_reg[27]/CLK   101.721008 0.000000 40.532780 0.000000 40.532780 40.532780 rp-+
  data_o_reg[40]/CLK   101.720688 0.000000 40.544884 0.000000 40.544884 40.544884 rp-+
  data_o_reg[4]/CLK    101.859306 0.000000 41.842625 0.000000 41.842625 41.842625 rp-+
  data_o_reg[18]/CLK   101.859169 0.000000 41.853569 0.000000 41.853569 41.853569 rp-+
  data_o_reg[53]/CLK   101.858170 0.000000 41.932426 0.000000 41.932426 41.932426 rp-+
  data_o_reg[25]/CLK   101.858055 0.000000 41.939762 0.000000 41.939762 41.939762 rp-+
  data_o_reg[21]/CLK   101.857704 0.000000 41.962177 0.000000 41.962177 41.962177 rp-+
  data_o_reg[37]/CLK   101.857697 0.000000 41.962841 0.000000 41.962841 41.962841 rp-+
  rd1_Key_o_reg[29]/CLK 101.879478 0.000000 42.154060 0.000000 42.154060 42.154060 rp-+
  rd1_Key_o_reg[30]/CLK 101.879097 0.000000 42.177971 0.000000 42.177971 42.177971 rp-+
  rd1_Key_o_reg[41]/CLK 101.888069 0.000000 42.383076 0.000000 42.383076 42.383076 rp-+
  rd1_Key_o_reg[44]/CLK 101.907707 0.000000 42.583645 0.000000 42.583645 42.583645 rp-+
  rd1_Key_o_reg[35]/CLK 101.903847 0.000000 42.697723 0.000000 42.697723 42.697723 rp-+
  rd1_Key_o_reg[49]/CLK 101.903702 0.000000 42.701111 0.000000 42.701111 42.701111 rp-+
  rd1_Key_o_reg[9]/CLK 101.901772 0.000000 42.743351 0.000000 42.743351 42.743351 rp-+
  rd1_Key_o_reg[45]/CLK 101.901054 0.000000 42.758286 0.000000 42.758286 42.758286 rp-+
  rd1_Key_o_reg[46]/CLK 101.855560 0.000000 43.191601 0.000000 43.191601 43.191601 rp-+
  data_ready_reg/CLK   101.818642 0.000000 43.350243 0.000000 43.350243 43.350243 rp-+
  data_o_reg[24]/CLK   101.785164 0.000000 44.012623 0.000000 44.012623 44.012623 rp-+
  data_o_reg[36]/CLK   101.781174 0.000000 44.029991 0.000000 44.029991 44.029991 rp-+
----------------------------------------------------------------------------

1
