****************************************
Report : clock timing
	-type latency
	-capture
	-nworst 496
	-setup
	-variation
Design : aes
Version: U-2022.12-SP5-1-VAL-20231129
Date   : Tue Jul 29 17:02:44 2025
****************************************

  Clock: clk
  Sigma: 3.0

                                  ............ Latency ............
                                                   --- Total ---
  Clock Pin            Trans   Source  Network Sensit  Mean    Quant
----------------------------------------------------------------------------
  addroundkey_round_reg[1]/CLK 0.000000 0.000000 -63.400002 0.000000 -63.400002 -63.400002 r-+
  sub1_state_reg[3]/CLK 0.000000 0.000000 -62.599998 0.000000 -62.599998 -62.599998 r-+
  addroundkey_round_reg[3]/CLK 0.000000 0.000000 -59.500000 0.000000 -59.500000 -59.500000 r-+
  round_reg[0]/CLK     0.000000 0.000000 -59.299999 0.000000 -59.299999 -59.299999 r-+
  addroundkey_round_reg[2]/CLK 0.000000 0.000000 -57.700001 0.000000 -57.700001 -57.700001 r-+
  sub1_state_reg[2]/CLK 0.000000 0.000000 -56.799999 0.000000 -56.799999 -56.799999 r-+
  sub1_state_reg[0]/CLK 0.000000 0.000000 -56.599998 0.000000 -56.599998 -56.599998 r-+
  addroundkey_round_reg[0]/CLK 0.000000 0.000000 -53.799999 0.000000 -53.799999 -53.799999 r-+
  round_reg[1]/CLK     0.000000 0.000000 -53.099998 0.000000 -53.099998 -53.099998 r-+
  mix1_state_reg[1]/CLK 0.000000 0.000000 -49.200001 0.000000 -49.200001 -49.200001 r-+
  addroundkey_start_i_reg/CLK 0.000000 0.000000 -47.700001 0.000000 -47.700001 -47.700001 r-+
  round_reg[2]/CLK     0.000000 0.000000 -47.500000 0.000000 -47.500000 -47.500000 r-+
  ks1_ready_o_reg/CLK  0.000000 0.000000 -39.400002 0.000000 -39.400002 -39.400002 r-+
  addroundkey_ready_o_reg/CLK 0.000000 0.000000 -29.400000 0.000000 -29.400000 -29.400000 r-+
  addroundkey_data_reg_reg[64]/CLK 9.704165 0.000000 0.484490 0.000000 0.484490 0.484490 rp-+
  addroundkey_data_reg_reg[16]/CLK 31.646336 0.000000 0.770059 0.000000 0.770059 0.770059 rp-+
  addroundkey_data_reg_reg[2]/CLK 43.652229 0.000000 0.936453 0.000000 0.936453 0.936453 rp-+
  addroundkey_data_reg_reg[116]/CLK 43.654800 0.000000 0.946588 0.000000 0.946588 0.946588 rp-+
  addroundkey_data_reg_reg[94]/CLK 43.660446 0.000000 0.969038 0.000000 0.969038 0.969038 rp-+
  ks1_key_reg_reg[10]/CLK 83.398727 0.000000 1.462719 0.000000 1.462719 1.462719 rp-+
  ks1_key_reg_reg[74]/CLK 83.403778 0.000000 1.469227 0.000000 1.469227 1.469227 rp-+
  ks1_key_reg_reg[42]/CLK 105.870018 0.000000 1.729625 0.000000 1.729625 1.729625 rp-+
  addroundkey_data_reg_reg[30]/CLK 166.727005 0.000000 3.584494 0.000000 3.584494 3.584494 rp-+
  addroundkey_data_reg_reg[50]/CLK 189.983093 0.000000 4.413786 0.000000 4.413786 4.413786 rp-+
  sub1_data_reg_reg[0]/CLK 224.852905 0.000000 6.231992 0.000000 6.231992 6.231992 rp-+
  addroundkey_data_reg_reg[42]/CLK 224.855392 0.000000 6.238717 0.000000 6.238717 6.238717 rp-+
  sub1_data_reg_reg[70]/CLK 224.865356 0.000000 6.268174 0.000000 6.268174 6.268174 rp-+
  sub1_data_reg_reg[102]/CLK 224.871292 0.000000 6.284974 0.000000 6.284974 6.284974 rp-+
  sub1_data_reg_reg[52]/CLK 224.876007 0.000000 6.296810 0.000000 6.296810 6.296810 rp-+
  sub1_data_reg_reg[84]/CLK 224.880142 0.000000 6.308077 0.000000 6.308077 6.308077 rp-+
  addroundkey_data_reg_reg[10]/CLK 268.899536 0.000000 9.053241 0.000000 9.053241 9.053241 rp-+
  mix1_data_o_reg_reg[46]/CLK 291.418640 0.000000 11.071496 0.000000 11.071496 11.071496 rp-+
  mix1_data_o_reg_reg[36]/CLK 310.734863 0.000000 13.418463 0.000000 13.418463 13.418463 rp-+
  mix1_data_reg_reg[46]/CLK 325.695099 0.000000 15.094688 0.000000 15.094688 15.094688 rp-+
  mix1_data_reg_reg[36]/CLK 325.695160 0.000000 15.097602 0.000000 15.097602 15.097602 rp-+
  mix1_data_o_reg_reg[22]/CLK 325.695587 0.000000 15.144275 0.000000 15.144275 15.144275 rp-+
  mix1_data_o_reg_reg[110]/CLK 325.695587 0.000000 15.145015 0.000000 15.145015 15.145015 rp-+
  sub1_data_reg_reg[6]/CLK 325.695618 0.000000 15.148738 0.000000 15.148738 15.148738 rp-+
  mix1_data_reg_reg[110]/CLK 393.388763 0.000000 24.433842 0.000000 24.433842 24.433842 rp-+
  mix1_data_o_reg_reg[70]/CLK 426.363190 0.000000 29.040661 0.000000 29.040661 29.040661 rp-+
  addroundkey_data_reg_reg[40]/CLK 426.349762 0.000000 29.049881 0.000000 29.049881 29.049881 rp-+
  addroundkey_data_reg_reg[126]/CLK 426.313019 0.000000 29.074732 0.000000 29.074732 29.074732 rp-+
  addroundkey_data_reg_reg[74]/CLK 426.310486 0.000000 29.076431 0.000000 29.076431 29.076431 rp-+
  mix1_data_reg_reg[70]/CLK 439.360657 0.000000 30.856194 0.000000 30.856194 30.856194 rp-+
  mix1_data_o_reg_reg[102]/CLK 454.119324 0.000000 33.019592 0.000000 33.019592 33.019592 rp-+
  addroundkey_data_reg_reg[110]/CLK 462.226471 0.000000 34.661503 0.000000 34.661503 34.661503 rp-+
  ks1_key_reg_reg[104]/CLK 463.155334 0.000000 36.861221 0.000000 36.861221 36.861221 rp-+
  mix1_data_reg_reg[102]/CLK 490.582031 0.000000 37.734161 0.000000 37.734161 37.734161 rp-+
  addroundkey_data_reg_reg[52]/CLK 463.530060 0.000000 37.988323 0.000000 37.988323 37.988323 rp-+
  addroundkey_data_reg_reg[96]/CLK 463.529297 0.000000 37.998150 0.000000 37.998150 37.998150 rp-+
  ks1_key_reg_reg[0]/CLK 463.675934 0.000000 38.096565 0.000000 38.096565 38.096565 rp-+
  ks1_key_reg_reg[110]/CLK 463.557343 0.000000 38.201019 0.000000 38.201019 38.201019 rp-+
  ks1_col_reg[30]/CLK  463.572388 0.000000 38.346844 0.000000 38.346844 38.346844 rp-+
  addroundkey_data_reg_reg[46]/CLK 463.586304 0.000000 38.494133 0.000000 38.494133 38.494133 rp-+
  addroundkey_data_reg_reg[102]/CLK 463.605408 0.000000 38.714333 0.000000 38.714333 38.714333 rp-+
  addroundkey_data_reg_reg[114]/CLK 463.605347 0.000000 38.717831 0.000000 38.717831 38.717831 rp-+
  ks1_key_reg_reg[126]/CLK 463.963013 0.000000 38.735367 0.000000 38.735367 38.735367 rp-+
  addroundkey_data_reg_reg[70]/CLK 463.619110 0.000000 38.823334 0.000000 38.823334 38.823334 rp-+
  ks1_col_reg[20]/CLK  463.621307 0.000000 38.847481 0.000000 38.847481 38.847481 rp-+
  ks1_col_reg[0]/CLK   463.628479 0.000000 38.914547 0.000000 38.914547 38.914547 rp-+
  addroundkey_data_reg_reg[12]/CLK 463.651642 0.000000 39.141304 0.000000 39.141304 39.141304 rp-+
  ks1_key_reg_reg[32]/CLK 464.174622 0.000000 39.198212 0.000000 39.198212 39.198212 rp-+
  ks1_key_reg_reg[8]/CLK 463.737854 0.000000 39.206955 0.000000 39.206955 39.206955 rp-+
  addroundkey_data_reg_reg[48]/CLK 502.094971 0.000000 39.291386 0.000000 39.291386 39.291386 rp-+
  ks1_col_reg[18]/CLK  463.773071 0.000000 39.511631 0.000000 39.511631 39.511631 rp-+
  ks1_col_reg[6]/CLK   463.773193 0.000000 39.513145 0.000000 39.513145 39.513145 rp-+
  ks1_key_reg_reg[98]/CLK 463.781158 0.000000 39.583412 0.000000 39.583412 39.583412 rp-+
  ks1_key_reg_reg[6]/CLK 463.781281 0.000000 39.584435 0.000000 39.584435 39.584435 rp-+
  ks1_key_reg_reg[50]/CLK 463.784424 0.000000 39.609783 0.000000 39.609783 39.609783 rp-+
  ks1_key_reg_reg[70]/CLK 463.788757 0.000000 39.648739 0.000000 39.648739 39.648739 rp-+
  ks1_key_reg_reg[62]/CLK 463.791260 0.000000 39.671875 0.000000 39.671875 39.671875 rp-+
  ks1_key_reg_reg[40]/CLK 463.794434 0.000000 39.699677 0.000000 39.699677 39.699677 rp-+
  ks1_key_reg_reg[66]/CLK 463.794434 0.000000 39.699890 0.000000 39.699890 39.699890 rp-+
  mix1_data_reg_reg[118]/CLK 505.481537 0.000000 39.756897 0.000000 39.756897 39.756897 rp-+
  ks1_key_reg_reg[48]/CLK 464.522156 0.000000 40.045849 0.000000 40.045849 40.045849 rp-+
  ks1_key_reg_reg[16]/CLK 464.540863 0.000000 40.082863 0.000000 40.082863 40.082863 rp-+
  ks1_key_reg_reg[64]/CLK 464.611572 0.000000 40.255795 0.000000 40.255795 40.255795 rp-+
  addroundkey_data_reg_reg[84]/CLK 464.716492 0.000000 40.377773 0.000000 40.377773 40.377773 rp-+
  ready_o_reg/CLK      464.716614 0.000000 40.379250 0.000000 40.379250 40.379250 rp-+
  addroundkey_data_reg_reg[78]/CLK 465.059601 0.000000 41.159218 0.000000 41.159218 41.159218 rp-+
  mix1_data_o_reg_reg[12]/CLK 516.566711 0.000000 41.285229 0.000000 41.285229 41.285229 rp-+
  addroundkey_data_reg_reg[44]/CLK 465.141144 0.000000 41.409023 0.000000 41.409023 41.409023 rp-+
  addroundkey_data_reg_reg[76]/CLK 465.283386 0.000000 41.854637 0.000000 41.854637 41.854637 rp-+
  addroundkey_data_reg_reg[60]/CLK 465.373627 0.000000 42.159748 0.000000 42.159748 42.159748 rp-+
  ks1_key_reg_reg[116]/CLK 465.417297 0.000000 42.306786 0.000000 42.306786 42.306786 rp-+
  addroundkey_data_reg_reg[6]/CLK 516.475647 0.000000 42.353275 0.000000 42.353275 42.353275 rp-+
  mix1_data_reg_reg[76]/CLK 516.475708 0.000000 42.354206 0.000000 42.354206 42.354206 rp-+
  addroundkey_data_reg_reg[8]/CLK 516.566589 0.000000 42.522781 0.000000 42.522781 42.522781 rp-+
  ks1_key_reg_reg[94]/CLK 465.512024 0.000000 42.649426 0.000000 42.649426 42.649426 rp-+
  ks1_key_reg_reg[20]/CLK 465.546722 0.000000 42.780128 0.000000 42.780128 42.780128 rp-+
  ks1_key_reg_reg[52]/CLK 465.687653 0.000000 43.152447 0.000000 43.152447 43.152447 rp-+
  ks1_key_reg_reg[102]/CLK 465.691345 0.000000 43.178337 0.000000 43.178337 43.178337 rp-+
  ks1_key_reg_reg[96]/CLK 465.695923 0.000000 43.210278 0.000000 43.210278 43.210278 rp-+
  ks1_key_reg_reg[84]/CLK 465.700348 0.000000 43.215919 0.000000 43.215919 43.215919 rp-+
  ks1_key_reg_reg[2]/CLK 465.698547 0.000000 43.228485 0.000000 43.228485 43.228485 rp-+
  ks1_key_reg_reg[30]/CLK 465.699127 0.000000 43.232510 0.000000 43.232510 43.232510 rp-+
  ks1_key_reg_reg[44]/CLK 465.718048 0.000000 43.308830 0.000000 43.308830 43.308830 rp-+
  ks1_key_reg_reg[76]/CLK 465.741089 0.000000 43.424805 0.000000 43.424805 43.424805 rp-+
  mix1_data_reg_reg[44]/CLK 517.170837 0.000000 43.587585 0.000000 43.587585 43.587585 rp-+
  ks1_key_reg_reg[12]/CLK 465.775696 0.000000 43.595623 0.000000 43.595623 43.595623 rp-+
  ks1_key_reg_reg[60]/CLK 465.825134 0.000000 43.837330 0.000000 43.837330 43.837330 rp-+
  ks1_key_reg_reg[78]/CLK 465.829437 0.000000 43.858795 0.000000 43.858795 43.858795 rp-+
  ks1_key_reg_reg[114]/CLK 465.882690 0.000000 44.106937 0.000000 44.106937 44.106937 rp-+
  ks1_key_reg_reg[28]/CLK 465.884247 0.000000 44.114662 0.000000 44.114662 44.114662 rp-+
  ks1_key_reg_reg[46]/CLK 465.908875 0.000000 44.227291 0.000000 44.227291 44.227291 rp-+
  ks1_key_reg_reg[14]/CLK 465.926453 0.000000 44.309956 0.000000 44.309956 44.309956 rp-+
  ks1_key_reg_reg[34]/CLK 465.941742 0.000000 44.382507 0.000000 44.382507 44.382507 rp-+
  ks1_key_reg_reg[72]/CLK 465.956482 0.000000 44.452858 0.000000 44.452858 44.452858 rp-+
  ks1_key_reg_reg[82]/CLK 465.961243 0.000000 44.475910 0.000000 44.475910 44.475910 rp-+
  ks1_key_reg_reg[18]/CLK 465.961731 0.000000 44.478134 0.000000 44.478134 44.478134 rp-+
  ks1_key_reg_reg[92]/CLK 465.965302 0.000000 44.495377 0.000000 44.495377 44.495377 rp-+
  addroundkey_data_reg_reg[34]/CLK 465.964233 0.000000 44.519676 0.000000 44.519676 44.519676 rp-+
  addroundkey_data_reg_reg[0]/CLK 517.946045 0.000000 45.379852 0.000000 45.379852 45.379852 rp-+
  mix1_data_reg_reg[108]/CLK 517.978394 0.000000 45.465488 0.000000 45.465488 45.465488 rp-+
  mix1_data_o_reg_reg[108]/CLK 518.326904 0.000000 46.449219 0.000000 46.449219 46.449219 rp-+
  mix1_data_o_reg_reg[76]/CLK 518.327148 0.000000 46.453510 0.000000 46.453510 46.453510 rp-+
  mix1_data_reg_reg[78]/CLK 561.117981 0.000000 46.607212 0.000000 46.607212 46.607212 rp-+
  mix1_data_reg_reg[86]/CLK 561.094177 0.000000 46.619488 0.000000 46.619488 46.619488 rp-+
  mix1_data_o_reg_reg[86]/CLK 561.793030 0.000000 46.695786 0.000000 46.695786 46.695786 rp-+
  mix1_data_o_reg_reg[14]/CLK 565.577271 0.000000 47.127419 0.000000 47.127419 47.127419 rp-+
  addroundkey_data_reg_reg[98]/CLK 518.521423 0.000000 47.214851 0.000000 47.214851 47.214851 rp-+
  ks1_col_reg[2]/CLK   518.676453 0.000000 47.795689 0.000000 47.795689 47.795689 rp-+
  ks1_key_reg_reg[38]/CLK 518.773254 0.000000 48.979214 0.000000 48.979214 48.979214 rp-+
  ks1_col_reg[28]/CLK  518.777100 0.000000 49.057369 0.000000 49.057369 49.057369 rp-+
  addroundkey_data_reg_reg[28]/CLK 518.783569 0.000000 50.045792 0.000000 50.045792 50.045792 rp-+
  addroundkey_data_reg_reg[14]/CLK 518.783203 0.000000 50.054310 0.000000 50.054310 50.054310 rp-+
  mix1_data_o_reg_reg[118]/CLK 592.679016 0.000000 50.437340 0.000000 50.437340 50.437340 rp-+
  addroundkey_data_reg_reg[92]/CLK 518.756958 0.000000 50.596657 0.000000 50.596657 50.596657 rp-+
  addroundkey_data_reg_reg[36]/CLK 518.728210 0.000000 50.911484 0.000000 50.911484 50.911484 rp-+
  addroundkey_data_reg_reg[54]/CLK 518.564392 0.000000 52.147556 0.000000 52.147556 52.147556 rp-+
  addroundkey_data_reg_reg[108]/CLK 518.553406 0.000000 52.759911 0.000000 52.759911 52.759911 rp-+
  addroundkey_data_reg_reg[86]/CLK 518.510071 0.000000 53.066933 0.000000 53.066933 53.066933 rp-+
  addroundkey_data_reg_reg[118]/CLK 518.475891 0.000000 53.297588 0.000000 53.297588 53.297588 rp-+
  addroundkey_data_reg_reg[124]/CLK 518.382019 0.000000 53.915874 0.000000 53.915874 53.915874 rp-+
  addroundkey_data_reg_reg[100]/CLK 518.371399 0.000000 53.985954 0.000000 53.985954 53.985954 rp-+
  addroundkey_data_reg_reg[56]/CLK 518.363281 0.000000 54.040890 0.000000 54.040890 54.040890 rp-+
  ks1_col_reg[22]/CLK  518.363037 0.000000 54.042660 0.000000 54.042660 54.042660 rp-+
  addroundkey_data_reg_reg[68]/CLK 518.357239 0.000000 54.080853 0.000000 54.080853 54.080853 rp-+
  addroundkey_data_reg_reg[22]/CLK 518.356812 0.000000 54.083611 0.000000 54.083611 54.083611 rp-+
  addroundkey_data_reg_reg[38]/CLK 518.356384 0.000000 54.086330 0.000000 54.086330 54.086330 rp-+
  ks1_key_reg_reg[118]/CLK 518.344055 0.000000 54.093697 0.000000 54.093697 54.093697 rp-+
  ks1_key_reg_reg[56]/CLK 518.352905 0.000000 54.106037 0.000000 54.106037 54.106037 rp-+
  addroundkey_data_reg_reg[24]/CLK 518.344421 0.000000 54.160301 0.000000 54.160301 54.160301 rp-+
  ks1_key_reg_reg[24]/CLK 518.340881 0.000000 54.182693 0.000000 54.182693 54.182693 rp-+
  addroundkey_data_reg_reg[120]/CLK 518.337830 0.000000 54.201866 0.000000 54.201866 54.201866 rp-+
  addroundkey_data_reg_reg[4]/CLK 518.336243 0.000000 54.211800 0.000000 54.211800 54.211800 rp-+
  ks1_key_reg_reg[36]/CLK 518.313538 0.000000 54.243092 0.000000 54.243092 54.243092 rp-+
  ks1_key_reg_reg[86]/CLK 518.314819 0.000000 54.271172 0.000000 54.271172 54.271172 rp-+
  ks1_key_reg_reg[22]/CLK 518.300049 0.000000 54.358658 0.000000 54.358658 54.358658 rp-+
  ks1_key_reg_reg[4]/CLK 518.288513 0.000000 54.368237 0.000000 54.368237 54.368237 rp-+
  ks1_key_reg_reg[54]/CLK 518.296204 0.000000 54.381340 0.000000 54.381340 54.381340 rp-+
  ks1_key_reg_reg[108]/CLK 518.294678 0.000000 54.390202 0.000000 54.390202 54.390202 rp-+
  ks1_key_reg_reg[124]/CLK 518.281189 0.000000 54.469074 0.000000 54.469074 54.469074 rp-+
  addroundkey_data_reg_reg[72]/CLK 518.278015 0.000000 54.487175 0.000000 54.487175 54.487175 rp-+
  addroundkey_data_reg_reg[62]/CLK 518.277588 0.000000 54.489632 0.000000 54.489632 54.489632 rp-+
  addroundkey_data_reg_reg[18]/CLK 518.276062 0.000000 54.498402 0.000000 54.498402 54.498402 rp-+
  addroundkey_data_reg_reg[82]/CLK 518.275635 0.000000 54.500851 0.000000 54.500851 54.500851 rp-+
  ks1_key_reg_reg[68]/CLK 518.195251 0.000000 54.811127 0.000000 54.811127 54.811127 rp-+
  ks1_key_reg_reg[100]/CLK 518.157593 0.000000 54.981674 0.000000 54.981674 54.981674 rp-+
  ks1_key_reg_reg[120]/CLK 518.100708 0.000000 55.236439 0.000000 55.236439 55.236439 rp-+
  ks1_key_reg_reg[88]/CLK 518.054565 0.000000 55.445107 0.000000 55.445107 55.445107 rp-+
  mix1_data_o_reg_reg[78]/CLK 627.847229 0.000000 55.561806 0.000000 55.561806 55.561806 rp-+
  ks1_col_reg[4]/CLK   518.029053 0.000000 55.566223 0.000000 55.566223 55.566223 rp-+
  first_round_reg_reg/CLK 517.981262 0.000000 55.825966 0.000000 55.825966 55.825966 rp-+
  mix1_data_reg_reg[54]/CLK 650.136658 0.000000 59.233475 0.000000 59.233475 59.233475 rp-+
  mix1_data_o_reg_reg[6]/CLK 650.136658 0.000000 59.233479 0.000000 59.233479 59.233479 rp-+
  mix1_data_o_reg_reg[44]/CLK 650.139038 0.000000 59.264221 0.000000 59.264221 59.264221 rp-+
  mix1_data_reg_reg[38]/CLK 658.087402 0.000000 61.072990 0.000000 61.072990 61.072990 rp-+
  mix1_data_o_reg_reg[54]/CLK 672.379028 0.000000 63.472767 0.000000 63.472767 63.472767 rp-+
  mix1_data_o_reg_reg[100]/CLK 698.755981 0.000000 68.890373 0.000000 68.890373 68.890373 rp-+
  mix1_data_o_reg_reg[74]/CLK 698.755981 0.000000 68.891136 0.000000 68.891136 68.891136 rp-+
  mix1_data_o_reg_reg[4]/CLK 698.755554 0.000000 68.910240 0.000000 68.910240 68.910240 rp-+
  mix1_data_reg_reg[74]/CLK 698.755493 0.000000 68.912567 0.000000 68.912567 68.912567 rp-+
  mix1_data_o_reg_reg[92]/CLK 698.755432 0.000000 68.915726 0.000000 68.915726 68.915726 rp-+
  mix1_data_o_reg_reg[38]/CLK 698.755371 0.000000 68.917801 0.000000 68.917801 68.917801 rp-+
  mix1_data_o_reg_reg[28]/CLK 698.755310 0.000000 68.921181 0.000000 68.921181 68.921181 rp-+
  mix1_data_reg_reg[100]/CLK 698.755188 0.000000 68.925117 0.000000 68.925117 68.925117 rp-+
  mix1_data_o_reg_reg[60]/CLK 698.755005 0.000000 68.933243 0.000000 68.933243 68.933243 rp-+
  mix1_data_o_reg_reg[10]/CLK 700.518677 0.000000 69.074982 0.000000 69.074982 69.074982 rp-+
  mix1_data_o_reg_reg[56]/CLK 702.487000 0.000000 69.488487 0.000000 69.488487 69.488487 rp-+
  sub1_data_reg_reg[12]/CLK 705.310486 0.000000 70.104424 0.000000 70.104424 70.104424 rp-+
  mix1_data_reg_reg[56]/CLK 725.602173 0.000000 74.447701 0.000000 74.447701 74.447701 rp-+
  sub1_data_reg_reg[110]/CLK 750.699890 0.000000 81.974915 0.000000 81.974915 81.974915 rp-+
  mix1_data_reg_reg[106]/CLK 750.698853 0.000000 81.984665 0.000000 81.984665 81.984665 rp-+
  mix1_data_reg_reg[60]/CLK 750.694092 0.000000 82.025810 0.000000 82.025810 82.025810 rp-+
  mix1_data_reg_reg[88]/CLK 750.688232 0.000000 82.080292 0.000000 82.080292 82.080292 rp-+
  mix1_data_o_reg_reg[88]/CLK 750.683533 0.000000 82.128288 0.000000 82.128288 82.128288 rp-+
  mix1_data_o_reg_reg[106]/CLK 750.683472 0.000000 82.128731 0.000000 82.128731 82.128731 rp-+
  ks1_key_reg_reg[106]/CLK 750.682617 0.000000 82.137543 0.000000 82.137543 82.137543 rp-+
  mix1_data_reg_reg[92]/CLK 753.791870 0.000000 82.736855 0.000000 82.736855 82.736855 rp-+
  sub1_data_reg_reg[74]/CLK 753.786011 0.000000 82.789078 0.000000 82.789078 82.789078 rp-+
  sub1_data_reg_reg[76]/CLK 753.785095 0.000000 82.797714 0.000000 82.797714 82.797714 rp-+
  sub1_data_reg_reg[78]/CLK 753.777527 0.000000 82.819077 0.000000 82.819077 82.819077 rp-+
  sub1_data_reg_reg[46]/CLK 778.311523 0.000000 89.571762 0.000000 89.571762 89.571762 rp-+
  sub1_data_reg_reg[60]/CLK 778.310852 0.000000 89.572823 0.000000 89.572823 89.572823 rp-+
  sub1_data_reg_reg[44]/CLK 786.443665 0.000000 92.045456 0.000000 92.045456 92.045456 rp-+
  sub1_data_reg_reg[108]/CLK 787.836426 0.000000 92.477676 0.000000 92.477676 92.477676 rp-+
  sub1_data_reg_reg[92]/CLK 791.066406 0.000000 93.492622 0.000000 93.492622 93.492622 rp-+
  sub1_data_reg_reg[28]/CLK 809.418518 0.000000 99.383736 0.000000 99.383736 99.383736 rp-+
  sub1_data_reg_reg[106]/CLK 818.564148 0.000000 102.786491 0.000000 102.786491 102.786491 rp-+
  sub1_data_reg_reg[88]/CLK 818.542480 0.000000 102.818489 0.000000 102.818489 102.818489 rp-+
  mix1_data_o_reg_reg[9]/CLK 819.192993 0.000000 103.773361 0.000000 103.773361 103.773361 rp-+
  sub1_data_reg_reg[25]/CLK 819.095520 0.000000 103.863762 0.000000 103.863762 103.863762 rp-+
  mix1_data_o_reg_reg[24]/CLK 818.656433 0.000000 104.234505 0.000000 104.234505 104.234505 rp-+
  sub1_data_reg_reg[24]/CLK 818.605652 0.000000 104.273483 0.000000 104.273483 104.273483 rp-+
  sub1_data_reg_reg[56]/CLK 818.484497 0.000000 104.364212 0.000000 104.364212 104.364212 rp-+
  sub1_data_reg_reg[40]/CLK 818.483337 0.000000 104.365074 0.000000 104.365074 104.365074 rp-+
  sub1_data_reg_reg[8]/CLK 818.305054 0.000000 104.493202 0.000000 104.493202 104.493202 rp-+
  sub1_data_reg_reg[10]/CLK 818.223022 0.000000 104.977852 0.000000 104.977852 104.977852 rp-+
  sub1_data_reg_reg[104]/CLK 818.202759 0.000000 104.995293 0.000000 104.995293 104.995293 rp-+
  sub1_data_reg_reg[4]/CLK 818.202637 0.000000 104.995415 0.000000 104.995415 104.995415 rp-+
  sub1_data_reg_reg[14]/CLK 818.202148 0.000000 104.995697 0.000000 104.995697 104.995697 rp-+
  sub1_data_reg_reg[72]/CLK 818.155762 0.000000 105.034966 0.000000 105.034966 105.034966 rp-+
  sub1_data_reg_reg[62]/CLK 818.137817 0.000000 105.050056 0.000000 105.050056 105.050056 rp-+
  sub1_data_reg_reg[42]/CLK 826.085938 0.000000 105.523560 0.000000 105.523560 105.523560 rp-+
  mix1_data_reg_reg[89]/CLK 828.354309 0.000000 106.504562 0.000000 106.504562 106.504562 rp-+
  mix1_data_o_reg_reg[25]/CLK 828.315979 0.000000 106.561928 0.000000 106.561928 106.561928 rp-+
  sub1_data_reg_reg[105]/CLK 828.240723 0.000000 106.671478 0.000000 106.671478 106.671478 rp-+
  sub1_data_reg_reg[41]/CLK 828.236389 0.000000 106.677666 0.000000 106.677666 106.677666 rp-+
  addroundkey_data_reg_reg[89]/CLK 828.211609 0.000000 106.712791 0.000000 106.712791 106.712791 rp-+
  sub1_data_reg_reg[43]/CLK 828.208984 0.000000 106.716507 0.000000 106.716507 106.716507 rp-+
  sub1_data_reg_reg[107]/CLK 828.202942 0.000000 106.725006 0.000000 106.725006 106.725006 rp-+
  sub1_data_reg_reg[124]/CLK 835.846252 0.000000 109.130539 0.000000 109.130539 109.130539 rp-+
  sub1_data_reg_reg[120]/CLK 837.054749 0.000000 109.588737 0.000000 109.588737 109.588737 rp-+
  mix1_data_reg_reg[120]/CLK 853.721313 0.000000 116.206131 0.000000 116.206131 116.206131 rp-+
  mix1_data_reg_reg[124]/CLK 877.281250 0.000000 126.768280 0.000000 126.768280 126.768280 rp-+
  mix1_data_o_reg_reg[124]/CLK 884.712097 0.000000 130.018188 0.000000 130.018188 130.018188 rp-+
  ks1_col_reg[24]/CLK  884.684937 0.000000 130.093155 0.000000 130.093155 130.093155 rp-+
  addroundkey_data_reg_reg[88]/CLK 884.682007 0.000000 130.101135 0.000000 130.101135 130.101135 rp-+
  addroundkey_data_reg_reg[106]/CLK 884.675232 0.000000 130.119583 0.000000 130.119583 130.119583 rp-+
  mix1_data_reg_reg[73]/CLK 890.383179 0.000000 132.989990 0.000000 132.989990 132.989990 rp-+
  mix1_data_reg_reg[105]/CLK 906.114197 0.000000 142.093994 0.000000 142.093994 142.093994 rp-+
  ks1_col_reg[17]/CLK  906.091309 0.000000 142.177597 0.000000 142.177597 142.177597 rp-+
  mix1_data_reg_reg[43]/CLK 906.086548 0.000000 142.194931 0.000000 142.194931 142.194931 rp-+
  addroundkey_data_reg_reg[33]/CLK 906.084351 0.000000 142.202805 0.000000 142.202805 142.202805 rp-+
  ks1_state_reg[0]/CLK 906.039734 0.000000 142.357971 0.000000 142.357971 142.357971 rp-+
  mix1_data_reg_reg[41]/CLK 909.792236 0.000000 143.915756 0.000000 143.915756 143.915756 rp-+
  mix1_data_reg_reg[57]/CLK 936.594910 0.000000 160.753143 0.000000 160.753143 160.753143 rp-+
  mix1_data_reg_reg[75]/CLK 939.254944 0.000000 162.574829 0.000000 162.574829 162.574829 rp-+
  mix1_data_reg_reg[107]/CLK 946.041077 0.000000 167.372284 0.000000 167.372284 167.372284 rp-+
  mix1_data_reg_reg[33]/CLK 957.717224 0.000000 176.042984 0.000000 176.042984 176.042984 rp-+
  addroundkey_data_reg_reg[105]/CLK 962.306946 0.000000 179.707794 0.000000 179.707794 179.707794 rp-+
  ks1_key_reg_reg[33]/CLK 962.300659 0.000000 179.759613 0.000000 179.759613 179.759613 rp-+
  ks1_key_reg_reg[89]/CLK 962.295837 0.000000 179.799026 0.000000 179.799026 179.799026 rp-+
  ks1_key_reg_reg[65]/CLK 962.295227 0.000000 179.804123 0.000000 179.804123 179.804123 rp-+
  addroundkey_data_reg_reg[113]/CLK 962.294861 0.000000 179.806778 0.000000 179.806778 179.806778 rp-+
  mix1_data_reg_reg[121]/CLK 964.307129 0.000000 180.439148 0.000000 180.439148 180.439148 rp-+
  mix1_data_reg_reg[97]/CLK 974.271729 0.000000 188.708008 0.000000 188.708008 188.708008 rp-+
  ks1_key_reg_reg[107]/CLK 974.268860 0.000000 188.753860 0.000000 188.753860 188.753860 rp-+
  mix1_data_reg_reg[65]/CLK 980.658569 0.000000 194.783905 0.000000 194.783905 194.783905 rp-+
  addroundkey_data_reg_reg[107]/CLK 997.992798 0.000000 210.212692 0.000000 210.212692 210.212692 rp-+
  sub1_data_reg_reg[121]/CLK 1000.660400 0.000000 212.848648 0.000000 212.848648 212.848648 rp-+
  sub1_data_reg_reg[11]/CLK 1007.790771 0.000000 220.082550 0.000000 220.082550 220.082550 rp-+
  sub1_data_reg_reg[9]/CLK 1007.790710 0.000000 220.083588 0.000000 220.083588 220.083588 rp-+
  sub1_data_reg_reg[73]/CLK 1007.790527 0.000000 220.087433 0.000000 220.087433 220.087433 rp-+
  sub1_data_reg_reg[15]/CLK 1011.911072 0.000000 224.205521 0.000000 224.205521 224.205521 rp-+
  sub1_data_reg_reg[75]/CLK 1023.953613 0.000000 236.985519 0.000000 236.985519 236.985519 rp-+
  sub1_data_reg_reg[45]/CLK 1023.953491 0.000000 236.989853 0.000000 236.989853 236.989853 rp-+
  sub1_data_reg_reg[77]/CLK 1026.996338 0.000000 240.292160 0.000000 240.292160 240.292160 rp-+
  sub1_data_reg_reg[79]/CLK 1030.653564 0.000000 244.377960 0.000000 244.377960 244.377960 rp-+
  sub1_data_reg_reg[13]/CLK 1031.693115 0.000000 245.533081 0.000000 245.533081 245.533081 rp-+
  addroundkey_data_reg_reg[11]/CLK 1038.047852 0.000000 252.623260 0.000000 252.623260 252.623260 rp-+
  mix1_data_o_reg_reg[1]/CLK 1040.800415 0.000000 255.944672 0.000000 255.944672 255.944672 rp-+
  addroundkey_data_reg_reg[65]/CLK 1049.046997 0.000000 265.143005 0.000000 265.143005 265.143005 rp-+
  addroundkey_data_reg_reg[97]/CLK 1052.552490 0.000000 270.276367 0.000000 270.276367 270.276367 rp-+
  addroundkey_data_reg_reg[57]/CLK 1052.591553 0.000000 270.464935 0.000000 270.464935 270.464935 rp-+
  addroundkey_data_reg_reg[51]/CLK 1052.612915 0.000000 270.505615 0.000000 270.505615 270.505615 rp-+
  ks1_key_reg_reg[83]/CLK 1052.613525 0.000000 270.551575 0.000000 270.551575 270.551575 rp-+
  addroundkey_data_reg_reg[73]/CLK 1052.616699 0.000000 270.563110 0.000000 270.563110 270.563110 rp-+
  ks1_key_reg_reg[19]/CLK 1052.626709 0.000000 270.597717 0.000000 270.597717 270.597717 rp-+
  ks1_col_reg[29]/CLK  1052.636841 0.000000 270.631042 0.000000 270.631042 270.631042 rp-+
  addroundkey_data_reg_reg[43]/CLK 1052.380737 0.000000 271.821198 0.000000 271.821198 271.821198 rp-+
  ks1_key_reg_reg[75]/CLK 1052.379272 0.000000 271.867737 0.000000 271.867737 271.867737 rp-+
  addroundkey_data_reg_reg[25]/CLK 1052.377563 0.000000 271.897797 0.000000 271.897797 271.897797 rp-+
  ks1_key_reg_reg[43]/CLK 1052.375366 0.000000 271.988159 0.000000 271.988159 271.988159 rp-+
  ks1_key_reg_reg[41]/CLK 1052.375122 0.000000 271.995178 0.000000 271.995178 271.995178 rp-+
  addroundkey_data_reg_reg[121]/CLK 1052.374756 0.000000 272.009460 0.000000 272.009460 272.009460 rp-+
  ks1_key_reg_reg[51]/CLK 1052.363770 0.000000 272.292206 0.000000 272.292206 272.292206 rp-+
  ks1_col_reg[19]/CLK  1052.363159 0.000000 272.307587 0.000000 272.307587 272.307587 rp-+
  ks1_col_reg[25]/CLK  1052.362915 0.000000 272.316406 0.000000 272.316406 272.316406 rp-+
  ks1_key_reg_reg[11]/CLK 1052.362793 0.000000 272.318573 0.000000 272.318573 272.318573 rp-+
  ks1_key_reg_reg[57]/CLK 1052.349365 0.000000 272.667877 0.000000 272.667877 272.667877 rp-+
  ks1_key_reg_reg[105]/CLK 1052.347168 0.000000 272.724182 0.000000 272.724182 272.724182 rp-+
  ks1_key_reg_reg[9]/CLK 1052.343506 0.000000 272.817719 0.000000 272.817719 272.817719 rp-+
  ks1_key_reg_reg[73]/CLK 1052.343140 0.000000 272.827240 0.000000 272.827240 272.827240 rp-+
  ks1_key_reg_reg[25]/CLK 1052.339844 0.000000 272.896545 0.000000 272.896545 272.896545 rp-+
  addroundkey_data_reg_reg[41]/CLK 1055.307861 0.000000 273.000305 0.000000 273.000305 273.000305 rp-+
  ks1_col_reg[1]/CLK   1052.322510 0.000000 273.264130 0.000000 273.264130 273.264130 rp-+
  ks1_key_reg_reg[1]/CLK 1052.315552 0.000000 273.382874 0.000000 273.382874 273.382874 rp-+
  sbox1_alph_reg[0]/CLK 1052.286499 0.000000 273.680298 0.000000 273.680298 273.680298 rp-+
  sbox1_alph_reg[2]/CLK 1052.244873 0.000000 273.856750 0.000000 273.856750 273.856750 rp-+
  sbox1_alph_reg[1]/CLK 1052.134644 0.000000 274.037964 0.000000 274.037964 274.037964 rp-+
  sbox1_ah_reg_reg[3]/CLK 1051.999146 0.000000 274.137268 0.000000 274.137268 274.137268 rp-+
  sbox1_ah_reg_reg[0]/CLK 1052.275879 0.000000 274.230377 0.000000 274.230377 274.230377 rp-+
  sbox1_alph_reg[3]/CLK 1052.272339 0.000000 274.299225 0.000000 274.299225 274.299225 rp-+
  sbox1_to_invert_reg[2]/CLK 1052.272339 0.000000 274.299225 0.000000 274.299225 274.299225 rp-+
  sbox1_ah_reg_reg[2]/CLK 1052.272217 0.000000 274.301544 0.000000 274.301544 274.301544 rp-+
  sbox1_to_invert_reg[0]/CLK 1052.271240 0.000000 274.321136 0.000000 274.321136 274.321136 rp-+
  sbox1_to_invert_reg[1]/CLK 1052.270752 0.000000 274.331116 0.000000 274.331116 274.331116 rp-+
  sbox1_to_invert_reg[3]/CLK 1052.270630 0.000000 274.333862 0.000000 274.333862 274.333862 rp-+
  addroundkey_data_reg_reg[1]/CLK 1058.981934 0.000000 277.497925 0.000000 277.497925 277.497925 rp-+
  addroundkey_data_reg_reg[9]/CLK 1058.981934 0.000000 277.503174 0.000000 277.503174 277.503174 rp-+
  addroundkey_data_reg_reg[83]/CLK 1067.025146 0.000000 287.431030 0.000000 287.431030 287.431030 rp-+
  addroundkey_data_reg_reg[75]/CLK 1069.380249 0.000000 290.413666 0.000000 290.413666 290.413666 rp-+
  addroundkey_data_reg_reg[115]/CLK 1069.379395 0.000000 290.472626 0.000000 290.472626 290.472626 rp-+
  addroundkey_data_reg_reg[125]/CLK 1069.378906 0.000000 290.508301 0.000000 290.508301 290.508301 rp-+
  ks1_key_reg_reg[77]/CLK 1069.378906 0.000000 290.508789 0.000000 290.508789 290.508789 rp-+
  addroundkey_data_reg_reg[93]/CLK 1077.705811 0.000000 301.063354 0.000000 301.063354 301.063354 rp-+
  addroundkey_data_reg_reg[109]/CLK 1077.705688 0.000000 301.076263 0.000000 301.076263 301.076263 rp-+
  addroundkey_data_reg_reg[77]/CLK 1080.067139 0.000000 304.148651 0.000000 304.148651 304.148651 rp-+
  addroundkey_data_reg_reg[19]/CLK 1082.225586 0.000000 307.002411 0.000000 307.002411 307.002411 rp-+
  mix1_data_o_reg_reg[125]/CLK 1079.642822 0.000000 310.444977 0.000000 310.444977 310.444977 rp-+
  mix1_data_o_reg_reg[19]/CLK 1079.548340 0.000000 310.607788 0.000000 310.607788 310.607788 rp-+
  mix1_data_reg_reg[115]/CLK 1084.654053 0.000000 310.957306 0.000000 310.957306 310.957306 rp-+
  mix1_data_reg_reg[51]/CLK 1084.653931 0.000000 310.968964 0.000000 310.968964 310.968964 rp-+
  mix1_data_reg_reg[113]/CLK 1084.653198 0.000000 311.042694 0.000000 311.042694 311.042694 rp-+
  mix1_data_reg_reg[49]/CLK 1084.653198 0.000000 311.044556 0.000000 311.044556 311.044556 rp-+
  mix1_data_o_reg_reg[17]/CLK 1084.651733 0.000000 311.203217 0.000000 311.203217 311.203217 rp-+
  sub1_data_reg_reg[93]/CLK 1084.650757 0.000000 311.314392 0.000000 311.314392 311.314392 rp-+
  sub1_data_reg_reg[125]/CLK 1084.650757 0.000000 311.315857 0.000000 311.315857 311.315857 rp-+
  addroundkey_data_reg_reg[15]/CLK 1086.355347 0.000000 318.136658 0.000000 318.136658 318.136658 rp-+
  addroundkey_data_reg_reg[29]/CLK 1091.460083 0.000000 324.211243 0.000000 324.211243 324.211243 rp-+
  addroundkey_data_reg_reg[13]/CLK 1094.858398 0.000000 328.759888 0.000000 328.759888 328.759888 rp-+
  addroundkey_data_reg_reg[79]/CLK 1094.839355 0.000000 328.809937 0.000000 328.809937 328.809937 rp-+
  ks1_key_reg_reg[109]/CLK 1094.836792 0.000000 328.816742 0.000000 328.816742 328.816742 rp-+
  ks1_key_reg_reg[93]/CLK 1094.827026 0.000000 328.842163 0.000000 328.842163 328.842163 rp-+
  ks1_key_reg_reg[29]/CLK 1094.823120 0.000000 328.852509 0.000000 328.852509 328.852509 rp-+
  ks1_key_reg_reg[61]/CLK 1094.822144 0.000000 328.854797 0.000000 328.854797 328.854797 rp-+
  addroundkey_data_reg_reg[21]/CLK 1097.299438 0.000000 331.472900 0.000000 331.472900 331.472900 rp-+
  addroundkey_data_reg_reg[61]/CLK 1102.355835 0.000000 338.018890 0.000000 338.018890 338.018890 rp-+
  addroundkey_data_reg_reg[7]/CLK 1104.643799 0.000000 341.136108 0.000000 341.136108 341.136108 rp-+
  mix1_data_o_reg_reg[29]/CLK 1106.412964 0.000000 343.558319 0.000000 343.558319 343.558319 rp-+
  mix1_data_reg_reg[83]/CLK 1112.618896 0.000000 352.538818 0.000000 352.538818 352.538818 rp-+
  mix1_data_reg_reg[93]/CLK 1117.205688 0.000000 359.291901 0.000000 359.291901 359.291901 rp-+
  mix1_data_reg_reg[61]/CLK 1118.438110 0.000000 360.428986 0.000000 360.428986 360.428986 rp-+
  sub1_data_reg_reg[95]/CLK 1119.671875 0.000000 362.635254 0.000000 362.635254 362.635254 rp-+
  mix1_data_o_reg_reg[13]/CLK 1123.959229 0.000000 370.383057 0.000000 370.383057 370.383057 rp-+
  sub1_data_reg_reg[55]/CLK 1125.355835 0.000000 373.067169 0.000000 373.067169 373.067169 rp-+
  mix1_data_o_reg_reg[15]/CLK 1128.283691 0.000000 378.934357 0.000000 378.934357 378.934357 rp-+
  sub1_data_reg_reg[7]/CLK 1128.279541 0.000000 379.021301 0.000000 379.021301 379.021301 rp-+
  mix1_data_reg_reg[111]/CLK 1128.277222 0.000000 379.071655 0.000000 379.071655 379.071655 rp-+
  mix1_data_o_reg_reg[7]/CLK 1128.275146 0.000000 379.112640 0.000000 379.112640 379.112640 rp-+
  mix1_data_reg_reg[77]/CLK 1128.274536 0.000000 379.124878 0.000000 379.124878 379.124878 rp-+
  mix1_data_reg_reg[47]/CLK 1128.901733 0.000000 381.109589 0.000000 381.109589 381.109589 rp-+
  mix1_data_reg_reg[109]/CLK 1128.900757 0.000000 381.115845 0.000000 381.115845 381.115845 rp-+
  mix1_data_reg_reg[45]/CLK 1133.647705 0.000000 390.852936 0.000000 390.852936 390.852936 rp-+
  ks1_col_reg[31]/CLK  1133.697998 0.000000 393.210510 0.000000 393.210510 393.210510 rp-+
  addroundkey_data_reg_reg[23]/CLK 1133.598633 0.000000 393.927155 0.000000 393.927155 393.927155 rp-+
  ks1_col_reg[7]/CLK   1133.587891 0.000000 393.996216 0.000000 393.996216 393.996216 rp-+
  ks1_col_reg[21]/CLK  1133.481323 0.000000 394.612854 0.000000 394.612854 394.612854 rp-+
  ks1_col_reg[23]/CLK  1133.396729 0.000000 395.038818 0.000000 395.038818 395.038818 rp-+
  addroundkey_data_reg_reg[45]/CLK 1133.386230 0.000000 395.092896 0.000000 395.092896 395.092896 rp-+
  ks1_col_reg[27]/CLK  1133.384888 0.000000 395.100128 0.000000 395.100128 395.100128 rp-+
  addroundkey_data_reg_reg[69]/CLK 1133.384521 0.000000 395.101715 0.000000 395.101715 395.101715 rp-+
  addroundkey_data_reg_reg[101]/CLK 1133.384277 0.000000 395.103119 0.000000 395.103119 395.103119 rp-+
  ks1_col_reg[5]/CLK   1133.367432 0.000000 395.169586 0.000000 395.169586 395.169586 rp-+
  addroundkey_data_reg_reg[55]/CLK 1133.294800 0.000000 395.481964 0.000000 395.481964 395.481964 rp-+
  addroundkey_data_reg_reg[87]/CLK 1133.803711 0.000000 395.862976 0.000000 395.862976 395.862976 rp-+
  ks1_key_reg_reg[45]/CLK 1133.776245 0.000000 396.245361 0.000000 396.245361 396.245361 rp-+
  ks1_key_reg_reg[69]/CLK 1133.758057 0.000000 396.481018 0.000000 396.481018 396.481018 rp-+
  ks1_key_reg_reg[5]/CLK 1133.732300 0.000000 396.798706 0.000000 396.798706 396.798706 rp-+
  addroundkey_data_reg_reg[63]/CLK 1133.703369 0.000000 397.134888 0.000000 397.134888 397.134888 rp-+
  ks1_key_reg_reg[79]/CLK 1133.694214 0.000000 397.237244 0.000000 397.237244 397.237244 rp-+
  addroundkey_data_reg_reg[5]/CLK 1133.684937 0.000000 397.339935 0.000000 397.339935 397.339935 rp-+
  addroundkey_data_reg_reg[37]/CLK 1133.683960 0.000000 397.350128 0.000000 397.350128 397.350128 rp-+
  addroundkey_data_reg_reg[95]/CLK 1133.682495 0.000000 397.365997 0.000000 397.365997 397.365997 rp-+
  ks1_key_reg_reg[91]/CLK 1133.681641 0.000000 397.366608 0.000000 397.366608 397.366608 rp-+
  ks1_key_reg_reg[27]/CLK 1133.667969 0.000000 397.510834 0.000000 397.510834 397.510834 rp-+
  ks1_key_reg_reg[59]/CLK 1133.666626 0.000000 397.524139 0.000000 397.524139 397.524139 rp-+
  ks1_key_reg_reg[63]/CLK 1133.641602 0.000000 397.777924 0.000000 397.777924 397.777924 rp-+
  ks1_key_reg_reg[31]/CLK 1133.625122 0.000000 397.937744 0.000000 397.937744 397.937744 rp-+
  ks1_key_reg_reg[53]/CLK 1133.623047 0.000000 397.957092 0.000000 397.957092 397.957092 rp-+
  ks1_key_reg_reg[47]/CLK 1133.612427 0.000000 398.058075 0.000000 398.058075 398.058075 rp-+
  mix1_data_o_reg_reg[21]/CLK 1137.141724 0.000000 398.412903 0.000000 398.412903 398.412903 rp-+
  mix1_data_o_reg_reg[101]/CLK 1138.764893 0.000000 402.283173 0.000000 402.283173 402.283173 rp-+
  addroundkey_data_reg_reg[59]/CLK 1139.795044 0.000000 404.894531 0.000000 404.894531 404.894531 rp-+
  addroundkey_data_reg_reg[91]/CLK 1139.795044 0.000000 404.896912 0.000000 404.896912 404.896912 rp-+
  addroundkey_data_reg_reg[123]/CLK 1141.014648 0.000000 408.191620 0.000000 408.191620 408.191620 rp-+
  addroundkey_data_reg_reg[27]/CLK 1141.726807 0.000000 410.234283 0.000000 410.234283 410.234283 rp-+
  addroundkey_data_reg_reg[39]/CLK 1141.893433 0.000000 410.725403 0.000000 410.725403 410.725403 rp-+
  mix1_data_o_reg_reg[55]/CLK 1142.274536 0.000000 411.867218 0.000000 411.867218 411.867218 rp-+
  mix1_data_reg_reg[85]/CLK 1142.434082 0.000000 412.398010 0.000000 412.398010 412.398010 rp-+
  mix1_data_reg_reg[69]/CLK 1142.434082 0.000000 412.403320 0.000000 412.403320 412.403320 rp-+
  addroundkey_data_reg_reg[127]/CLK 1144.295532 0.000000 418.414764 0.000000 418.414764 418.414764 rp-+
  addroundkey_data_reg_reg[119]/CLK 1144.422241 0.000000 418.896729 0.000000 418.896729 418.896729 rp-+
  addroundkey_data_reg_reg[53]/CLK 1144.422119 0.000000 418.915161 0.000000 418.915161 418.915161 rp-+
  addroundkey_data_reg_reg[31]/CLK 1144.887695 0.000000 420.556793 0.000000 420.556793 420.556793 rp-+
  mix1_data_o_reg_reg[117]/CLK 1145.868164 0.000000 424.376221 0.000000 424.376221 424.376221 rp-+
  mix1_data_o_reg_reg[5]/CLK 1147.189087 0.000000 430.451782 0.000000 430.451782 430.451782 rp-+
  mix1_data_o_reg_reg[23]/CLK 1147.251953 0.000000 430.782104 0.000000 430.782104 430.782104 rp-+
  mix1_data_o_reg_reg[87]/CLK 1148.239380 0.000000 436.726379 0.000000 436.726379 436.726379 rp-+
  ks1_key_reg_reg[111]/CLK 1148.695068 0.000000 439.188232 0.000000 439.188232 439.188232 rp-+
  mix1_data_o_reg_reg[119]/CLK 1148.908203 0.000000 440.277008 0.000000 440.277008 440.277008 rp-+
  sub1_data_reg_reg[23]/CLK 1148.144653 0.000000 441.621185 0.000000 441.621185 441.621185 rp-+
  sub1_data_reg_reg[87]/CLK 1148.001709 0.000000 442.691345 0.000000 442.691345 442.691345 rp-+
  sub1_data_reg_reg[53]/CLK 1147.999756 0.000000 442.707214 0.000000 442.707214 442.707214 rp-+
  sub1_data_reg_reg[63]/CLK 1147.987793 0.000000 442.774597 0.000000 442.774597 442.774597 rp-+
  mix1_data_o_reg_reg[37]/CLK 1149.355835 0.000000 443.209564 0.000000 443.209564 443.209564 rp-+
  addroundkey_data_reg_reg[35]/CLK 1149.346680 0.000000 443.663910 0.000000 443.663910 443.663910 rp-+
  addroundkey_data_reg_reg[111]/CLK 1149.553833 0.000000 443.687134 0.000000 443.687134 443.687134 rp-+
  mix1_data_reg_reg[53]/CLK 1149.345337 0.000000 443.728577 0.000000 443.728577 443.728577 rp-+
  addroundkey_data_reg_reg[17]/CLK 1149.595947 0.000000 443.896851 0.000000 443.896851 443.896851 rp-+
  addroundkey_data_reg_reg[49]/CLK 1149.339233 0.000000 443.999725 0.000000 443.999725 443.999725 rp-+
  addroundkey_data_reg_reg[47]/CLK 1149.335571 0.000000 444.153412 0.000000 444.153412 444.153412 rp-+
  addroundkey_data_reg_reg[103]/CLK 1149.335449 0.000000 444.157776 0.000000 444.157776 444.157776 rp-+
  sub1_data_reg_reg[119]/CLK 1147.699707 0.000000 444.215607 0.000000 444.215607 444.215607 rp-+
  addroundkey_data_reg_reg[85]/CLK 1149.332642 0.000000 444.276428 0.000000 444.276428 444.276428 rp-+
  addroundkey_data_reg_reg[117]/CLK 1149.331421 0.000000 444.322632 0.000000 444.322632 444.322632 rp-+
  addroundkey_data_reg_reg[71]/CLK 1149.329468 0.000000 444.400574 0.000000 444.400574 444.400574 rp-+
  mix1_data_reg_reg[71]/CLK 1149.726318 0.000000 444.574371 0.000000 444.574371 444.574371 rp-+
  sub1_data_reg_reg[37]/CLK 1148.228271 0.000000 445.006287 0.000000 445.006287 445.006287 rp-+
  ks1_col_reg[3]/CLK   1148.148926 0.000000 445.797913 0.000000 445.797913 445.797913 rp-+
  sub1_data_reg_reg[35]/CLK 1148.146606 0.000000 445.821167 0.000000 445.821167 445.821167 rp-+
  sub1_data_reg_reg[71]/CLK 1148.031982 0.000000 446.756531 0.000000 446.756531 446.756531 rp-+
  mix1_data_o_reg_reg[39]/CLK 1150.249634 0.000000 447.471069 0.000000 447.471069 447.471069 rp-+
  addroundkey_data_reg_reg[3]/CLK 1150.266235 0.000000 447.555603 0.000000 447.555603 447.555603 rp-+
  sub1_data_reg_reg[69]/CLK 1147.831299 0.000000 449.254486 0.000000 449.254486 449.254486 rp-+
  mix1_data_o_reg_reg[103]/CLK 1150.587158 0.000000 449.587799 0.000000 449.587799 449.587799 rp-+
  addroundkey_data_reg_reg[67]/CLK 1150.694580 0.000000 450.440186 0.000000 450.440186 450.440186 rp-+
  mix1_data_o_reg_reg[127]/CLK 1150.694214 0.000000 450.458008 0.000000 450.458008 450.458008 rp-+
  sub1_data_reg_reg[81]/CLK 1147.634888 0.000000 450.512604 0.000000 450.512604 450.512604 rp-+
  sub1_data_reg_reg[59]/CLK 1147.632568 0.000000 450.520721 0.000000 450.520721 450.520721 rp-+
  sub1_data_reg_reg[27]/CLK 1147.591797 0.000000 450.756805 0.000000 450.756805 450.756805 rp-+
  sub1_data_reg_reg[101]/CLK 1147.589844 0.000000 450.774994 0.000000 450.774994 450.774994 rp-+
  sub1_data_reg_reg[21]/CLK 1147.550171 0.000000 451.001923 0.000000 451.001923 451.001923 rp-+
  sub1_data_reg_reg[85]/CLK 1147.543457 0.000000 451.040375 0.000000 451.040375 451.040375 rp-+
  sub1_data_reg_reg[99]/CLK 1147.519409 0.000000 451.160583 0.000000 451.160583 451.160583 rp-+
  sub1_data_reg_reg[67]/CLK 1147.517090 0.000000 451.173981 0.000000 451.173981 451.173981 rp-+
  mix1_data_reg_reg[81]/CLK 1147.515381 0.000000 451.183685 0.000000 451.183685 451.183685 rp-+
  sub1_data_reg_reg[127]/CLK 1147.494751 0.000000 451.307922 0.000000 451.307922 451.307922 rp-+
  sub1_data_reg_reg[91]/CLK 1147.458496 0.000000 451.484833 0.000000 451.484833 451.484833 rp-+
  sub1_data_reg_reg[117]/CLK 1147.451904 0.000000 451.535736 0.000000 451.535736 451.535736 rp-+
  sub1_data_reg_reg[90]/CLK 1147.341187 0.000000 452.076385 0.000000 452.076385 452.076385 rp-+
  sub1_data_reg_reg[122]/CLK 1147.295776 0.000000 452.296204 0.000000 452.296204 452.296204 rp-+
  sub1_data_reg_reg[58]/CLK 1147.286987 0.000000 452.338776 0.000000 452.338776 452.338776 rp-+
  mix1_data_reg_reg[42]/CLK 1147.284668 0.000000 452.350037 0.000000 452.350037 452.350037 rp-+
  sub1_data_reg_reg[26]/CLK 1147.262207 0.000000 452.453033 0.000000 452.453033 452.453033 rp-+
  sub1_data_reg_reg[61]/CLK 1147.262939 0.000000 452.480347 0.000000 452.480347 452.480347 rp-+
  sub1_data_reg_reg[126]/CLK 1147.210815 0.000000 452.688904 0.000000 452.688904 452.688904 rp-+
  sub1_data_reg_reg[30]/CLK 1147.197632 0.000000 452.748260 0.000000 452.748260 452.748260 rp-+
  addroundkey_data_reg_reg[99]/CLK 1150.977417 0.000000 452.772858 0.000000 452.772858 452.772858 rp-+
  sub1_data_reg_reg[123]/CLK 1147.192261 0.000000 452.773285 0.000000 452.773285 452.773285 rp-+
  sub1_data_reg_reg[17]/CLK 1147.195190 0.000000 452.796539 0.000000 452.796539 452.796539 rp-+
  sub1_data_reg_reg[94]/CLK 1147.127808 0.000000 453.057343 0.000000 453.057343 453.057343 rp-+
  sub1_data_reg_reg[111]/CLK 1147.105591 0.000000 453.197601 0.000000 453.197601 453.197601 rp-+
  sub1_data_reg_reg[47]/CLK 1147.103882 0.000000 453.204895 0.000000 453.204895 453.204895 rp-+
  addroundkey_data_reg_reg[81]/CLK 1151.042969 0.000000 453.208710 0.000000 453.208710 453.208710 rp-+
  sub1_data_reg_reg[109]/CLK 1147.100586 0.000000 453.219452 0.000000 453.219452 453.219452 rp-+
  sub1_data_reg_reg[68]/CLK 1147.085449 0.000000 453.239227 0.000000 453.239227 453.239227 rp-+
  mix1_data_o_reg_reg[3]/CLK 1151.097656 0.000000 453.805664 0.000000 453.805664 453.805664 rp-+
  sub1_data_reg_reg[96]/CLK 1146.920898 0.000000 453.913361 0.000000 453.913361 453.913361 rp-+
  sub1_data_reg_reg[98]/CLK 1146.871826 0.000000 454.104736 0.000000 454.104736 454.104736 rp-+
  sub1_data_reg_reg[64]/CLK 1146.864258 0.000000 454.134216 0.000000 454.134216 454.134216 rp-+
  sub1_data_reg_reg[34]/CLK 1146.852661 0.000000 454.178650 0.000000 454.178650 454.178650 rp-+
  mix1_data_o_reg_reg[35]/CLK 1151.177490 0.000000 454.884186 0.000000 454.884186 454.884186 rp-+
  mix1_data_o_reg_reg[67]/CLK 1151.177002 0.000000 454.898895 0.000000 454.898895 454.898895 rp-+
  mix1_data_o_reg_reg[123]/CLK 1151.333740 0.000000 457.745605 0.000000 457.745605 457.745605 rp-+
  mix1_data_o_reg_reg[99]/CLK 1151.238892 0.000000 459.364532 0.000000 459.364532 459.364532 rp-+
  mix1_data_reg_reg[58]/CLK 1151.164185 0.000000 466.967834 0.000000 466.967834 466.967834 rp-+
  mix1_data_reg_reg[90]/CLK 1151.055908 0.000000 467.675629 0.000000 467.675629 467.675629 rp-+
  mix1_data_reg_reg[104]/CLK 1151.052490 0.000000 467.700226 0.000000 467.700226 467.700226 rp-+
  mix1_data_reg_reg[80]/CLK 1150.288330 0.000000 471.197266 0.000000 471.197266 471.197266 rp-+
  mix1_data_reg_reg[126]/CLK 1150.171265 0.000000 471.610229 0.000000 471.610229 471.610229 rp-+
  mix1_data_reg_reg[98]/CLK 1149.333862 0.000000 474.078156 0.000000 474.078156 474.078156 rp-+
  mix1_data_o_reg_reg[122]/CLK 1148.539307 0.000000 475.929413 0.000000 475.929413 475.929413 rp-+
  mix1_data_o_reg_reg[112]/CLK 1148.538940 0.000000 475.930084 0.000000 475.930084 475.930084 rp-+
  mix1_data_reg_reg[66]/CLK 1148.523193 0.000000 475.967163 0.000000 475.967163 475.967163 rp-+
  mix1_data_reg_reg[32]/CLK 1148.503052 0.000000 476.014374 0.000000 476.014374 476.014374 rp-+
  mix1_data_reg_reg[40]/CLK 1152.808716 0.000000 477.954712 0.000000 477.954712 477.954712 rp-+
  mix1_data_o_reg_reg[16]/CLK 1152.789673 0.000000 478.122223 0.000000 478.122223 478.122223 rp-+
  mix1_data_o_reg_reg[18]/CLK 1153.230347 0.000000 480.388306 0.000000 480.388306 480.388306 rp-+
  mix1_data_reg_reg[94]/CLK 1153.232910 0.000000 480.806091 0.000000 480.806091 480.806091 rp-+
  sub1_data_reg_reg[112]/CLK 1153.228516 0.000000 480.843872 0.000000 480.843872 480.843872 rp-+
  addroundkey_data_reg_reg[104]/CLK 1153.228516 0.000000 480.843933 0.000000 480.843933 480.843933 rp-+
  mix1_data_reg_reg[96]/CLK 1153.231689 0.000000 481.226013 0.000000 481.226013 481.226013 rp-+
  sub1_data_reg_reg[80]/CLK 1153.225952 0.000000 481.230377 0.000000 481.230377 481.230377 rp-+
  sub1_data_reg_reg[48]/CLK 1153.225952 0.000000 481.236328 0.000000 481.236328 481.236328 rp-+
  mix1_data_reg_reg[114]/CLK 1153.231445 0.000000 481.249115 0.000000 481.249115 481.249115 rp-+
  sub1_data_reg_reg[66]/CLK 1153.225830 0.000000 481.249786 0.000000 481.249786 481.249786 rp-+
  sub1_data_reg_reg[50]/CLK 1153.225098 0.000000 481.380554 0.000000 481.380554 481.380554 rp-+
  ks1_col_reg[16]/CLK  1153.224121 0.000000 481.513855 0.000000 481.513855 481.513855 rp-+
  addroundkey_data_reg_reg[58]/CLK 1153.223145 0.000000 481.632599 0.000000 481.632599 481.632599 rp-+
  mix1_data_o_reg_reg[2]/CLK 1153.230103 0.000000 481.644958 0.000000 481.644958 481.644958 rp-+
  addroundkey_data_reg_reg[32]/CLK 1153.222534 0.000000 481.692352 0.000000 481.692352 481.692352 rp-+
  ks1_col_reg[26]/CLK  1153.222290 0.000000 481.722595 0.000000 481.722595 481.722595 rp-+
  sub1_data_reg_reg[116]/CLK 1153.221802 0.000000 481.777008 0.000000 481.777008 481.777008 rp-+
  sub1_data_reg_reg[82]/CLK 1153.221313 0.000000 481.829987 0.000000 481.829987 481.829987 rp-+
  sub1_data_reg_reg[114]/CLK 1153.221313 0.000000 481.832001 0.000000 481.832001 481.832001 rp-+
  addroundkey_data_reg_reg[112]/CLK 1153.226807 0.000000 482.143463 0.000000 482.143463 482.143463 rp-+
  ks1_key_reg_reg[90]/CLK 1153.225342 0.000000 482.401550 0.000000 482.401550 482.401550 rp-+
  ks1_key_reg_reg[58]/CLK 1153.223633 0.000000 482.614502 0.000000 482.614502 482.614502 rp-+
  addroundkey_data_reg_reg[26]/CLK 1153.220825 0.000000 482.915497 0.000000 482.915497 482.915497 rp-+
  addroundkey_data_reg_reg[122]/CLK 1153.219116 0.000000 483.074890 0.000000 483.074890 483.074890 rp-+
  addroundkey_data_reg_reg[80]/CLK 1153.218262 0.000000 483.158539 0.000000 483.158539 483.158539 rp-+
  addroundkey_data_reg_reg[66]/CLK 1153.217529 0.000000 483.229065 0.000000 483.229065 483.229065 rp-+
  ks1_key_reg_reg[80]/CLK 1153.217407 0.000000 483.232391 0.000000 483.232391 483.232391 rp-+
----------------------------------------------------------------------------

1
