****************************************
Report : clock timing
	-type latency
	-launch
	-nworst 496
	-setup
	-variation
Design : aes
Version: U-2022.12-SP5-1-VAL-20231129
Date   : Tue Jul 29 17:02:44 2025
****************************************

  Clock: clk
  Sigma: 3.0

                                  ............ Latency ............
                                                   --- Total ---
  Clock Pin            Trans   Source  Network Sensit  Mean    Quant
----------------------------------------------------------------------------
  ks1_key_reg_reg[80]/CLK 1408.935425 0.000000 590.811951 0.000000 590.811951 590.811951 rp-+
  addroundkey_data_reg_reg[66]/CLK 1408.935425 0.000000 590.807861 0.000000 590.807861 590.807861 rp-+
  addroundkey_data_reg_reg[80]/CLK 1408.936401 0.000000 590.721008 0.000000 590.721008 590.721008 rp-+
  addroundkey_data_reg_reg[122]/CLK 1408.937500 0.000000 590.618042 0.000000 590.618042 590.618042 rp-+
  addroundkey_data_reg_reg[26]/CLK 1408.939575 0.000000 590.421814 0.000000 590.421814 590.421814 rp-+
  ks1_key_reg_reg[58]/CLK 1408.943115 0.000000 590.051270 0.000000 590.051270 590.051270 rp-+
  ks1_key_reg_reg[90]/CLK 1408.945312 0.000000 589.789124 0.000000 589.789124 589.789124 rp-+
  addroundkey_data_reg_reg[112]/CLK 1408.947266 0.000000 589.471375 0.000000 589.471375 589.471375 rp-+
  sub1_data_reg_reg[114]/CLK 1408.940674 0.000000 589.087219 0.000000 589.087219 589.087219 rp-+
  sub1_data_reg_reg[82]/CLK 1408.940674 0.000000 589.084778 0.000000 589.084778 589.084778 rp-+
  sub1_data_reg_reg[116]/CLK 1408.941284 0.000000 589.019592 0.000000 589.019592 589.019592 rp-+
  ks1_col_reg[26]/CLK  1408.941895 0.000000 588.952576 0.000000 588.952576 588.952576 rp-+
  addroundkey_data_reg_reg[32]/CLK 1408.942261 0.000000 588.915405 0.000000 588.915405 588.915405 rp-+
  mix1_data_o_reg_reg[2]/CLK 1408.951660 0.000000 588.857788 0.000000 588.857788 588.857788 rp-+
  addroundkey_data_reg_reg[58]/CLK 1408.942993 0.000000 588.841858 0.000000 588.841858 588.841858 rp-+
  ks1_col_reg[16]/CLK  1408.944214 0.000000 588.695740 0.000000 588.695740 588.695740 rp-+
  sub1_data_reg_reg[50]/CLK 1408.945557 0.000000 588.531677 0.000000 588.531677 588.531677 rp-+
  sub1_data_reg_reg[66]/CLK 1408.946411 0.000000 588.370789 0.000000 588.370789 588.370789 rp-+
  mix1_data_reg_reg[114]/CLK 1408.953369 0.000000 588.370544 0.000000 588.370544 588.370544 rp-+
  sub1_data_reg_reg[48]/CLK 1408.946655 0.000000 588.354248 0.000000 588.354248 588.354248 rp-+
  sub1_data_reg_reg[80]/CLK 1408.946655 0.000000 588.346863 0.000000 588.346863 588.346863 rp-+
  mix1_data_reg_reg[96]/CLK 1408.953735 0.000000 588.342102 0.000000 588.342102 588.342102 rp-+
  addroundkey_data_reg_reg[104]/CLK 1408.949951 0.000000 587.871399 0.000000 587.871399 587.871399 rp-+
  sub1_data_reg_reg[112]/CLK 1408.949951 0.000000 587.871338 0.000000 587.871338 587.871338 rp-+
  mix1_data_reg_reg[94]/CLK 1408.955444 0.000000 587.825256 0.000000 587.825256 587.825256 rp-+
  mix1_data_o_reg_reg[18]/CLK 1408.952393 0.000000 587.310791 0.000000 587.310791 587.310791 rp-+
  mix1_data_o_reg_reg[16]/CLK 1408.364258 0.000000 584.522156 0.000000 584.522156 584.522156 rp-+
  mix1_data_reg_reg[40]/CLK 1408.389526 0.000000 584.316101 0.000000 584.316101 584.316101 rp-+
  mix1_data_reg_reg[32]/CLK 1402.992188 0.000000 581.927551 0.000000 581.927551 581.927551 rp-+
  mix1_data_reg_reg[66]/CLK 1403.017700 0.000000 581.869568 0.000000 581.869568 581.869568 rp-+
  mix1_data_o_reg_reg[112]/CLK 1403.037598 0.000000 581.824036 0.000000 581.824036 581.824036 rp-+
  mix1_data_o_reg_reg[122]/CLK 1403.037964 0.000000 581.823242 0.000000 581.823242 581.823242 rp-+
  mix1_data_reg_reg[98]/CLK 1404.041260 0.000000 579.545959 0.000000 579.545959 579.545959 rp-+
  mix1_data_reg_reg[126]/CLK 1405.097168 0.000000 576.509460 0.000000 576.509460 576.509460 rp-+
  mix1_data_reg_reg[80]/CLK 1405.244629 0.000000 576.001343 0.000000 576.001343 576.001343 rp-+
  mix1_data_reg_reg[104]/CLK 1406.208008 0.000000 571.698792 0.000000 571.698792 571.698792 rp-+
  mix1_data_reg_reg[90]/CLK 1406.212280 0.000000 571.668640 0.000000 571.668640 571.668640 rp-+
  mix1_data_reg_reg[58]/CLK 1406.349121 0.000000 570.798218 0.000000 570.798218 570.798218 rp-+
  mix1_data_o_reg_reg[99]/CLK 1406.436279 0.000000 561.424316 0.000000 561.424316 561.424316 rp-+
  mix1_data_o_reg_reg[123]/CLK 1406.552612 0.000000 559.432739 0.000000 559.432739 559.432739 rp-+
  mix1_data_o_reg_reg[67]/CLK 1406.371582 0.000000 555.939758 0.000000 555.939758 555.939758 rp-+
  mix1_data_o_reg_reg[35]/CLK 1406.372192 0.000000 555.921753 0.000000 555.921753 555.921753 rp-+
  sub1_data_reg_reg[34]/CLK 1401.500977 0.000000 554.805542 0.000000 554.805542 554.805542 rp-+
  sub1_data_reg_reg[64]/CLK 1401.512939 0.000000 554.751709 0.000000 554.751709 554.751709 rp-+
  sub1_data_reg_reg[98]/CLK 1401.520874 0.000000 554.716003 0.000000 554.716003 554.716003 rp-+
  mix1_data_o_reg_reg[3]/CLK 1406.276489 0.000000 554.598999 0.000000 554.598999 554.598999 rp-+
  sub1_data_reg_reg[96]/CLK 1401.571533 0.000000 554.484253 0.000000 554.484253 554.484253 rp-+
  addroundkey_data_reg_reg[81]/CLK 1406.206177 0.000000 553.864014 0.000000 553.864014 553.864014 rp-+
  sub1_data_reg_reg[68]/CLK 1401.741699 0.000000 553.667786 0.000000 553.667786 553.667786 rp-+
  sub1_data_reg_reg[109]/CLK 1401.755981 0.000000 553.644470 0.000000 553.644470 553.644470 rp-+
  sub1_data_reg_reg[47]/CLK 1401.759521 0.000000 553.626831 0.000000 553.626831 553.626831 rp-+
  sub1_data_reg_reg[111]/CLK 1401.761230 0.000000 553.617981 0.000000 553.617981 553.617981 rp-+
  sub1_data_reg_reg[94]/CLK 1401.785400 0.000000 553.447510 0.000000 553.447510 553.447510 rp-+
  addroundkey_data_reg_reg[99]/CLK 1406.150879 0.000000 553.344116 0.000000 553.344116 553.344116 rp-+
  sub1_data_reg_reg[17]/CLK 1401.853882 0.000000 553.132141 0.000000 553.132141 553.132141 rp-+
  sub1_data_reg_reg[123]/CLK 1401.851929 0.000000 553.103455 0.000000 553.103455 553.103455 rp-+
  sub1_data_reg_reg[30]/CLK 1401.857544 0.000000 553.073120 0.000000 553.073120 553.073120 rp-+
  sub1_data_reg_reg[126]/CLK 1401.871094 0.000000 553.001221 0.000000 553.001221 553.001221 rp-+
  sub1_data_reg_reg[61]/CLK 1401.923950 0.000000 552.749084 0.000000 552.749084 552.749084 rp-+
  sub1_data_reg_reg[26]/CLK 1401.924072 0.000000 552.715576 0.000000 552.715576 552.715576 rp-+
  mix1_data_reg_reg[42]/CLK 1401.947266 0.000000 552.590881 0.000000 552.590881 552.590881 rp-+
  sub1_data_reg_reg[58]/CLK 1401.949707 0.000000 552.577271 0.000000 552.577271 552.577271 rp-+
  sub1_data_reg_reg[122]/CLK 1401.958740 0.000000 552.525635 0.000000 552.525635 552.525635 rp-+
  sub1_data_reg_reg[90]/CLK 1402.005493 0.000000 552.259399 0.000000 552.259399 552.259399 rp-+
  sub1_data_reg_reg[117]/CLK 1402.119019 0.000000 551.604797 0.000000 551.604797 551.604797 rp-+
  sub1_data_reg_reg[91]/CLK 1402.126221 0.000000 551.542847 0.000000 551.542847 551.542847 rp-+
  sub1_data_reg_reg[127]/CLK 1402.163086 0.000000 551.328796 0.000000 551.328796 551.328796 rp-+
  mix1_data_reg_reg[81]/CLK 1402.184692 0.000000 551.178101 0.000000 551.178101 551.178101 rp-+
  sub1_data_reg_reg[67]/CLK 1402.186523 0.000000 551.166321 0.000000 551.166321 551.166321 rp-+
  sub1_data_reg_reg[99]/CLK 1402.188965 0.000000 551.150085 0.000000 551.150085 551.150085 rp-+
  sub1_data_reg_reg[85]/CLK 1402.213257 0.000000 551.004700 0.000000 551.004700 551.004700 rp-+
  sub1_data_reg_reg[21]/CLK 1402.220093 0.000000 550.958069 0.000000 550.958069 550.958069 rp-+
  sub1_data_reg_reg[101]/CLK 1402.260986 0.000000 550.683105 0.000000 550.683105 550.683105 rp-+
  sub1_data_reg_reg[27]/CLK 1402.263184 0.000000 550.660950 0.000000 550.660950 550.660950 rp-+
  mix1_data_o_reg_reg[127]/CLK 1405.797363 0.000000 550.499390 0.000000 550.499390 550.499390 rp-+
  addroundkey_data_reg_reg[67]/CLK 1405.797729 0.000000 550.477661 0.000000 550.477661 550.477661 rp-+
  sub1_data_reg_reg[59]/CLK 1402.304932 0.000000 550.375000 0.000000 550.375000 550.375000 rp-+
  sub1_data_reg_reg[81]/CLK 1402.307129 0.000000 550.365234 0.000000 550.365234 550.365234 rp-+
  mix1_data_o_reg_reg[103]/CLK 1405.663818 0.000000 549.430847 0.000000 549.430847 549.430847 rp-+
  sub1_data_reg_reg[69]/CLK 1402.507690 0.000000 547.674377 0.000000 547.674377 547.674377 rp-+
  addroundkey_data_reg_reg[3]/CLK 1405.261597 0.000000 546.932251 0.000000 546.932251 546.932251 rp-+
  mix1_data_o_reg_reg[39]/CLK 1405.240967 0.000000 546.828369 0.000000 546.828369 546.828369 rp-+
  sub1_data_reg_reg[71]/CLK 1402.709717 0.000000 546.031738 0.000000 546.031738 546.031738 rp-+
  sub1_data_reg_reg[35]/CLK 1402.040039 0.000000 544.872559 0.000000 544.872559 544.872559 rp-+
  ks1_col_reg[3]/CLK   1402.046265 0.000000 544.843872 0.000000 544.843872 544.843872 rp-+
  sub1_data_reg_reg[37]/CLK 1402.275024 0.000000 543.865295 0.000000 543.865295 543.865295 rp-+
  mix1_data_reg_reg[71]/CLK 1404.658936 0.000000 543.317261 0.000000 543.317261 543.317261 rp-+
  addroundkey_data_reg_reg[71]/CLK 1404.185791 0.000000 543.096619 0.000000 543.096619 543.096619 rp-+
  addroundkey_data_reg_reg[117]/CLK 1404.187622 0.000000 543.001465 0.000000 543.001465 543.001465 rp-+
  addroundkey_data_reg_reg[85]/CLK 1404.188721 0.000000 542.945068 0.000000 542.945068 542.945068 rp-+
  sub1_data_reg_reg[119]/CLK 1402.463013 0.000000 542.889343 0.000000 542.889343 542.889343 rp-+
  addroundkey_data_reg_reg[103]/CLK 1404.191284 0.000000 542.800171 0.000000 542.800171 542.800171 rp-+
  addroundkey_data_reg_reg[47]/CLK 1404.191406 0.000000 542.794861 0.000000 542.794861 542.794861 rp-+
  addroundkey_data_reg_reg[49]/CLK 1404.194824 0.000000 542.607117 0.000000 542.607117 542.607117 rp-+
  addroundkey_data_reg_reg[17]/CLK 1404.499634 0.000000 542.486816 0.000000 542.486816 542.486816 rp-+
  mix1_data_reg_reg[53]/CLK 1404.200317 0.000000 542.276062 0.000000 542.276062 542.276062 rp-+
  addroundkey_data_reg_reg[111]/CLK 1404.448242 0.000000 542.229736 0.000000 542.229736 542.229736 rp-+
  addroundkey_data_reg_reg[35]/CLK 1404.201538 0.000000 542.197083 0.000000 542.197083 542.197083 rp-+
  mix1_data_o_reg_reg[37]/CLK 1404.209595 0.000000 541.642273 0.000000 541.642273 541.642273 rp-+
  sub1_data_reg_reg[63]/CLK 1402.715454 0.000000 541.114319 0.000000 541.114319 541.114319 rp-+
  sub1_data_reg_reg[53]/CLK 1402.725464 0.000000 541.031250 0.000000 541.031250 541.031250 rp-+
  sub1_data_reg_reg[87]/CLK 1402.727295 0.000000 541.011841 0.000000 541.011841 541.011841 rp-+
  sub1_data_reg_reg[23]/CLK 1402.847412 0.000000 539.696777 0.000000 539.696777 539.696777 rp-+
  mix1_data_o_reg_reg[119]/CLK 1403.657837 0.000000 538.051941 0.000000 538.051941 538.051941 rp-+
  ks1_key_reg_reg[111]/CLK 1403.396484 0.000000 536.718323 0.000000 536.718323 536.718323 rp-+
  mix1_data_o_reg_reg[87]/CLK 1402.833374 0.000000 533.703918 0.000000 533.703918 533.703918 rp-+
  mix1_data_o_reg_reg[23]/CLK 1401.532715 0.000000 526.394287 0.000000 526.394287 526.394287 rp-+
  mix1_data_o_reg_reg[5]/CLK 1401.455566 0.000000 525.991028 0.000000 525.991028 525.991028 rp-+
  mix1_data_o_reg_reg[117]/CLK 1399.840576 0.000000 518.577881 0.000000 518.577881 518.577881 rp-+
  addroundkey_data_reg_reg[31]/CLK 1398.628784 0.000000 513.908325 0.000000 513.908325 513.908325 rp-+
  addroundkey_data_reg_reg[53]/CLK 1398.058960 0.000000 511.904541 0.000000 511.904541 511.904541 rp-+
  addroundkey_data_reg_reg[119]/CLK 1398.059204 0.000000 511.882141 0.000000 511.882141 511.882141 rp-+
  addroundkey_data_reg_reg[127]/CLK 1397.904297 0.000000 511.294067 0.000000 511.294067 511.294067 rp-+
  mix1_data_reg_reg[69]/CLK 1395.628540 0.000000 503.957306 0.000000 503.957306 503.957306 rp-+
  mix1_data_reg_reg[85]/CLK 1395.628662 0.000000 503.950836 0.000000 503.950836 503.950836 rp-+
  mix1_data_o_reg_reg[55]/CLK 1395.433838 0.000000 503.303253 0.000000 503.303253 503.303253 rp-+
  addroundkey_data_reg_reg[39]/CLK 1394.968384 0.000000 501.909821 0.000000 501.909821 501.909821 rp-+
  addroundkey_data_reg_reg[27]/CLK 1394.764893 0.000000 501.310486 0.000000 501.310486 501.310486 rp-+
  addroundkey_data_reg_reg[123]/CLK 1393.895020 0.000000 498.817780 0.000000 498.817780 498.817780 rp-+
  addroundkey_data_reg_reg[91]/CLK 1392.403442 0.000000 494.795685 0.000000 494.795685 494.795685 rp-+
  addroundkey_data_reg_reg[59]/CLK 1392.403564 0.000000 494.792755 0.000000 494.792755 494.792755 rp-+
  mix1_data_o_reg_reg[101]/CLK 1391.141724 0.000000 491.603882 0.000000 491.603882 491.603882 rp-+
  mix1_data_o_reg_reg[21]/CLK 1389.151489 0.000000 486.877075 0.000000 486.877075 486.877075 rp-+
  ks1_key_reg_reg[47]/CLK 1384.777954 0.000000 486.361816 0.000000 486.361816 486.361816 rp-+
  ks1_key_reg_reg[53]/CLK 1384.792358 0.000000 486.239960 0.000000 486.239960 486.239960 rp-+
  ks1_key_reg_reg[31]/CLK 1384.795044 0.000000 486.216583 0.000000 486.216583 486.216583 rp-+
  ks1_key_reg_reg[63]/CLK 1384.817139 0.000000 486.023712 0.000000 486.023712 486.023712 rp-+
  ks1_key_reg_reg[59]/CLK 1384.850952 0.000000 485.717377 0.000000 485.717377 485.717377 rp-+
  ks1_key_reg_reg[27]/CLK 1384.852661 0.000000 485.701324 0.000000 485.701324 485.701324 rp-+
  ks1_key_reg_reg[91]/CLK 1384.871216 0.000000 485.527191 0.000000 485.527191 485.527191 rp-+
  addroundkey_data_reg_reg[95]/CLK 1384.872437 0.000000 485.526764 0.000000 485.526764 485.526764 rp-+
  addroundkey_data_reg_reg[37]/CLK 1384.874390 0.000000 485.507599 0.000000 485.507599 485.507599 rp-+
  addroundkey_data_reg_reg[5]/CLK 1384.875610 0.000000 485.495300 0.000000 485.495300 485.495300 rp-+
  ks1_key_reg_reg[79]/CLK 1384.888306 0.000000 485.371246 0.000000 485.371246 485.371246 rp-+
  addroundkey_data_reg_reg[63]/CLK 1384.900635 0.000000 485.247589 0.000000 485.247589 485.247589 rp-+
  ks1_key_reg_reg[5]/CLK 1384.939697 0.000000 484.841431 0.000000 484.841431 484.841431 rp-+
  ks1_key_reg_reg[69]/CLK 1384.974854 0.000000 484.457611 0.000000 484.457611 484.457611 rp-+
  ks1_key_reg_reg[45]/CLK 1384.999756 0.000000 484.172943 0.000000 484.172943 484.172943 rp-+
  addroundkey_data_reg_reg[87]/CLK 1385.037598 0.000000 483.710724 0.000000 483.710724 483.710724 rp-+
  addroundkey_data_reg_reg[55]/CLK 1385.072754 0.000000 483.250153 0.000000 483.250153 483.250153 rp-+
  ks1_col_reg[5]/CLK   1384.401978 0.000000 482.872467 0.000000 482.872467 482.872467 rp-+
  addroundkey_data_reg_reg[101]/CLK 1384.425781 0.000000 482.792236 0.000000 482.792236 482.792236 rp-+
  addroundkey_data_reg_reg[69]/CLK 1384.426147 0.000000 482.790558 0.000000 482.790558 482.790558 rp-+
  ks1_col_reg[27]/CLK  1384.426636 0.000000 482.788635 0.000000 482.788635 482.788635 rp-+
  addroundkey_data_reg_reg[45]/CLK 1384.428589 0.000000 482.779877 0.000000 482.779877 482.779877 rp-+
  ks1_col_reg[23]/CLK  1384.443359 0.000000 482.714386 0.000000 482.714386 482.714386 rp-+
  ks1_col_reg[21]/CLK  1384.562866 0.000000 482.199127 0.000000 482.199127 482.199127 rp-+
  ks1_col_reg[7]/CLK   1384.714355 0.000000 481.453033 0.000000 481.453033 481.453033 rp-+
  addroundkey_data_reg_reg[23]/CLK 1384.729614 0.000000 481.369476 0.000000 481.369476 481.369476 rp-+
  ks1_col_reg[31]/CLK  1384.872437 0.000000 480.502106 0.000000 480.502106 480.502106 rp-+
  mix1_data_reg_reg[45]/CLK 1384.853271 0.000000 477.642212 0.000000 477.642212 477.642212 rp-+
  mix1_data_reg_reg[109]/CLK 1379.029053 0.000000 465.768738 0.000000 465.768738 465.768738 rp-+
  mix1_data_reg_reg[47]/CLK 1379.030396 0.000000 465.761108 0.000000 465.761108 465.761108 rp-+
  mix1_data_reg_reg[77]/CLK 1378.348267 0.000000 463.337799 0.000000 463.337799 463.337799 rp-+
  mix1_data_o_reg_reg[7]/CLK 1378.349121 0.000000 463.322937 0.000000 463.322937 463.322937 rp-+
  mix1_data_reg_reg[111]/CLK 1378.351807 0.000000 463.273071 0.000000 463.273071 463.273071 rp-+
  sub1_data_reg_reg[7]/CLK 1378.354980 0.000000 463.211853 0.000000 463.211853 463.211853 rp-+
  mix1_data_o_reg_reg[15]/CLK 1378.360596 0.000000 463.106110 0.000000 463.106110 463.106110 rp-+
  sub1_data_reg_reg[55]/CLK 1374.791870 0.000000 455.945007 0.000000 455.945007 455.945007 rp-+
  mix1_data_o_reg_reg[13]/CLK 1373.089844 0.000000 452.668732 0.000000 452.668732 452.668732 rp-+
  sub1_data_reg_reg[95]/CLK 1367.870117 0.000000 443.210175 0.000000 443.210175 443.210175 rp-+
  mix1_data_reg_reg[61]/CLK 1366.377075 0.000000 441.789734 0.000000 441.789734 441.789734 rp-+
  mix1_data_reg_reg[93]/CLK 1364.906250 0.000000 439.176666 0.000000 439.176666 439.176666 rp-+
  mix1_data_reg_reg[83]/CLK 1359.259033 0.000000 430.942535 0.000000 430.942535 430.942535 rp-+
  mix1_data_o_reg_reg[29]/CLK 1351.692871 0.000000 419.992645 0.000000 419.992645 419.992645 rp-+
  addroundkey_data_reg_reg[7]/CLK 1349.533569 0.000000 417.039337 0.000000 417.039337 417.039337 rp-+
  addroundkey_data_reg_reg[61]/CLK 1346.731201 0.000000 413.238556 0.000000 413.238556 413.238556 rp-+
  addroundkey_data_reg_reg[21]/CLK 1340.534180 0.000000 405.257385 0.000000 405.257385 405.257385 rp-+
  ks1_key_reg_reg[61]/CLK 1337.481323 0.000000 402.066681 0.000000 402.066681 402.066681 rp-+
  ks1_key_reg_reg[29]/CLK 1337.482422 0.000000 402.063843 0.000000 402.063843 402.063843 rp-+
  ks1_key_reg_reg[93]/CLK 1337.487549 0.000000 402.051208 0.000000 402.051208 402.051208 rp-+
  ks1_key_reg_reg[109]/CLK 1337.500244 0.000000 402.020081 0.000000 402.020081 402.020081 rp-+
  addroundkey_data_reg_reg[79]/CLK 1337.503540 0.000000 402.011780 0.000000 402.011780 402.011780 rp-+
  addroundkey_data_reg_reg[13]/CLK 1337.528198 0.000000 401.950562 0.000000 401.950562 401.950562 rp-+
  addroundkey_data_reg_reg[29]/CLK 1333.344604 0.000000 396.403503 0.000000 396.403503 396.403503 rp-+
  addroundkey_data_reg_reg[15]/CLK 1327.014648 0.000000 388.996765 0.000000 388.996765 388.996765 rp-+
  sub1_data_reg_reg[125]/CLK 1325.300049 0.000000 380.685699 0.000000 380.685699 380.685699 rp-+
  sub1_data_reg_reg[93]/CLK 1325.300049 0.000000 380.683899 0.000000 380.683899 380.683899 rp-+
  mix1_data_o_reg_reg[17]/CLK 1325.300903 0.000000 380.547729 0.000000 380.547729 380.547729 rp-+
  mix1_data_reg_reg[49]/CLK 1325.302124 0.000000 380.353424 0.000000 380.353424 380.353424 rp-+
  mix1_data_reg_reg[113]/CLK 1325.302124 0.000000 380.351135 0.000000 380.351135 380.351135 rp-+
  mix1_data_reg_reg[51]/CLK 1325.302734 0.000000 380.260834 0.000000 380.260834 380.260834 rp-+
  mix1_data_reg_reg[115]/CLK 1325.302734 0.000000 380.246552 0.000000 380.246552 380.246552 rp-+
  mix1_data_o_reg_reg[19]/CLK 1325.305176 0.000000 379.818451 0.000000 379.818451 379.818451 rp-+
  mix1_data_o_reg_reg[125]/CLK 1319.047974 0.000000 379.619019 0.000000 379.619019 379.619019 rp-+
  addroundkey_data_reg_reg[19]/CLK 1322.344604 0.000000 375.419739 0.000000 375.419739 375.419739 rp-+
  addroundkey_data_reg_reg[77]/CLK 1319.717407 0.000000 371.939362 0.000000 371.939362 371.939362 rp-+
  addroundkey_data_reg_reg[109]/CLK 1316.843262 0.000000 368.192352 0.000000 368.192352 368.192352 rp-+
  addroundkey_data_reg_reg[93]/CLK 1316.843384 0.000000 368.176544 0.000000 368.176544 368.176544 rp-+
  ks1_key_reg_reg[77]/CLK 1306.713379 0.000000 355.303070 0.000000 355.303070 355.303070 rp-+
  addroundkey_data_reg_reg[125]/CLK 1306.713379 0.000000 355.302490 0.000000 355.302490 355.302490 rp-+
  addroundkey_data_reg_reg[115]/CLK 1306.713501 0.000000 355.258759 0.000000 355.258759 355.258759 rp-+
  addroundkey_data_reg_reg[75]/CLK 1306.713745 0.000000 355.186523 0.000000 355.186523 355.186523 rp-+
  addroundkey_data_reg_reg[83]/CLK 1303.851440 0.000000 351.547699 0.000000 351.547699 351.547699 rp-+
  addroundkey_data_reg_reg[9]/CLK 1294.131470 0.000000 339.433472 0.000000 339.433472 339.433472 rp-+
  addroundkey_data_reg_reg[1]/CLK 1294.130981 0.000000 339.427032 0.000000 339.427032 339.427032 rp-+
  sbox1_to_invert_reg[3]/CLK 1285.903564 0.000000 335.635681 0.000000 335.635681 335.635681 rp-+
  sbox1_to_invert_reg[1]/CLK 1285.903687 0.000000 335.632294 0.000000 335.632294 335.632294 rp-+
  sbox1_to_invert_reg[0]/CLK 1285.904297 0.000000 335.619995 0.000000 335.619995 335.619995 rp-+
  sbox1_ah_reg_reg[2]/CLK 1285.905518 0.000000 335.595917 0.000000 335.595917 335.595917 rp-+
  sbox1_alph_reg[3]/CLK 1285.905640 0.000000 335.593048 0.000000 335.593048 335.593048 rp-+
  sbox1_to_invert_reg[2]/CLK 1285.905640 0.000000 335.593048 0.000000 335.593048 335.593048 rp-+
  sbox1_ah_reg_reg[0]/CLK 1285.909546 0.000000 335.508362 0.000000 335.508362 335.508362 rp-+
  sbox1_ah_reg_reg[3]/CLK 1285.914795 0.000000 335.393768 0.000000 335.393768 335.393768 rp-+
  sbox1_alph_reg[1]/CLK 1285.920288 0.000000 335.271606 0.000000 335.271606 335.271606 rp-+
  sbox1_alph_reg[2]/CLK 1285.760132 0.000000 335.048645 0.000000 335.048645 335.048645 rp-+
  sbox1_alph_reg[0]/CLK 1285.937256 0.000000 334.831543 0.000000 334.831543 334.831543 rp-+
  ks1_key_reg_reg[1]/CLK 1285.985962 0.000000 334.465576 0.000000 334.465576 334.465576 rp-+
  ks1_col_reg[1]/CLK   1285.966309 0.000000 334.319489 0.000000 334.319489 334.319489 rp-+
  addroundkey_data_reg_reg[41]/CLK 1289.770386 0.000000 333.937042 0.000000 333.937042 333.937042 rp-+
  ks1_key_reg_reg[25]/CLK 1285.977051 0.000000 333.867249 0.000000 333.867249 333.867249 rp-+
  ks1_key_reg_reg[73]/CLK 1285.979980 0.000000 333.781891 0.000000 333.781891 333.781891 rp-+
  ks1_key_reg_reg[9]/CLK 1285.605103 0.000000 333.770172 0.000000 333.770172 333.770172 rp-+
  ks1_key_reg_reg[105]/CLK 1285.734497 0.000000 333.655151 0.000000 333.655151 333.655151 rp-+
  ks1_key_reg_reg[57]/CLK 1285.790649 0.000000 333.585907 0.000000 333.585907 333.585907 rp-+
  ks1_key_reg_reg[11]/CLK 1285.961426 0.000000 333.156158 0.000000 333.156158 333.156158 rp-+
  ks1_col_reg[25]/CLK  1285.961792 0.000000 333.153503 0.000000 333.153503 333.153503 rp-+
  ks1_col_reg[19]/CLK  1285.963501 0.000000 333.142639 0.000000 333.142639 333.142639 rp-+
  ks1_key_reg_reg[51]/CLK 1285.966187 0.000000 333.123718 0.000000 333.123718 333.123718 rp-+
  addroundkey_data_reg_reg[121]/CLK 1286.004028 0.000000 332.775482 0.000000 332.775482 332.775482 rp-+
  ks1_key_reg_reg[41]/CLK 1286.004761 0.000000 332.757904 0.000000 332.757904 332.757904 rp-+
  ks1_key_reg_reg[43]/CLK 1286.005127 0.000000 332.749268 0.000000 332.749268 332.749268 rp-+
  addroundkey_data_reg_reg[25]/CLK 1286.007690 0.000000 332.638580 0.000000 332.638580 332.638580 rp-+
  ks1_key_reg_reg[75]/CLK 1286.010864 0.000000 332.601227 0.000000 332.601227 332.601227 rp-+
  addroundkey_data_reg_reg[43]/CLK 1286.012817 0.000000 332.543976 0.000000 332.543976 332.543976 rp-+
  ks1_col_reg[29]/CLK  1286.021118 0.000000 332.266815 0.000000 332.266815 332.266815 rp-+
  ks1_key_reg_reg[19]/CLK 1286.022461 0.000000 332.213745 0.000000 332.213745 332.213745 rp-+
  addroundkey_data_reg_reg[73]/CLK 1286.023926 0.000000 330.963867 0.000000 330.963867 330.963867 rp-+
  ks1_key_reg_reg[83]/CLK 1286.024414 0.000000 330.949768 0.000000 330.949768 330.949768 rp-+
  addroundkey_data_reg_reg[51]/CLK 1286.026001 0.000000 330.893524 0.000000 330.893524 330.893524 rp-+
  addroundkey_data_reg_reg[57]/CLK 1286.027710 0.000000 330.843811 0.000000 330.843811 330.843811 rp-+
  addroundkey_data_reg_reg[97]/CLK 1286.034302 0.000000 330.613220 0.000000 330.613220 330.613220 rp-+
  addroundkey_data_reg_reg[65]/CLK 1281.855713 0.000000 324.342285 0.000000 324.342285 324.342285 rp-+
  mix1_data_o_reg_reg[1]/CLK 1271.748535 0.000000 313.156799 0.000000 313.156799 313.156799 rp-+
  addroundkey_data_reg_reg[11]/CLK 1268.319214 0.000000 309.103760 0.000000 309.103760 309.103760 rp-+
  sub1_data_reg_reg[13]/CLK 1260.765747 0.000000 300.452057 0.000000 300.452057 300.452057 rp-+
  sub1_data_reg_reg[79]/CLK 1259.497192 0.000000 299.042633 0.000000 299.042633 299.042633 rp-+
  sub1_data_reg_reg[77]/CLK 1255.043213 0.000000 294.058777 0.000000 294.058777 294.058777 rp-+
  sub1_data_reg_reg[45]/CLK 1251.330200 0.000000 290.030151 0.000000 290.030151 290.030151 rp-+
  sub1_data_reg_reg[75]/CLK 1251.330322 0.000000 290.024811 0.000000 290.024811 290.024811 rp-+
  sub1_data_reg_reg[15]/CLK 1236.630981 0.000000 274.436096 0.000000 274.436096 274.436096 rp-+
  sub1_data_reg_reg[73]/CLK 1231.601807 0.000000 269.417084 0.000000 269.417084 269.417084 rp-+
  sub1_data_reg_reg[9]/CLK 1231.602051 0.000000 269.412323 0.000000 269.412323 269.412323 rp-+
  sub1_data_reg_reg[11]/CLK 1231.602051 0.000000 269.411041 0.000000 269.411041 269.411041 rp-+
  sub1_data_reg_reg[121]/CLK 1222.895630 0.000000 260.593903 0.000000 260.593903 260.593903 rp-+
  addroundkey_data_reg_reg[107]/CLK 1219.638306 0.000000 257.382568 0.000000 257.382568 257.382568 rp-+
  mix1_data_reg_reg[65]/CLK 1198.471680 0.000000 237.512985 0.000000 237.512985 237.512985 rp-+
  ks1_key_reg_reg[107]/CLK 1190.669434 0.000000 231.159897 0.000000 231.159897 231.159897 rp-+
  mix1_data_reg_reg[97]/CLK 1190.672485 0.000000 231.103821 0.000000 231.103821 231.103821 rp-+
  mix1_data_reg_reg[121]/CLK 1178.503052 0.000000 221.934723 0.000000 221.934723 221.934723 rp-+
  addroundkey_data_reg_reg[113]/CLK 1176.047974 0.000000 220.225708 0.000000 220.225708 220.225708 rp-+
  ks1_key_reg_reg[65]/CLK 1176.048340 0.000000 220.222427 0.000000 220.222427 220.222427 rp-+
  ks1_key_reg_reg[89]/CLK 1176.049072 0.000000 220.216171 0.000000 220.216171 220.216171 rp-+
  ks1_key_reg_reg[33]/CLK 1176.054321 0.000000 220.167694 0.000000 220.167694 220.167694 rp-+
  addroundkey_data_reg_reg[105]/CLK 1176.061279 0.000000 220.103958 0.000000 220.103958 220.103958 rp-+
  mix1_data_reg_reg[33]/CLK 1170.454224 0.000000 215.626862 0.000000 215.626862 215.626862 rp-+
  mix1_data_reg_reg[107]/CLK 1156.192017 0.000000 205.033859 0.000000 205.033859 205.033859 rp-+
  mix1_data_reg_reg[75]/CLK 1147.901733 0.000000 199.171097 0.000000 199.171097 199.171097 rp-+
  mix1_data_reg_reg[57]/CLK 1144.651978 0.000000 196.944580 0.000000 196.944580 196.944580 rp-+
  mix1_data_reg_reg[41]/CLK 1111.903198 0.000000 176.351669 0.000000 176.351669 176.351669 rp-+
  ks1_state_reg[0]/CLK 1107.320679 0.000000 174.443542 0.000000 174.443542 174.443542 rp-+
  addroundkey_data_reg_reg[33]/CLK 1107.374634 0.000000 174.253922 0.000000 174.253922 174.253922 rp-+
  mix1_data_reg_reg[43]/CLK 1107.377319 0.000000 174.244278 0.000000 174.244278 174.244278 rp-+
  ks1_col_reg[17]/CLK  1107.383057 0.000000 174.223099 0.000000 174.223099 174.223099 rp-+
  mix1_data_reg_reg[105]/CLK 1107.410645 0.000000 174.120895 0.000000 174.120895 174.120895 rp-+
  mix1_data_reg_reg[73]/CLK 1088.196899 0.000000 162.972305 0.000000 162.972305 162.972305 rp-+
  addroundkey_data_reg_reg[106]/CLK 1081.215088 0.000000 159.447250 0.000000 159.447250 159.447250 rp-+
  addroundkey_data_reg_reg[88]/CLK 1081.223511 0.000000 159.424866 0.000000 159.424866 159.424866 rp-+
  ks1_col_reg[24]/CLK  1081.227173 0.000000 159.415176 0.000000 159.415176 159.415176 rp-+
  mix1_data_o_reg_reg[124]/CLK 1081.260498 0.000000 159.324158 0.000000 159.324158 159.324158 rp-+
  mix1_data_reg_reg[124]/CLK 1072.169800 0.000000 155.401505 0.000000 155.401505 155.401505 rp-+
  mix1_data_reg_reg[120]/CLK 1043.337402 0.000000 142.479187 0.000000 142.479187 142.479187 rp-+
  sub1_data_reg_reg[120]/CLK 1022.941956 0.000000 134.375687 0.000000 134.375687 134.375687 rp-+
  sub1_data_reg_reg[124]/CLK 1021.463623 0.000000 133.814163 0.000000 133.814163 133.814163 rp-+
  sub1_data_reg_reg[107]/CLK 1012.227173 0.000000 130.860931 0.000000 130.860931 130.860931 rp-+
  sub1_data_reg_reg[43]/CLK 1012.234497 0.000000 130.850616 0.000000 130.850616 130.850616 rp-+
  addroundkey_data_reg_reg[89]/CLK 1012.237671 0.000000 130.846100 0.000000 130.846100 130.846100 rp-+
  sub1_data_reg_reg[41]/CLK 1012.111694 0.000000 130.803436 0.000000 130.803436 130.803436 rp-+
  sub1_data_reg_reg[105]/CLK 1012.118103 0.000000 130.795898 0.000000 130.795898 130.795898 rp-+
  mix1_data_o_reg_reg[25]/CLK 1012.228394 0.000000 130.662796 0.000000 130.662796 130.662796 rp-+
  mix1_data_reg_reg[89]/CLK 1012.283936 0.000000 130.593079 0.000000 130.593079 130.593079 rp-+
  sub1_data_reg_reg[42]/CLK 1009.528320 0.000000 129.390961 0.000000 129.390961 129.390961 rp-+
  sub1_data_reg_reg[62]/CLK 999.977600 0.000000 128.378815 0.000000 128.378815 128.378815 rp-+
  sub1_data_reg_reg[72]/CLK 999.998718 0.000000 128.357391 0.000000 128.357391 128.357391 rp-+
  sub1_data_reg_reg[14]/CLK 1000.053101 0.000000 128.303101 0.000000 128.303101 128.303101 rp-+
  sub1_data_reg_reg[4]/CLK 1000.053650 0.000000 128.302689 0.000000 128.302689 128.302689 rp-+
  sub1_data_reg_reg[104]/CLK 1000.053833 0.000000 128.302521 0.000000 128.302521 128.302521 rp-+
  sub1_data_reg_reg[10]/CLK 1000.077637 0.000000 128.279083 0.000000 128.279083 128.279083 rp-+
  sub1_data_reg_reg[8]/CLK 1000.174072 0.000000 128.187180 0.000000 128.187180 128.187180 rp-+
  sub1_data_reg_reg[40]/CLK 1000.384644 0.000000 127.996857 0.000000 127.996857 127.996857 rp-+
  sub1_data_reg_reg[56]/CLK 1000.385986 0.000000 127.995644 0.000000 127.995644 127.995644 rp-+
  sub1_data_reg_reg[24]/CLK 1000.529663 0.000000 127.869896 0.000000 127.869896 127.869896 rp-+
  mix1_data_o_reg_reg[24]/CLK 1000.589966 0.000000 127.817513 0.000000 127.817513 127.817513 rp-+
  sub1_data_reg_reg[25]/CLK 1001.114075 0.000000 127.346443 0.000000 127.346443 127.346443 rp-+
  mix1_data_o_reg_reg[9]/CLK 1001.230835 0.000000 127.235397 0.000000 127.235397 127.235397 rp-+
  sub1_data_reg_reg[88]/CLK 1000.314148 0.000000 126.070702 0.000000 126.070702 126.070702 rp-+
  sub1_data_reg_reg[106]/CLK 1000.344666 0.000000 126.031914 0.000000 126.031914 126.031914 rp-+
  sub1_data_reg_reg[28]/CLK 989.193542 0.000000 121.856407 0.000000 121.856407 121.856407 rp-+
  sub1_data_reg_reg[92]/CLK 966.801636 0.000000 114.674866 0.000000 114.674866 114.674866 rp-+
  sub1_data_reg_reg[108]/CLK 962.861694 0.000000 113.429466 0.000000 113.429466 113.429466 rp-+
  sub1_data_reg_reg[44]/CLK 961.162781 0.000000 112.898911 0.000000 112.898911 112.898911 rp-+
  sub1_data_reg_reg[60]/CLK 951.240845 0.000000 109.876381 0.000000 109.876381 109.876381 rp-+
  sub1_data_reg_reg[46]/CLK 951.241699 0.000000 109.875092 0.000000 109.875092 109.875092 rp-+
  sub1_data_reg_reg[78]/CLK 921.247559 0.000000 101.588737 0.000000 101.588737 101.588737 rp-+
  sub1_data_reg_reg[76]/CLK 921.250793 0.000000 101.562302 0.000000 101.562302 101.562302 rp-+
  sub1_data_reg_reg[74]/CLK 921.252075 0.000000 101.551682 0.000000 101.551682 101.551682 rp-+
  mix1_data_reg_reg[92]/CLK 921.260437 0.000000 101.487503 0.000000 101.487503 101.487503 rp-+
  ks1_key_reg_reg[106]/CLK 917.460144 0.000000 100.747551 0.000000 100.747551 100.747551 rp-+
  mix1_data_o_reg_reg[106]/CLK 917.461426 0.000000 100.736717 0.000000 100.736717 100.736717 rp-+
  mix1_data_o_reg_reg[88]/CLK 917.461487 0.000000 100.736176 0.000000 100.736176 100.736176 rp-+
  mix1_data_reg_reg[88]/CLK 917.468689 0.000000 100.677132 0.000000 100.677132 100.677132 rp-+
  mix1_data_reg_reg[60]/CLK 917.477478 0.000000 100.610138 0.000000 100.610138 100.610138 rp-+
  mix1_data_reg_reg[106]/CLK 917.484497 0.000000 100.559547 0.000000 100.559547 100.559547 rp-+
  sub1_data_reg_reg[110]/CLK 917.486145 0.000000 100.547562 0.000000 100.547562 100.547562 rp-+
  mix1_data_reg_reg[56]/CLK 886.491821 0.000000 91.611725 0.000000 91.611725 91.611725 rp-+
  sub1_data_reg_reg[12]/CLK 861.583313 0.000000 86.094307 0.000000 86.094307 86.094307 rp-+
  mix1_data_o_reg_reg[56]/CLK 858.103088 0.000000 85.340515 0.000000 85.340515 85.340515 rp-+
  mix1_data_o_reg_reg[10]/CLK 855.677917 0.000000 84.834389 0.000000 84.834389 84.834389 rp-+
  mix1_data_o_reg_reg[60]/CLK 853.535522 0.000000 84.660980 0.000000 84.660980 84.660980 rp-+
  mix1_data_reg_reg[100]/CLK 853.534607 0.000000 84.651031 0.000000 84.651031 84.651031 rp-+
  mix1_data_o_reg_reg[28]/CLK 853.534241 0.000000 84.646210 0.000000 84.646210 84.646210 rp-+
  mix1_data_o_reg_reg[38]/CLK 853.533813 0.000000 84.642075 0.000000 84.642075 84.642075 rp-+
  mix1_data_o_reg_reg[92]/CLK 853.533691 0.000000 84.639526 0.000000 84.639526 84.639526 rp-+
  mix1_data_reg_reg[74]/CLK 853.533325 0.000000 84.635658 0.000000 84.635658 84.635658 rp-+
  mix1_data_o_reg_reg[4]/CLK 853.533081 0.000000 84.632812 0.000000 84.632812 84.632812 rp-+
  mix1_data_o_reg_reg[74]/CLK 853.531006 0.000000 84.609413 0.000000 84.609413 84.609413 rp-+
  mix1_data_o_reg_reg[100]/CLK 853.530884 0.000000 84.608482 0.000000 84.608482 84.608482 rp-+
  mix1_data_o_reg_reg[54]/CLK 821.173401 0.000000 77.965508 0.000000 77.965508 77.965508 rp-+
  mix1_data_reg_reg[38]/CLK 803.867920 0.000000 75.009727 0.000000 75.009727 75.009727 rp-+
  mix1_data_o_reg_reg[44]/CLK 793.967163 0.000000 72.768921 0.000000 72.768921 72.768921 rp-+
  mix1_data_o_reg_reg[6]/CLK 787.901855 0.000000 72.732841 0.000000 72.732841 72.732841 rp-+
  mix1_data_reg_reg[54]/CLK 787.901917 0.000000 72.732841 0.000000 72.732841 72.732841 rp-+
  first_round_reg_reg/CLK 633.526917 0.000000 68.840813 0.000000 68.840813 68.840813 rp-+
  mix1_data_o_reg_reg[78]/CLK 767.100342 0.000000 68.516006 0.000000 68.516006 68.516006 rp-+
  ks1_col_reg[4]/CLK   633.633484 0.000000 68.504280 0.000000 68.504280 68.504280 rp-+
  ks1_key_reg_reg[88]/CLK 633.681519 0.000000 68.348129 0.000000 68.348129 68.348129 rp-+
  ks1_key_reg_reg[120]/CLK 633.762634 0.000000 68.080025 0.000000 68.080025 68.080025 rp-+
  ks1_key_reg_reg[100]/CLK 633.858337 0.000000 67.754318 0.000000 67.754318 67.754318 rp-+
  ks1_key_reg_reg[68]/CLK 633.920532 0.000000 67.537155 0.000000 67.537155 67.537155 rp-+
  addroundkey_data_reg_reg[82]/CLK 634.037109 0.000000 66.960335 0.000000 66.960335 66.960335 rp-+
  addroundkey_data_reg_reg[18]/CLK 634.037903 0.000000 66.957451 0.000000 66.957451 66.957451 rp-+
  addroundkey_data_reg_reg[62]/CLK 634.040710 0.000000 66.947113 0.000000 66.947113 66.947113 rp-+
  addroundkey_data_reg_reg[72]/CLK 634.041504 0.000000 66.944221 0.000000 66.944221 66.944221 rp-+
  ks1_key_reg_reg[124]/CLK 634.047241 0.000000 66.922882 0.000000 66.922882 66.922882 rp-+
  ks1_key_reg_reg[108]/CLK 634.072388 0.000000 66.829857 0.000000 66.829857 66.829857 rp-+
  ks1_key_reg_reg[54]/CLK 634.075195 0.000000 66.819397 0.000000 66.819397 66.819397 rp-+
  ks1_key_reg_reg[4]/CLK 634.075012 0.000000 66.800743 0.000000 66.800743 66.800743 rp-+
  ks1_key_reg_reg[22]/CLK 634.082397 0.000000 66.792633 0.000000 66.792633 66.792633 rp-+
  ks1_key_reg_reg[86]/CLK 634.110107 0.000000 66.689308 0.000000 66.689308 66.689308 rp-+
  ks1_key_reg_reg[36]/CLK 634.116821 0.000000 66.654198 0.000000 66.654198 66.654198 rp-+
  addroundkey_data_reg_reg[4]/CLK 634.132874 0.000000 66.622871 0.000000 66.622871 66.622871 rp-+
  addroundkey_data_reg_reg[120]/CLK 634.135925 0.000000 66.611115 0.000000 66.611115 66.611115 rp-+
  ks1_key_reg_reg[24]/CLK 634.141785 0.000000 66.588394 0.000000 66.588394 66.588394 rp-+
  addroundkey_data_reg_reg[24]/CLK 634.148682 0.000000 66.561874 0.000000 66.561874 66.561874 rp-+
  ks1_key_reg_reg[56]/CLK 634.165222 0.000000 66.497543 0.000000 66.497543 66.497543 rp-+
  ks1_key_reg_reg[118]/CLK 634.166016 0.000000 66.479424 0.000000 66.479424 66.479424 rp-+
  addroundkey_data_reg_reg[38]/CLK 634.171509 0.000000 66.474297 0.000000 66.474297 66.474297 rp-+
  addroundkey_data_reg_reg[22]/CLK 634.172363 0.000000 66.471069 0.000000 66.471069 66.471069 rp-+
  addroundkey_data_reg_reg[68]/CLK 634.173157 0.000000 66.467796 0.000000 66.467796 66.467796 rp-+
  ks1_col_reg[22]/CLK  634.184753 0.000000 66.422455 0.000000 66.422455 66.422455 rp-+
  addroundkey_data_reg_reg[56]/CLK 634.185303 0.000000 66.420357 0.000000 66.420357 66.420357 rp-+
  addroundkey_data_reg_reg[100]/CLK 634.201843 0.000000 66.355087 0.000000 66.355087 66.355087 rp-+
  addroundkey_data_reg_reg[124]/CLK 634.223083 0.000000 66.271858 0.000000 66.271858 66.271858 rp-+
  addroundkey_data_reg_reg[118]/CLK 634.407837 0.000000 65.536919 0.000000 65.536919 65.536919 rp-+
  addroundkey_data_reg_reg[86]/CLK 634.473083 0.000000 65.262268 0.000000 65.262268 65.262268 rp-+
  addroundkey_data_reg_reg[108]/CLK 634.555481 0.000000 64.895874 0.000000 64.895874 64.895874 rp-+
  addroundkey_data_reg_reg[54]/CLK 634.700867 0.000000 64.161964 0.000000 64.161964 64.161964 rp-+
  addroundkey_data_reg_reg[36]/CLK 634.884949 0.000000 62.753361 0.000000 62.753361 62.753361 rp-+
  addroundkey_data_reg_reg[92]/CLK 634.823059 0.000000 62.321663 0.000000 62.321663 62.321663 rp-+
  mix1_data_o_reg_reg[118]/CLK 724.092041 0.000000 62.050938 0.000000 62.050938 62.050938 rp-+
  addroundkey_data_reg_reg[14]/CLK 634.715576 0.000000 61.671261 0.000000 61.671261 61.671261 rp-+
  addroundkey_data_reg_reg[28]/CLK 634.715515 0.000000 61.660709 0.000000 61.660709 61.660709 rp-+
  ks1_col_reg[28]/CLK  634.446960 0.000000 60.397739 0.000000 60.397739 60.397739 rp-+
  ks1_key_reg_reg[38]/CLK 634.422363 0.000000 60.302795 0.000000 60.302795 60.302795 rp-+
  ks1_col_reg[2]/CLK   634.117676 0.000000 58.864082 0.000000 58.864082 58.864082 rp-+
  addroundkey_data_reg_reg[98]/CLK 633.891663 0.000000 58.148026 0.000000 58.148026 58.148026 rp-+
  mix1_data_o_reg_reg[14]/CLK 691.067200 0.000000 58.039703 0.000000 58.039703 58.039703 rp-+
  mix1_data_o_reg_reg[86]/CLK 686.456299 0.000000 57.524136 0.000000 57.524136 57.524136 rp-+
  mix1_data_reg_reg[86]/CLK 685.603882 0.000000 57.434425 0.000000 57.434425 57.434425 rp-+
  mix1_data_reg_reg[78]/CLK 685.637268 0.000000 57.416866 0.000000 57.416866 57.416866 rp-+
  mix1_data_o_reg_reg[76]/CLK 633.577148 0.000000 57.200680 0.000000 57.200680 57.200680 rp-+
  mix1_data_o_reg_reg[108]/CLK 633.577209 0.000000 57.195610 0.000000 57.195610 57.195610 rp-+
  mix1_data_reg_reg[108]/CLK 633.155762 0.000000 56.020004 0.000000 56.020004 56.020004 rp-+
  addroundkey_data_reg_reg[0]/CLK 633.117859 0.000000 55.915993 0.000000 55.915993 55.915993 rp-+
  addroundkey_data_reg_reg[34]/CLK 568.592346 0.000000 54.800030 0.000000 54.800030 54.800030 rp-+
  ks1_key_reg_reg[92]/CLK 568.591614 0.000000 54.771416 0.000000 54.771416 54.771416 rp-+
  ks1_key_reg_reg[18]/CLK 568.584656 0.000000 54.748974 0.000000 54.748974 54.748974 rp-+
  ks1_key_reg_reg[82]/CLK 568.583740 0.000000 54.746067 0.000000 54.746067 54.746067 rp-+
  ks1_key_reg_reg[72]/CLK 568.574463 0.000000 54.716064 0.000000 54.716064 54.716064 rp-+
  ks1_key_reg_reg[34]/CLK 568.545593 0.000000 54.624420 0.000000 54.624420 54.624420 rp-+
  ks1_key_reg_reg[14]/CLK 568.515320 0.000000 54.529854 0.000000 54.529854 54.529854 rp-+
  ks1_key_reg_reg[46]/CLK 568.478699 0.000000 54.421997 0.000000 54.421997 54.421997 rp-+
  ks1_key_reg_reg[28]/CLK 568.428223 0.000000 54.274715 0.000000 54.274715 54.274715 rp-+
  ks1_key_reg_reg[114]/CLK 568.425049 0.000000 54.264690 0.000000 54.264690 54.264690 rp-+
  ks1_key_reg_reg[78]/CLK 568.347351 0.000000 54.142265 0.000000 54.142265 54.142265 rp-+
  ks1_key_reg_reg[60]/CLK 568.343323 0.000000 54.116020 0.000000 54.116020 54.116020 rp-+
  ks1_key_reg_reg[12]/CLK 568.292603 0.000000 53.820782 0.000000 53.820782 53.820782 rp-+
  mix1_data_reg_reg[44]/CLK 632.255066 0.000000 53.677845 0.000000 53.677845 53.677845 rp-+
  ks1_key_reg_reg[76]/CLK 568.252991 0.000000 53.612320 0.000000 53.612320 53.612320 rp-+
  ks1_key_reg_reg[44]/CLK 568.224854 0.000000 53.470871 0.000000 53.470871 53.470871 rp-+
  ks1_key_reg_reg[30]/CLK 568.194275 0.000000 53.378250 0.000000 53.378250 53.378250 rp-+
  ks1_key_reg_reg[2]/CLK 568.193787 0.000000 53.373325 0.000000 53.373325 53.373325 rp-+
  ks1_key_reg_reg[84]/CLK 568.202881 0.000000 53.357548 0.000000 53.357548 53.357548 rp-+
  ks1_key_reg_reg[96]/CLK 568.191772 0.000000 53.351040 0.000000 53.351040 53.351040 rp-+
  ks1_key_reg_reg[102]/CLK 568.188110 0.000000 53.311939 0.000000 53.311939 53.311939 rp-+
  ks1_key_reg_reg[52]/CLK 568.185120 0.000000 53.280247 0.000000 53.280247 53.280247 rp-+
  ks1_key_reg_reg[20]/CLK 568.097839 0.000000 52.826221 0.000000 52.826221 52.826221 rp-+
  ks1_key_reg_reg[94]/CLK 568.064270 0.000000 52.666977 0.000000 52.666977 52.666977 rp-+
  addroundkey_data_reg_reg[8]/CLK 631.697266 0.000000 52.356182 0.000000 52.356182 52.356182 rp-+
  ks1_key_reg_reg[116]/CLK 567.971497 0.000000 52.249752 0.000000 52.249752 52.249752 rp-+
  mix1_data_reg_reg[76]/CLK 631.610046 0.000000 52.146343 0.000000 52.146343 52.146343 rp-+
  addroundkey_data_reg_reg[6]/CLK 631.610168 0.000000 52.145252 0.000000 52.145252 52.145252 rp-+
  addroundkey_data_reg_reg[60]/CLK 567.927185 0.000000 52.070957 0.000000 52.070957 52.070957 rp-+
  addroundkey_data_reg_reg[76]/CLK 567.940796 0.000000 51.699753 0.000000 51.699753 51.699753 rp-+
  addroundkey_data_reg_reg[44]/CLK 567.834045 0.000000 51.158436 0.000000 51.158436 51.158436 rp-+
  addroundkey_data_reg_reg[78]/CLK 567.773376 0.000000 50.855057 0.000000 50.855057 50.855057 rp-+
  mix1_data_o_reg_reg[12]/CLK 631.886169 0.000000 50.814400 0.000000 50.814400 50.814400 rp-+
  ready_o_reg/CLK      567.592712 0.000000 50.028629 0.000000 50.028629 50.028629 rp-+
  addroundkey_data_reg_reg[84]/CLK 567.593018 0.000000 50.026726 0.000000 50.026726 50.026726 rp-+
  ks1_key_reg_reg[64]/CLK 567.526855 0.000000 49.687969 0.000000 49.687969 49.687969 rp-+
  ks1_key_reg_reg[16]/CLK 567.479797 0.000000 49.474644 0.000000 49.474644 49.474644 rp-+
  ks1_key_reg_reg[48]/CLK 567.464539 0.000000 49.428947 0.000000 49.428947 49.428947 rp-+
  ks1_key_reg_reg[66]/CLK 566.336792 0.000000 48.990276 0.000000 48.990276 48.990276 rp-+
  ks1_key_reg_reg[40]/CLK 566.336853 0.000000 48.990017 0.000000 48.990017 48.990017 rp-+
  ks1_key_reg_reg[62]/CLK 566.344543 0.000000 48.955894 0.000000 48.955894 48.955894 rp-+
  ks1_key_reg_reg[70]/CLK 566.351135 0.000000 48.927502 0.000000 48.927502 48.927502 rp-+
  mix1_data_reg_reg[118]/CLK 618.500061 0.000000 48.913471 0.000000 48.913471 48.913471 rp-+
  ks1_key_reg_reg[50]/CLK 566.362061 0.000000 48.879696 0.000000 48.879696 48.879696 rp-+
  ks1_key_reg_reg[6]/CLK 566.368713 0.000000 48.848576 0.000000 48.848576 48.848576 rp-+
  ks1_key_reg_reg[98]/CLK 566.369019 0.000000 48.847321 0.000000 48.847321 48.847321 rp-+
  ks1_col_reg[6]/CLK   566.388367 0.000000 48.761082 0.000000 48.761082 48.761082 rp-+
  ks1_col_reg[18]/CLK  566.388855 0.000000 48.759224 0.000000 48.759224 48.759224 rp-+
  ks1_key_reg_reg[8]/CLK 566.471069 0.000000 48.385269 0.000000 48.385269 48.385269 rp-+
  ks1_key_reg_reg[32]/CLK 567.246460 0.000000 48.383419 0.000000 48.383419 48.383419 rp-+
  addroundkey_data_reg_reg[48]/CLK 614.410767 0.000000 48.332458 0.000000 48.332458 48.332458 rp-+
  addroundkey_data_reg_reg[12]/CLK 566.487000 0.000000 48.306396 0.000000 48.306396 48.306396 rp-+
  ks1_col_reg[0]/CLK   566.543518 0.000000 48.027798 0.000000 48.027798 48.027798 rp-+
  ks1_col_reg[20]/CLK  566.559570 0.000000 47.945389 0.000000 47.945389 47.945389 rp-+
  addroundkey_data_reg_reg[70]/CLK 566.565857 0.000000 47.915726 0.000000 47.915726 47.915726 rp-+
  ks1_key_reg_reg[126]/CLK 567.110779 0.000000 47.812393 0.000000 47.812393 47.812393 rp-+
  addroundkey_data_reg_reg[114]/CLK 566.587402 0.000000 47.786030 0.000000 47.786030 47.786030 rp-+
  addroundkey_data_reg_reg[102]/CLK 566.588806 0.000000 47.781742 0.000000 47.781742 47.781742 rp-+
  addroundkey_data_reg_reg[46]/CLK 566.646545 0.000000 47.511246 0.000000 47.511246 47.511246 rp-+
  ks1_col_reg[30]/CLK  566.682861 0.000000 47.330280 0.000000 47.330280 47.330280 rp-+
  ks1_key_reg_reg[110]/CLK 566.716492 0.000000 47.151081 0.000000 47.151081 47.151081 rp-+
  ks1_key_reg_reg[0]/CLK 566.928162 0.000000 47.024361 0.000000 47.024361 47.024361 rp-+
  addroundkey_data_reg_reg[96]/CLK 566.752441 0.000000 46.901615 0.000000 46.901615 46.901615 rp-+
  addroundkey_data_reg_reg[52]/CLK 566.757080 0.000000 46.889576 0.000000 46.889576 46.889576 rp-+
  mix1_data_reg_reg[102]/CLK 600.543518 0.000000 46.610275 0.000000 46.610275 46.610275 rp-+
  ks1_key_reg_reg[104]/CLK 566.685120 0.000000 45.501503 0.000000 45.501503 45.501503 rp-+
  addroundkey_data_reg_reg[110]/CLK 566.183594 0.000000 42.789734 0.000000 42.789734 42.789734 rp-+
  mix1_data_o_reg_reg[102]/CLK 556.571777 0.000000 40.773941 0.000000 40.773941 40.773941 rp-+
  mix1_data_reg_reg[70]/CLK 538.837585 0.000000 38.121624 0.000000 38.121624 38.121624 rp-+
  addroundkey_data_reg_reg[74]/CLK 523.106262 0.000000 35.935543 0.000000 35.935543 35.935543 rp-+
  addroundkey_data_reg_reg[126]/CLK 523.109375 0.000000 35.933529 0.000000 35.933529 35.933529 rp-+
  addroundkey_data_reg_reg[40]/CLK 523.155273 0.000000 35.904022 0.000000 35.904022 35.904022 rp-+
  mix1_data_o_reg_reg[70]/CLK 523.172119 0.000000 35.893055 0.000000 35.893055 35.893055 rp-+
  mix1_data_reg_reg[110]/CLK 483.234375 0.000000 30.192690 0.000000 30.192690 30.192690 rp-+
  sub1_data_reg_reg[6]/CLK 401.514099 0.000000 19.254370 0.000000 19.254370 19.254370 rp-+
  mix1_data_o_reg_reg[110]/CLK 401.514008 0.000000 19.249800 0.000000 19.249800 19.249800 rp-+
  mix1_data_o_reg_reg[22]/CLK 401.513977 0.000000 19.248892 0.000000 19.248892 19.248892 rp-+
  mix1_data_reg_reg[36]/CLK 401.512634 0.000000 19.191528 0.000000 19.191528 19.191528 rp-+
  mix1_data_reg_reg[46]/CLK 401.512573 0.000000 19.187943 0.000000 19.187943 19.187943 rp-+
  mix1_data_o_reg_reg[36]/CLK 383.284760 0.000000 17.305408 0.000000 17.305408 17.305408 rp-+
  mix1_data_o_reg_reg[46]/CLK 360.045654 0.000000 14.911551 0.000000 14.911551 14.911551 rp-+
  addroundkey_data_reg_reg[10]/CLK 332.579376 0.000000 12.945838 0.000000 12.945838 12.945838 rp-+
  sub1_data_reg_reg[84]/CLK 279.453369 0.000000 10.308531 0.000000 10.308531 10.308531 rp-+
  sub1_data_reg_reg[52]/CLK 279.452972 0.000000 10.294173 0.000000 10.294173 10.294173 rp-+
  sub1_data_reg_reg[102]/CLK 279.452423 0.000000 10.279139 0.000000 10.279139 10.279139 rp-+
  sub1_data_reg_reg[70]/CLK 279.451782 0.000000 10.257693 0.000000 10.257693 10.257693 rp-+
  addroundkey_data_reg_reg[42]/CLK 279.450745 0.000000 10.184801 0.000000 10.184801 10.184801 rp-+
  sub1_data_reg_reg[0]/CLK 279.450439 0.000000 10.175221 0.000000 10.175221 10.175221 rp-+
  addroundkey_data_reg_reg[50]/CLK 236.893997 0.000000 8.658543 0.000000 8.658543 8.658543 rp-+
  addroundkey_data_reg_reg[30]/CLK 211.739670 0.000000 7.844305 0.000000 7.844305 7.844305 rp-+
  ks1_key_reg_reg[42]/CLK 134.711502 0.000000 5.280571 0.000000 5.280571 5.280571 rp-+
  ks1_key_reg_reg[74]/CLK 107.339050 0.000000 4.452555 0.000000 4.452555 4.452555 rp-+
  ks1_key_reg_reg[10]/CLK 107.336510 0.000000 4.443403 0.000000 4.443403 4.443403 rp-+
  addroundkey_data_reg_reg[94]/CLK 58.925869 0.000000 2.959520 0.000000 2.959520 2.959520 rp-+
  addroundkey_data_reg_reg[116]/CLK 58.936001 0.000000 2.924945 0.000000 2.924945 2.924945 rp-+
  addroundkey_data_reg_reg[2]/CLK 58.940598 0.000000 2.909260 0.000000 2.909260 2.909260 rp-+
  addroundkey_data_reg_reg[16]/CLK 44.415821 0.000000 2.446586 0.000000 2.446586 2.446586 rp-+
  addroundkey_data_reg_reg[64]/CLK 20.170437 0.000000 1.586562 0.000000 1.586562 1.586562 rp-+
  addroundkey_ready_o_reg/CLK 0.000000 0.000000 -29.400000 0.000000 -29.400000 -29.400000 r-+
  ks1_ready_o_reg/CLK  0.000000 0.000000 -39.400002 0.000000 -39.400002 -39.400002 r-+
  round_reg[2]/CLK     0.000000 0.000000 -47.500000 0.000000 -47.500000 -47.500000 r-+
  addroundkey_start_i_reg/CLK 0.000000 0.000000 -47.700001 0.000000 -47.700001 -47.700001 r-+
  mix1_state_reg[1]/CLK 0.000000 0.000000 -49.200001 0.000000 -49.200001 -49.200001 r-+
  round_reg[1]/CLK     0.000000 0.000000 -53.099998 0.000000 -53.099998 -53.099998 r-+
  addroundkey_round_reg[0]/CLK 0.000000 0.000000 -53.799999 0.000000 -53.799999 -53.799999 r-+
  sub1_state_reg[0]/CLK 0.000000 0.000000 -56.599998 0.000000 -56.599998 -56.599998 r-+
  sub1_state_reg[2]/CLK 0.000000 0.000000 -56.799999 0.000000 -56.799999 -56.799999 r-+
  addroundkey_round_reg[2]/CLK 0.000000 0.000000 -57.700001 0.000000 -57.700001 -57.700001 r-+
  round_reg[0]/CLK     0.000000 0.000000 -59.299999 0.000000 -59.299999 -59.299999 r-+
  addroundkey_round_reg[3]/CLK 0.000000 0.000000 -59.500000 0.000000 -59.500000 -59.500000 r-+
  sub1_state_reg[3]/CLK 0.000000 0.000000 -62.599998 0.000000 -62.599998 -62.599998 r-+
  addroundkey_round_reg[1]/CLK 0.000000 0.000000 -63.400002 0.000000 -63.400002 -63.400002 r-+
----------------------------------------------------------------------------

1
