****************************************
Report : clock timing
	-type latency
	-launch
	-nworst 239
	-setup
	-variation
Design : aes_cipher_top
Version: U-2022.12-SP5-1-VAL-20231129
Date   : Tue Jul 29 16:53:04 2025
****************************************

  Clock: clk
  Sigma: 3.0

                                  ............ Latency ............
                                                   --- Total ---
  Clock Pin            Trans   Source  Network Sensit  Mean    Quant
----------------------------------------------------------------------------
  sa01_reg[0]/CLK      902.086365 0.000000 344.624512 0.000000 344.624512 344.624512 rp-+
  text_out_reg[93]/CLK 902.086975 0.000000 344.616058 0.000000 344.616058 344.616058 rp-+
  text_out_reg[91]/CLK 902.100830 0.000000 344.422394 0.000000 344.422394 344.422394 rp-+
  sa31_reg[3]/CLK      902.105408 0.000000 344.356262 0.000000 344.356262 344.356262 rp-+
  sa12_reg[5]/CLK      902.112488 0.000000 344.254822 0.000000 344.254822 344.254822 rp-+
  text_out_reg[83]/CLK 902.134583 0.000000 343.926727 0.000000 343.926727 343.926727 rp-+
  text_out_reg[88]/CLK 902.159668 0.000000 343.531281 0.000000 343.531281 343.531281 rp-+
  text_out_reg[95]/CLK 902.169739 0.000000 343.365784 0.000000 343.365784 343.365784 rp-+
  text_out_reg[67]/CLK 902.179871 0.000000 343.192078 0.000000 343.192078 343.192078 rp-+
  text_out_reg[87]/CLK 902.195862 0.000000 342.909424 0.000000 342.909424 342.909424 rp-+
  text_out_reg[79]/CLK 902.236328 0.000000 342.097412 0.000000 342.097412 342.097412 rp-+
  text_out_reg[71]/CLK 902.239746 0.000000 342.036407 0.000000 342.036407 342.036407 rp-+
  done_reg/CLK         902.235474 0.000000 341.940002 0.000000 341.940002 341.940002 rp-+
  text_out_reg[121]/CLK 902.237854 0.000000 340.227539 0.000000 340.227539 340.227539 rp-+
  text_out_reg[123]/CLK 902.240601 0.000000 340.152161 0.000000 340.152161 340.152161 rp-+
  sa30_reg[2]/CLK      902.240906 0.000000 340.145966 0.000000 340.145966 340.145966 rp-+
  text_out_reg[127]/CLK 902.244019 0.000000 340.082916 0.000000 340.082916 340.082916 rp-+
  u0_r0_out_reg[31]/CLK 902.248596 0.000000 339.986664 0.000000 339.986664 339.986664 rp-+
  sa00_reg[2]/CLK      902.249634 0.000000 339.984711 0.000000 339.984711 339.984711 rp-+
  u0_r0_out_reg[26]/CLK 902.249390 0.000000 339.970062 0.000000 339.970062 339.970062 rp-+
  text_out_reg[122]/CLK 902.249939 0.000000 339.959259 0.000000 339.959259 339.959259 rp-+
  u0_r0_out_reg[30]/CLK 902.250366 0.000000 339.950073 0.000000 339.950073 339.950073 rp-+
  u0_r0_out_reg[24]/CLK 902.253479 0.000000 339.887054 0.000000 339.887054 339.887054 rp-+
  u0_r0_out_reg[28]/CLK 902.255493 0.000000 339.842773 0.000000 339.842773 339.842773 rp-+
  text_out_reg[107]/CLK 902.255554 0.000000 339.841034 0.000000 339.841034 339.841034 rp-+
  sa00_reg[5]/CLK      902.255676 0.000000 339.838654 0.000000 339.838654 339.838654 rp-+
  u0_r0_rcnt_reg[2]/CLK 902.265137 0.000000 339.644684 0.000000 339.644684 339.644684 rp-+
  text_out_reg[99]/CLK 902.264893 0.000000 339.636597 0.000000 339.636597 339.636597 rp-+
  text_out_reg[115]/CLK 902.265808 0.000000 339.617828 0.000000 339.617828 339.617828 rp-+
  sa00_reg[3]/CLK      902.266724 0.000000 339.597382 0.000000 339.597382 339.597382 rp-+
  u0_r0_out_reg[27]/CLK 902.279785 0.000000 339.297241 0.000000 339.297241 339.297241 rp-+
  u0_r0_rcnt_reg[1]/CLK 902.281677 0.000000 339.260986 0.000000 339.260986 339.260986 rp-+
  u0_r0_out_reg[25]/CLK 902.291138 0.000000 339.018219 0.000000 339.018219 339.018219 rp-+
  u0_r0_out_reg[29]/CLK 902.295654 0.000000 338.902374 0.000000 338.902374 338.902374 rp-+
  u0_r0_rcnt_reg[3]/CLK 902.301575 0.000000 338.745972 0.000000 338.745972 338.745972 rp-+
  sa30_reg[1]/CLK      902.331482 0.000000 333.132385 0.000000 333.132385 333.132385 rp-+
  sa30_reg[3]/CLK      902.275757 0.000000 331.486115 0.000000 331.486115 331.486115 rp-+
  dcnt_reg[2]/CLK      899.275513 0.000000 330.845581 0.000000 330.845581 330.845581 rp-+
  dcnt_reg[3]/CLK      899.275696 0.000000 330.840637 0.000000 330.840637 330.840637 rp-+
  text_out_reg[63]/CLK 899.289368 0.000000 330.489349 0.000000 330.489349 330.489349 rp-+
  text_out_reg[45]/CLK 899.290649 0.000000 330.449951 0.000000 330.449951 330.449951 rp-+
  text_out_reg[54]/CLK 899.290710 0.000000 330.448547 0.000000 330.448547 330.448547 rp-+
  text_out_reg[38]/CLK 899.293518 0.000000 330.371399 0.000000 330.371399 330.371399 rp-+
  text_out_reg[37]/CLK 899.294739 0.000000 330.336823 0.000000 330.336823 330.336823 rp-+
  sa31_reg[2]/CLK      899.304199 0.000000 330.057373 0.000000 330.057373 330.057373 rp-+
  text_out_reg[55]/CLK 899.309937 0.000000 329.881226 0.000000 329.881226 329.881226 rp-+
  text_out_reg[43]/CLK 899.324890 0.000000 329.384735 0.000000 329.384735 329.384735 rp-+
  sa20_reg[3]/CLK      902.148682 0.000000 328.994629 0.000000 328.994629 328.994629 rp-+
  text_out_reg[51]/CLK 899.338806 0.000000 328.846893 0.000000 328.846893 328.846893 rp-+
  sa12_reg[6]/CLK      899.339111 0.000000 328.835999 0.000000 328.835999 328.835999 rp-+
  sa12_reg[7]/CLK      899.342041 0.000000 328.697296 0.000000 328.697296 328.697296 rp-+
  text_out_reg[76]/CLK 899.343079 0.000000 328.662964 0.000000 328.662964 328.662964 rp-+
  sa31_reg[4]/CLK      899.343445 0.000000 328.650024 0.000000 328.650024 328.650024 rp-+
  text_out_reg[59]/CLK 899.343567 0.000000 328.645691 0.000000 328.645691 328.645691 rp-+
  sa12_reg[3]/CLK      899.366028 0.000000 327.598419 0.000000 327.598419 327.598419 rp-+
  sa31_reg[5]/CLK      899.387085 0.000000 325.698334 0.000000 325.698334 325.698334 rp-+
  text_out_reg[77]/CLK 899.387207 0.000000 325.692566 0.000000 325.692566 325.692566 rp-+
  text_out_reg[49]/CLK 901.570618 0.000000 324.973267 0.000000 324.973267 324.973267 rp-+
  text_out_reg[64]/CLK 901.570923 0.000000 324.937866 0.000000 324.937866 324.937866 rp-+
  text_out_reg[70]/CLK 901.571045 0.000000 324.923798 0.000000 324.923798 324.923798 rp-+
  sa01_reg[2]/CLK      901.571228 0.000000 324.907867 0.000000 324.907867 324.907867 rp-+
  text_out_reg[72]/CLK 901.572571 0.000000 324.755035 0.000000 324.755035 324.755035 rp-+
  text_out_reg[80]/CLK 901.572998 0.000000 324.710114 0.000000 324.710114 324.710114 rp-+
  sa01_reg[6]/CLK      901.573303 0.000000 324.679779 0.000000 324.679779 324.679779 rp-+
  text_out_reg[50]/CLK 899.369507 0.000000 324.552643 0.000000 324.552643 324.552643 rp-+
  text_out_reg[41]/CLK 899.369507 0.000000 324.550720 0.000000 324.550720 324.550720 rp-+
  sa12_reg[2]/CLK      899.370728 0.000000 324.474670 0.000000 324.474670 324.474670 rp-+
  sa21_reg[4]/CLK      899.371399 0.000000 324.429932 0.000000 324.429932 324.429932 rp-+
  sa12_reg[0]/CLK      899.371521 0.000000 324.424591 0.000000 324.424591 324.424591 rp-+
  sa11_reg[1]/CLK      899.375977 0.000000 324.124664 0.000000 324.124664 324.124664 rp-+
  sa12_reg[4]/CLK      899.379211 0.000000 323.893921 0.000000 323.893921 323.893921 rp-+
  sa20_reg[0]/CLK      901.579590 0.000000 323.803040 0.000000 323.803040 323.803040 rp-+
  sa11_reg[2]/CLK      899.380554 0.000000 323.790497 0.000000 323.790497 323.790497 rp-+
  text_out_reg[81]/CLK 899.379761 0.000000 323.399689 0.000000 323.399689 323.399689 rp-+
  sa31_reg[1]/CLK      899.378174 0.000000 323.226990 0.000000 323.226990 323.226990 rp-+
  text_out_reg[75]/CLK 899.355347 0.000000 321.680847 0.000000 321.680847 321.680847 rp-+
  text_out_reg[84]/CLK 899.321899 0.000000 320.741241 0.000000 320.741241 320.741241 rp-+
  sa01_reg[5]/CLK      899.322083 0.000000 320.726471 0.000000 320.726471 320.726471 rp-+
  sa11_reg[5]/CLK      899.322266 0.000000 320.710388 0.000000 320.710388 320.710388 rp-+
  text_out_reg[85]/CLK 899.322266 0.000000 320.707916 0.000000 320.707916 320.707916 rp-+
  text_out_reg[92]/CLK 899.322266 0.000000 320.705139 0.000000 320.705139 320.705139 rp-+
  text_out_reg[68]/CLK 899.329224 0.000000 320.619324 0.000000 320.619324 320.619324 rp-+
  sa11_reg[0]/CLK      899.278992 0.000000 319.044067 0.000000 319.044067 319.044067 rp-+
  text_out_reg[89]/CLK 899.240723 0.000000 318.091278 0.000000 318.091278 318.091278 rp-+
  sa11_reg[6]/CLK      899.188782 0.000000 317.019867 0.000000 317.019867 317.019867 rp-+
  text_out_reg[47]/CLK 899.188782 0.000000 317.016174 0.000000 317.016174 317.016174 rp-+
  sa31_reg[6]/CLK      899.173401 0.000000 316.725372 0.000000 316.725372 316.725372 rp-+
  text_out_reg[94]/CLK 899.173462 0.000000 316.720581 0.000000 316.720581 316.720581 rp-+
  sa20_reg[7]/CLK      900.504517 0.000000 314.812744 0.000000 314.812744 314.812744 rp-+
  sa30_reg[4]/CLK      896.327881 0.000000 313.484650 0.000000 313.484650 313.484650 rp-+
  text_out_reg[86]/CLK 898.899841 0.000000 312.722229 0.000000 312.722229 312.722229 rp-+
  text_out_reg[97]/CLK 896.218445 0.000000 312.430084 0.000000 312.430084 312.430084 rp-+
  text_out_reg[100]/CLK 896.230591 0.000000 312.404266 0.000000 312.404266 312.404266 rp-+
  sa20_reg[1]/CLK      896.232788 0.000000 312.399658 0.000000 312.399658 312.399658 rp-+
  text_out_reg[114]/CLK 896.240540 0.000000 312.383118 0.000000 312.383118 312.383118 rp-+
  text_out_reg[113]/CLK 896.247375 0.000000 312.368561 0.000000 312.368561 312.368561 rp-+
  text_out_reg[69]/CLK 895.047119 0.000000 310.147522 0.000000 310.147522 310.147522 rp-+
  text_out_reg[90]/CLK 895.203796 0.000000 309.311401 0.000000 309.311401 309.311401 rp-+
  text_out_reg[57]/CLK 895.416138 0.000000 308.021027 0.000000 308.021027 308.021027 rp-+
  sa21_reg[3]/CLK      895.551147 0.000000 307.075928 0.000000 307.075928 307.075928 rp-+
  sa31_reg[0]/CLK      895.551514 0.000000 307.072052 0.000000 307.072052 307.072052 rp-+
  text_out_reg[78]/CLK 895.604736 0.000000 306.635345 0.000000 306.635345 306.635345 rp-+
  text_out_reg[33]/CLK 895.720703 0.000000 305.574738 0.000000 305.574738 305.574738 rp-+
  sa32_reg[2]/CLK      894.219482 0.000000 296.512939 0.000000 296.512939 296.512939 rp-+
  text_out_reg[118]/CLK 893.375244 0.000000 293.893280 0.000000 293.893280 293.893280 rp-+
  text_out_reg[101]/CLK 890.695007 0.000000 288.573975 0.000000 288.573975 288.573975 rp-+
  text_out_reg[125]/CLK 890.699402 0.000000 288.567322 0.000000 288.567322 288.567322 rp-+
  text_out_reg[117]/CLK 890.779907 0.000000 288.445007 0.000000 288.445007 288.445007 rp-+
  text_out_reg[39]/CLK 887.399597 0.000000 283.057983 0.000000 283.057983 283.057983 rp-+
  text_out_reg[42]/CLK 887.406677 0.000000 283.049866 0.000000 283.049866 283.049866 rp-+
  text_out_reg[65]/CLK 887.407654 0.000000 283.048706 0.000000 283.048706 283.048706 rp-+
  text_out_reg[34]/CLK 887.446472 0.000000 283.004028 0.000000 283.004028 283.004028 rp-+
  text_out_reg[82]/CLK 887.578247 0.000000 282.850372 0.000000 282.850372 282.850372 rp-+
  sa20_reg[5]/CLK      887.640930 0.000000 282.776306 0.000000 282.776306 282.776306 rp-+
  text_out_reg[25]/CLK 865.652832 0.000000 270.308105 0.000000 270.308105 270.308105 rp-+
  sa33_reg[0]/CLK      865.788818 0.000000 270.115417 0.000000 270.115417 270.115417 rp-+
  sa03_reg[2]/CLK      865.980713 0.000000 269.833008 0.000000 269.833008 269.833008 rp-+
  text_out_reg[28]/CLK 865.994141 0.000000 269.812683 0.000000 269.812683 269.812683 rp-+
  sa13_reg[2]/CLK      866.802246 0.000000 268.658722 0.000000 268.658722 268.658722 rp-+
  text_out_reg[6]/CLK  867.555420 0.000000 267.331512 0.000000 267.331512 267.331512 rp-+
  text_out_reg[22]/CLK 867.966736 0.000000 266.230194 0.000000 266.230194 266.230194 rp-+
  text_out_reg[0]/CLK  867.998413 0.000000 266.122467 0.000000 266.122467 266.122467 rp-+
  text_out_reg[1]/CLK  868.326965 0.000000 264.836273 0.000000 264.836273 264.836273 rp-+
  text_out_reg[104]/CLK 867.900879 0.000000 263.069672 0.000000 263.069672 263.069672 rp-+
  text_out_reg[112]/CLK 867.906738 0.000000 263.041779 0.000000 263.041779 263.041779 rp-+
  text_out_reg[23]/CLK 867.907654 0.000000 263.037567 0.000000 263.037567 263.037567 rp-+
  text_out_reg[119]/CLK 867.918335 0.000000 262.986877 0.000000 262.986877 262.986877 rp-+
  text_out_reg[120]/CLK 867.929138 0.000000 262.935059 0.000000 262.935059 262.935059 rp-+
  sa10_reg[7]/CLK      867.947876 0.000000 262.844696 0.000000 262.844696 262.844696 rp-+
  sa30_reg[0]/CLK      867.983704 0.000000 262.670135 0.000000 262.670135 262.670135 rp-+
  text_out_reg[17]/CLK 868.011108 0.000000 262.533966 0.000000 262.533966 262.533966 rp-+
  sa00_reg[0]/CLK      868.046631 0.000000 262.355316 0.000000 262.355316 262.355316 rp-+
  sa10_reg[5]/CLK      868.076843 0.000000 262.200256 0.000000 262.200256 262.200256 rp-+
  sa10_reg[2]/CLK      868.078857 0.000000 262.189758 0.000000 262.189758 262.189758 rp-+
  sa10_reg[0]/CLK      868.079590 0.000000 262.186035 0.000000 262.186035 262.186035 rp-+
  text_out_reg[116]/CLK 880.172791 0.000000 262.137939 0.000000 262.137939 262.137939 rp-+
  text_out_reg[98]/CLK 868.096069 0.000000 262.100372 0.000000 262.100372 262.100372 rp-+
  sa00_reg[6]/CLK      868.206726 0.000000 261.504059 0.000000 261.504059 261.504059 rp-+
  sa30_reg[6]/CLK      868.207581 0.000000 261.499146 0.000000 261.499146 261.499146 rp-+
  sa32_reg[0]/CLK      868.243225 0.000000 261.298706 0.000000 261.298706 261.298706 rp-+
  text_out_reg[7]/CLK  868.275452 0.000000 261.112885 0.000000 261.112885 261.112885 rp-+
  text_out_reg[96]/CLK 868.276855 0.000000 261.104736 0.000000 261.104736 261.104736 rp-+
  text_out_reg[16]/CLK 868.323303 0.000000 260.830078 0.000000 260.830078 260.830078 rp-+
  text_out_reg[20]/CLK 868.333801 0.000000 260.766815 0.000000 260.766815 260.766815 rp-+
  text_out_reg[111]/CLK 868.086060 0.000000 258.660217 0.000000 258.660217 258.660217 rp-+
  sa00_reg[4]/CLK      868.091187 0.000000 258.635559 0.000000 258.635559 258.635559 rp-+
  text_out_reg[103]/CLK 868.094116 0.000000 258.621124 0.000000 258.621124 258.621124 rp-+
  sa10_reg[4]/CLK      868.098267 0.000000 258.601105 0.000000 258.601105 258.601105 rp-+
  sa20_reg[6]/CLK      868.115234 0.000000 258.518158 0.000000 258.518158 258.518158 rp-+
  text_out_reg[124]/CLK 868.118164 0.000000 258.503815 0.000000 258.503815 258.503815 rp-+
  sa30_reg[5]/CLK      868.128784 0.000000 258.451233 0.000000 258.451233 258.451233 rp-+
  text_out_reg[105]/CLK 868.190186 0.000000 258.139496 0.000000 258.139496 258.139496 rp-+
  sa10_reg[6]/CLK      868.197998 0.000000 258.098816 0.000000 258.098816 258.098816 rp-+
  text_out_reg[18]/CLK 868.458313 0.000000 257.887299 0.000000 257.887299 257.887299 rp-+
  text_out_reg[3]/CLK  868.258179 0.000000 257.775848 0.000000 257.775848 257.775848 rp-+
  text_out_reg[102]/CLK 868.348022 0.000000 257.260956 0.000000 257.260956 257.260956 rp-+
  sa32_reg[5]/CLK      868.361877 0.000000 257.178925 0.000000 257.178925 257.178925 rp-+
  text_out_reg[126]/CLK 868.362854 0.000000 257.172455 0.000000 257.172455 257.172455 rp-+
  text_out_reg[2]/CLK  868.428284 0.000000 255.733475 0.000000 255.733475 255.733475 rp-+
  sa32_reg[6]/CLK      868.393066 0.000000 253.404114 0.000000 253.404114 253.404114 rp-+
  text_out_reg[26]/CLK 868.203552 0.000000 250.503616 0.000000 250.503616 250.503616 rp-+
  sa03_reg[7]/CLK      868.207153 0.000000 250.470337 0.000000 250.470337 250.470337 rp-+
  text_out_reg[31]/CLK 868.207886 0.000000 250.463959 0.000000 250.463959 250.463959 rp-+
  sa33_reg[3]/CLK      868.034973 0.000000 248.861786 0.000000 248.861786 248.861786 rp-+
  text_out_reg[108]/CLK 870.781555 0.000000 247.973892 0.000000 247.973892 247.973892 rp-+
  sa03_reg[3]/CLK      867.879578 0.000000 247.745285 0.000000 247.745285 247.745285 rp-+
  text_out_reg[110]/CLK 867.852173 0.000000 247.556534 0.000000 247.556534 247.556534 rp-+
  text_out_reg[106]/CLK 867.740295 0.000000 246.865829 0.000000 246.865829 246.865829 rp-+
  text_out_reg[27]/CLK 867.570007 0.000000 245.959198 0.000000 245.959198 245.959198 rp-+
  text_out_reg[19]/CLK 867.570068 0.000000 245.958069 0.000000 245.958069 245.958069 rp-+
  text_out_reg[24]/CLK 867.570312 0.000000 245.950485 0.000000 245.950485 245.950485 rp-+
  sa22_reg[2]/CLK      860.611023 0.000000 233.103409 0.000000 233.103409 233.103409 rp-+
  text_out_reg[8]/CLK  848.413696 0.000000 217.674622 0.000000 217.674622 217.674622 rp-+
  text_out_reg[10]/CLK 839.493774 0.000000 207.505142 0.000000 207.505142 207.505142 rp-+
  sa03_reg[4]/CLK      839.495117 0.000000 207.501541 0.000000 207.501541 207.501541 rp-+
  text_out_reg[21]/CLK 839.510559 0.000000 207.458740 0.000000 207.458740 207.458740 rp-+
  text_out_reg[29]/CLK 839.524841 0.000000 207.418823 0.000000 207.418823 207.418823 rp-+
  text_out_reg[12]/CLK 822.891113 0.000000 189.106476 0.000000 189.106476 189.106476 rp-+
  sa33_reg[2]/CLK      818.165771 0.000000 182.588104 0.000000 182.588104 182.588104 rp-+
  sa33_reg[5]/CLK      818.160767 0.000000 182.465424 0.000000 182.465424 182.465424 rp-+
  text_out_reg[9]/CLK  818.154846 0.000000 182.312759 0.000000 182.312759 182.312759 rp-+
  text_out_reg[4]/CLK  818.153564 0.000000 182.277206 0.000000 182.277206 182.277206 rp-+
  text_out_reg[5]/CLK  818.150269 0.000000 182.184769 0.000000 182.184769 182.184769 rp-+
  sa03_reg[5]/CLK      818.147461 0.000000 182.104706 0.000000 182.104706 182.104706 rp-+
  sa33_reg[4]/CLK      818.166870 0.000000 181.942215 0.000000 181.942215 181.942215 rp-+
  sa13_reg[6]/CLK      814.520142 0.000000 181.560287 0.000000 181.560287 181.560287 rp-+
  text_out_reg[30]/CLK 814.586792 0.000000 181.505554 0.000000 181.505554 181.505554 rp-+
  text_out_reg[109]/CLK 811.698425 0.000000 177.407578 0.000000 177.407578 177.407578 rp-+
  sa13_reg[5]/CLK      798.394836 0.000000 163.640091 0.000000 163.640091 163.640091 rp-+
  text_out_reg[15]/CLK 793.014221 0.000000 153.535065 0.000000 153.535065 153.535065 rp-+
  text_out_reg[11]/CLK 750.008667 0.000000 111.575424 0.000000 111.575424 111.575424 rp-+
  sa13_reg[3]/CLK      741.396851 0.000000 103.387047 0.000000 103.387047 103.387047 rp-+
  text_out_reg[66]/CLK 735.231140 0.000000 98.748116 0.000000 98.748116 98.748116 rp-+
  sa32_reg[4]/CLK      698.117126 0.000000 72.261131 0.000000 72.261131 72.261131 rp-+
  sa13_reg[0]/CLK      696.809021 0.000000 71.507332 0.000000 71.507332 71.507332 rp-+
  sa23_reg[3]/CLK      684.728882 0.000000 64.729156 0.000000 64.729156 64.729156 rp-+
  sa13_reg[7]/CLK      642.242615 0.000000 53.008755 0.000000 53.008755 53.008755 rp-+
  sa21_reg[5]/CLK      642.244080 0.000000 53.003448 0.000000 53.003448 53.003448 rp-+
  text_out_reg[53]/CLK 642.247559 0.000000 52.990967 0.000000 52.990967 52.990967 rp-+
  sa02_reg[5]/CLK      642.266479 0.000000 52.920166 0.000000 52.920166 52.920166 rp-+
  sa02_reg[7]/CLK      642.284058 0.000000 52.849773 0.000000 52.849773 52.849773 rp-+
  sa02_reg[3]/CLK      642.302795 0.000000 52.769146 0.000000 52.769146 52.769146 rp-+
  sa02_reg[2]/CLK      642.307495 0.000000 52.747791 0.000000 52.747791 52.747791 rp-+
  sa02_reg[6]/CLK      642.337097 0.000000 52.601704 0.000000 52.601704 52.601704 rp-+
  sa02_reg[4]/CLK      642.307739 0.000000 52.411606 0.000000 52.411606 52.411606 rp-+
  text_out_reg[61]/CLK 642.313477 0.000000 52.383907 0.000000 52.383907 52.383907 rp-+
  sa32_reg[3]/CLK      642.317627 0.000000 52.061474 0.000000 52.061474 52.061474 rp-+
  text_out_reg[58]/CLK 642.317688 0.000000 52.061371 0.000000 52.061371 52.061371 rp-+
  sa21_reg[6]/CLK      642.318359 0.000000 52.058464 0.000000 52.058464 52.058464 rp-+
  text_out_reg[40]/CLK 642.329163 0.000000 52.010948 0.000000 52.010948 52.010948 rp-+
  text_out_reg[32]/CLK 642.333862 0.000000 51.989086 0.000000 51.989086 51.989086 rp-+
  text_out_reg[62]/CLK 642.397034 0.000000 51.950333 0.000000 51.950333 51.950333 rp-+
  text_out_reg[56]/CLK 642.395081 0.000000 51.872280 0.000000 51.872280 51.872280 rp-+
  text_out_reg[73]/CLK 642.398315 0.000000 51.844971 0.000000 51.844971 51.844971 rp-+
  text_out_reg[48]/CLK 642.399658 0.000000 51.840767 0.000000 51.840767 51.840767 rp-+
  sa21_reg[2]/CLK      642.400757 0.000000 51.829674 0.000000 51.829674 51.829674 rp-+
  text_out_reg[74]/CLK 642.404724 0.000000 51.790340 0.000000 51.790340 51.790340 rp-+
  text_out_reg[46]/CLK 642.418884 0.000000 51.753460 0.000000 51.753460 51.753460 rp-+
  text_out_reg[60]/CLK 642.408630 0.000000 51.744408 0.000000 51.744408 51.744408 rp-+
  sa22_reg[7]/CLK      642.422668 0.000000 51.705383 0.000000 51.705383 51.705383 rp-+
  text_out_reg[35]/CLK 642.424011 0.000000 51.405468 0.000000 51.405468 51.405468 rp-+
  text_out_reg[52]/CLK 642.428955 0.000000 51.338573 0.000000 51.338573 51.338573 rp-+
  text_out_reg[44]/CLK 642.419922 0.000000 51.194698 0.000000 51.194698 51.194698 rp-+
  sa22_reg[0]/CLK      639.177734 0.000000 50.559845 0.000000 50.559845 50.559845 rp-+
  sa02_reg[0]/CLK      639.860229 0.000000 50.002518 0.000000 50.002518 50.002518 rp-+
  text_out_reg[36]/CLK 639.864441 0.000000 49.998898 0.000000 49.998898 49.998898 rp-+
  sa21_reg[0]/CLK      640.277649 0.000000 49.547340 0.000000 49.547340 49.547340 rp-+
  sa22_reg[4]/CLK      630.376892 0.000000 44.842117 0.000000 44.842117 44.842117 rp-+
  sa13_reg[4]/CLK      613.012634 0.000000 40.861465 0.000000 40.861465 40.861465 rp-+
  sa22_reg[1]/CLK      606.046875 0.000000 37.560295 0.000000 37.560295 37.560295 rp-+
  sa23_reg[7]/CLK      595.010559 0.000000 35.085930 0.000000 35.085930 35.085930 rp-+
  text_out_reg[13]/CLK 595.010620 0.000000 35.080223 0.000000 35.080223 35.080223 rp-+
  sa22_reg[6]/CLK      577.927185 0.000000 31.357349 0.000000 31.357349 31.357349 rp-+
  sa23_reg[5]/CLK      577.927979 0.000000 31.351143 0.000000 31.351143 31.351143 rp-+
  sa22_reg[5]/CLK      483.768005 0.000000 16.945284 0.000000 16.945284 16.945284 rp-+
  sa23_reg[2]/CLK      480.710754 0.000000 16.712782 0.000000 16.712782 16.712782 rp-+
  sa23_reg[6]/CLK      473.362976 0.000000 16.007870 0.000000 16.007870 16.007870 rp-+
  text_out_reg[14]/CLK 421.845612 0.000000 11.901409 0.000000 11.901409 11.901409 rp-+
  sa23_reg[1]/CLK      398.607452 0.000000 10.776141 0.000000 10.776141 10.776141 rp-+
----------------------------------------------------------------------------

1
