****************************************
Report : clock timing
	-type latency
	-capture
	-nworst 239
	-setup
	-variation
Design : aes_cipher_top
Version: U-2022.12-SP5-1-VAL-20231129
Date   : Tue Jul 29 16:53:04 2025
****************************************

  Clock: clk
  Sigma: 3.0

                                  ............ Latency ............
                                                   --- Total ---
  Clock Pin            Trans   Source  Network Sensit  Mean    Quant
----------------------------------------------------------------------------
  sa23_reg[1]/CLK      326.284576 0.000000 7.454425 0.000000 7.454425 7.454425 rp-+
  text_out_reg[14]/CLK 345.494476 0.000000 8.599253 0.000000 8.599253 8.599253 rp-+
  sa23_reg[6]/CLK      388.443146 0.000000 12.535481 0.000000 12.535481 12.535481 rp-+
  sa23_reg[2]/CLK      394.480255 0.000000 13.169253 0.000000 13.169253 13.169253 rp-+
  sa22_reg[5]/CLK      396.992432 0.000000 13.443182 0.000000 13.443182 13.443182 rp-+
  sa23_reg[5]/CLK      475.468079 0.000000 25.585337 0.000000 25.585337 25.585337 rp-+
  sa22_reg[6]/CLK      475.468842 0.000000 25.590673 0.000000 25.590673 25.590673 rp-+
  text_out_reg[13]/CLK 489.766388 0.000000 28.618231 0.000000 28.618231 28.618231 rp-+
  sa23_reg[7]/CLK      489.767487 0.000000 28.622692 0.000000 28.622692 28.622692 rp-+
  sa22_reg[1]/CLK      498.991089 0.000000 30.834133 0.000000 30.834133 30.834133 rp-+
  sa13_reg[4]/CLK      504.987335 0.000000 33.512745 0.000000 33.512745 33.512745 rp-+
  sa22_reg[4]/CLK      519.301514 0.000000 36.846909 0.000000 36.846909 36.846909 rp-+
  sa21_reg[0]/CLK      527.573425 0.000000 40.746872 0.000000 40.746872 40.746872 rp-+
  text_out_reg[36]/CLK 527.202942 0.000000 41.129475 0.000000 41.129475 41.129475 rp-+
  sa02_reg[0]/CLK      527.199524 0.000000 41.132553 0.000000 41.132553 41.132553 rp-+
  sa22_reg[0]/CLK      526.595154 0.000000 41.609806 0.000000 41.609806 41.609806 rp-+
  text_out_reg[44]/CLK 529.119019 0.000000 42.162601 0.000000 42.162601 42.162601 rp-+
  text_out_reg[52]/CLK 529.118225 0.000000 42.289486 0.000000 42.289486 42.289486 rp-+
  text_out_reg[35]/CLK 529.117188 0.000000 42.348663 0.000000 42.348663 42.348663 rp-+
  sa22_reg[7]/CLK      529.106079 0.000000 42.633427 0.000000 42.633427 42.633427 rp-+
  text_out_reg[60]/CLK 529.106323 0.000000 42.666145 0.000000 42.666145 42.666145 rp-+
  text_out_reg[46]/CLK 529.103638 0.000000 42.679646 0.000000 42.679646 42.679646 rp-+
  text_out_reg[74]/CLK 529.104126 0.000000 42.710236 0.000000 42.710236 42.710236 rp-+
  sa21_reg[2]/CLK      529.102173 0.000000 42.748016 0.000000 42.748016 42.748016 rp-+
  text_out_reg[48]/CLK 529.101501 0.000000 42.758778 0.000000 42.758778 42.758778 rp-+
  text_out_reg[73]/CLK 529.101746 0.000000 42.762222 0.000000 42.762222 42.762222 rp-+
  text_out_reg[56]/CLK 529.100342 0.000000 42.788460 0.000000 42.788460 42.788460 rp-+
  text_out_reg[62]/CLK 529.090820 0.000000 42.871834 0.000000 42.871834 42.871834 rp-+
  text_out_reg[32]/CLK 529.092651 0.000000 42.902580 0.000000 42.902580 42.902580 rp-+
  text_out_reg[40]/CLK 529.091125 0.000000 42.923882 0.000000 42.923882 42.923882 rp-+
  sa21_reg[6]/CLK      529.087769 0.000000 42.970207 0.000000 42.970207 42.970207 rp-+
  text_out_reg[58]/CLK 529.087585 0.000000 42.973042 0.000000 42.973042 42.973042 rp-+
  sa32_reg[3]/CLK      529.087585 0.000000 42.973141 0.000000 42.973141 42.973141 rp-+
  text_out_reg[61]/CLK 529.079468 0.000000 43.009346 0.000000 43.009346 43.009346 rp-+
  sa02_reg[4]/CLK      529.077759 0.000000 43.028984 0.000000 43.028984 43.028984 rp-+
  sa02_reg[6]/CLK      529.067566 0.000000 43.160877 0.000000 43.160877 43.160877 rp-+
  sa02_reg[2]/CLK      529.066772 0.000000 43.258587 0.000000 43.258587 43.258587 rp-+
  sa02_reg[3]/CLK      529.067993 0.000000 43.272507 0.000000 43.272507 43.272507 rp-+
  sa02_reg[7]/CLK      529.030029 0.000000 43.324707 0.000000 43.324707 43.324707 rp-+
  sa02_reg[5]/CLK      529.020569 0.000000 43.369339 0.000000 43.369339 43.369339 rp-+
  text_out_reg[53]/CLK 529.010315 0.000000 43.413380 0.000000 43.413380 43.413380 rp-+
  sa21_reg[5]/CLK      529.008484 0.000000 43.421059 0.000000 43.421059 43.421059 rp-+
  sa13_reg[7]/CLK      529.007629 0.000000 43.424313 0.000000 43.424313 43.424313 rp-+
  sa23_reg[3]/CLK      564.181274 0.000000 53.495014 0.000000 53.495014 53.495014 rp-+
  sa13_reg[0]/CLK      574.105713 0.000000 59.047359 0.000000 59.047359 59.047359 rp-+
  sa32_reg[4]/CLK      575.180359 0.000000 59.671257 0.000000 59.671257 59.671257 rp-+
  text_out_reg[66]/CLK 605.669373 0.000000 81.591454 0.000000 81.591454 81.591454 rp-+
  sa13_reg[3]/CLK      610.722900 0.000000 85.784744 0.000000 85.784744 85.784744 rp-+
  text_out_reg[11]/CLK 617.825439 0.000000 92.172234 0.000000 92.172234 92.172234 rp-+
  text_out_reg[15]/CLK 653.173706 0.000000 126.734879 0.000000 126.734879 126.734879 rp-+
  sa13_reg[5]/CLK      657.744568 0.000000 135.030945 0.000000 135.030945 135.030945 rp-+
  text_out_reg[109]/CLK 668.620117 0.000000 146.348007 0.000000 146.348007 146.348007 rp-+
  text_out_reg[30]/CLK 671.001770 0.000000 149.721970 0.000000 149.721970 149.721970 rp-+
  sa13_reg[6]/CLK      670.948242 0.000000 149.767532 0.000000 149.767532 149.767532 rp-+
  sa33_reg[4]/CLK      670.542236 0.000000 150.085724 0.000000 150.085724 150.085724 rp-+
  sa03_reg[5]/CLK      673.850464 0.000000 150.221268 0.000000 150.221268 150.221268 rp-+
  text_out_reg[5]/CLK  673.853027 0.000000 150.288086 0.000000 150.288086 150.288086 rp-+
  text_out_reg[4]/CLK  673.855957 0.000000 150.365295 0.000000 150.365295 150.365295 rp-+
  text_out_reg[9]/CLK  673.857117 0.000000 150.395004 0.000000 150.395004 150.395004 rp-+
  sa33_reg[5]/CLK      673.862244 0.000000 150.522644 0.000000 150.522644 150.522644 rp-+
  sa33_reg[2]/CLK      673.866516 0.000000 150.625336 0.000000 150.625336 150.625336 rp-+
  text_out_reg[12]/CLK 677.798828 0.000000 155.966278 0.000000 155.966278 155.966278 rp-+
  text_out_reg[29]/CLK 691.356567 0.000000 171.022552 0.000000 171.022552 171.022552 rp-+
  text_out_reg[21]/CLK 691.344299 0.000000 171.055603 0.000000 171.055603 171.055603 rp-+
  sa03_reg[4]/CLK      691.330994 0.000000 171.091034 0.000000 171.091034 171.091034 rp-+
  text_out_reg[10]/CLK 691.329895 0.000000 171.094009 0.000000 171.094009 171.094009 rp-+
  text_out_reg[8]/CLK  698.647461 0.000000 179.452866 0.000000 179.452866 179.452866 rp-+
  sa22_reg[2]/CLK      708.617371 0.000000 192.152618 0.000000 192.152618 192.152618 rp-+
  text_out_reg[24]/CLK 714.157532 0.000000 202.699509 0.000000 202.699509 202.699509 rp-+
  text_out_reg[19]/CLK 714.158447 0.000000 202.705765 0.000000 202.705765 202.705765 rp-+
  text_out_reg[27]/CLK 714.158569 0.000000 202.706696 0.000000 202.706696 202.706696 rp-+
  text_out_reg[106]/CLK 714.344238 0.000000 203.452850 0.000000 203.452850 203.452850 rp-+
  text_out_reg[110]/CLK 714.361145 0.000000 204.021347 0.000000 204.021347 204.021347 rp-+
  sa03_reg[3]/CLK      714.382996 0.000000 204.176712 0.000000 204.176712 204.176712 rp-+
  text_out_reg[108]/CLK 716.887268 0.000000 204.366669 0.000000 204.366669 204.366669 rp-+
  sa33_reg[3]/CLK      714.567932 0.000000 205.095657 0.000000 205.095657 205.095657 rp-+
  text_out_reg[31]/CLK 714.694092 0.000000 206.414398 0.000000 206.414398 206.414398 rp-+
  sa03_reg[7]/CLK      714.693359 0.000000 206.419662 0.000000 206.419662 206.419662 rp-+
  text_out_reg[26]/CLK 714.689697 0.000000 206.447098 0.000000 206.447098 206.447098 rp-+
  sa32_reg[6]/CLK      714.824585 0.000000 208.834534 0.000000 208.834534 208.834534 rp-+
  text_out_reg[2]/CLK  714.846252 0.000000 210.753632 0.000000 210.753632 210.753632 rp-+
  text_out_reg[126]/CLK 714.785950 0.000000 211.938431 0.000000 211.938431 211.938431 rp-+
  sa32_reg[5]/CLK      714.785095 0.000000 211.943741 0.000000 211.943741 211.943741 rp-+
  text_out_reg[102]/CLK 714.773560 0.000000 212.011383 0.000000 212.011383 212.011383 rp-+
  text_out_reg[3]/CLK  714.698425 0.000000 212.435745 0.000000 212.435745 212.435745 rp-+
  text_out_reg[18]/CLK 714.864807 0.000000 212.525909 0.000000 212.525909 212.525909 rp-+
  sa10_reg[6]/CLK      714.648376 0.000000 212.701920 0.000000 212.701920 212.701920 rp-+
  text_out_reg[105]/CLK 714.641907 0.000000 212.735458 0.000000 212.735458 212.735458 rp-+
  sa30_reg[5]/CLK      714.591003 0.000000 212.992386 0.000000 212.992386 212.992386 rp-+
  text_out_reg[124]/CLK 714.582214 0.000000 213.035721 0.000000 213.035721 213.035721 rp-+
  sa20_reg[6]/CLK      714.579834 0.000000 213.047546 0.000000 213.047546 213.047546 rp-+
  sa10_reg[4]/CLK      714.565796 0.000000 213.115921 0.000000 213.115921 213.115921 rp-+
  text_out_reg[103]/CLK 714.562378 0.000000 213.132431 0.000000 213.132431 213.132431 rp-+
  sa00_reg[4]/CLK      714.559875 0.000000 213.144318 0.000000 213.144318 213.144318 rp-+
  text_out_reg[111]/CLK 714.555664 0.000000 213.164642 0.000000 213.164642 213.164642 rp-+
  text_out_reg[20]/CLK 714.757812 0.000000 214.895905 0.000000 214.895905 214.895905 rp-+
  text_out_reg[16]/CLK 714.749207 0.000000 214.948013 0.000000 214.948013 214.948013 rp-+
  text_out_reg[96]/CLK 714.711121 0.000000 215.174271 0.000000 215.174271 215.174271 rp-+
  text_out_reg[7]/CLK  714.710022 0.000000 215.180984 0.000000 215.180984 215.180984 rp-+
  sa32_reg[0]/CLK      714.683594 0.000000 215.334045 0.000000 215.334045 215.334045 rp-+
  sa30_reg[6]/CLK      714.654480 0.000000 215.499176 0.000000 215.499176 215.499176 rp-+
  sa00_reg[6]/CLK      714.653748 0.000000 215.503204 0.000000 215.503204 215.503204 rp-+
  text_out_reg[98]/CLK 714.563538 0.000000 215.994415 0.000000 215.994415 215.994415 rp-+
  text_out_reg[116]/CLK 724.551453 0.000000 215.999619 0.000000 215.999619 215.999619 rp-+
  sa10_reg[0]/CLK      714.550110 0.000000 216.064972 0.000000 216.064972 216.064972 rp-+
  sa10_reg[2]/CLK      714.549561 0.000000 216.068039 0.000000 216.068039 216.068039 rp-+
  sa10_reg[5]/CLK      714.547913 0.000000 216.076691 0.000000 216.076691 216.076691 rp-+
  sa00_reg[0]/CLK      714.523315 0.000000 216.204422 0.000000 216.204422 216.204422 rp-+
  text_out_reg[17]/CLK 714.494507 0.000000 216.351578 0.000000 216.351578 216.351578 rp-+
  sa30_reg[0]/CLK      714.472229 0.000000 216.463730 0.000000 216.463730 216.463730 rp-+
  sa10_reg[7]/CLK      714.443237 0.000000 216.607529 0.000000 216.607529 216.607529 rp-+
  text_out_reg[120]/CLK 714.428040 0.000000 216.681961 0.000000 216.681961 216.681961 rp-+
  text_out_reg[119]/CLK 714.419250 0.000000 216.724655 0.000000 216.724655 216.724655 rp-+
  text_out_reg[23]/CLK 714.410645 0.000000 216.766388 0.000000 216.766388 216.766388 rp-+
  text_out_reg[112]/CLK 714.409973 0.000000 216.769867 0.000000 216.769867 216.769867 rp-+
  text_out_reg[104]/CLK 714.405151 0.000000 216.792847 0.000000 216.792847 216.792847 rp-+
  text_out_reg[1]/CLK  714.776245 0.000000 218.240234 0.000000 218.240234 218.240234 rp-+
  text_out_reg[0]/CLK  714.535339 0.000000 219.297684 0.000000 219.297684 219.297684 rp-+
  text_out_reg[22]/CLK 714.511353 0.000000 219.386215 0.000000 219.386215 219.386215 rp-+
  text_out_reg[6]/CLK  714.170410 0.000000 220.291473 0.000000 220.291473 220.291473 rp-+
  sa13_reg[2]/CLK      713.599365 0.000000 221.382629 0.000000 221.382629 221.382629 rp-+
  text_out_reg[28]/CLK 712.996338 0.000000 222.331512 0.000000 222.331512 222.331512 rp-+
  sa03_reg[2]/CLK      712.986328 0.000000 222.348221 0.000000 222.348221 222.348221 rp-+
  sa33_reg[0]/CLK      712.843628 0.000000 222.580551 0.000000 222.580551 222.580551 rp-+
  text_out_reg[25]/CLK 712.742798 0.000000 222.739090 0.000000 222.739090 222.739090 rp-+
  sa20_reg[5]/CLK      730.593628 0.000000 232.951767 0.000000 232.951767 232.951767 rp-+
  text_out_reg[82]/CLK 730.541809 0.000000 233.012772 0.000000 233.012772 233.012772 rp-+
  text_out_reg[34]/CLK 730.432678 0.000000 233.139343 0.000000 233.139343 233.139343 rp-+
  text_out_reg[65]/CLK 730.400574 0.000000 233.176147 0.000000 233.176147 233.176147 rp-+
  text_out_reg[42]/CLK 730.399719 0.000000 233.177109 0.000000 233.177109 233.177109 rp-+
  text_out_reg[39]/CLK 730.393860 0.000000 233.183807 0.000000 233.183807 233.183807 rp-+
  text_out_reg[117]/CLK 733.157654 0.000000 237.608810 0.000000 237.608810 237.608810 rp-+
  text_out_reg[125]/CLK 733.091125 0.000000 237.709534 0.000000 237.709534 237.709534 rp-+
  text_out_reg[101]/CLK 733.087463 0.000000 237.715012 0.000000 237.715012 237.715012 rp-+
  text_out_reg[118]/CLK 735.258850 0.000000 242.083633 0.000000 242.083633 242.083633 rp-+
  sa32_reg[2]/CLK      735.941589 0.000000 244.235474 0.000000 244.235474 244.235474 rp-+
  text_out_reg[33]/CLK 737.167725 0.000000 251.678360 0.000000 251.678360 251.678360 rp-+
  text_out_reg[78]/CLK 737.068237 0.000000 252.549393 0.000000 252.549393 252.549393 rp-+
  sa31_reg[0]/CLK      737.022827 0.000000 252.908112 0.000000 252.908112 252.908112 rp-+
  sa21_reg[3]/CLK      737.022522 0.000000 252.911285 0.000000 252.911285 252.911285 rp-+
  text_out_reg[57]/CLK 736.907471 0.000000 253.687332 0.000000 253.687332 253.687332 rp-+
  text_out_reg[90]/CLK 736.727234 0.000000 254.747009 0.000000 254.747009 254.747009 rp-+
  text_out_reg[69]/CLK 736.594604 0.000000 255.433609 0.000000 255.433609 255.433609 rp-+
  text_out_reg[113]/CLK 737.546936 0.000000 257.260773 0.000000 257.260773 257.260773 rp-+
  text_out_reg[114]/CLK 737.541260 0.000000 257.272766 0.000000 257.272766 257.272766 rp-+
  sa20_reg[1]/CLK      737.534851 0.000000 257.286377 0.000000 257.286377 257.286377 rp-+
  text_out_reg[100]/CLK 737.533081 0.000000 257.290161 0.000000 257.290161 257.290161 rp-+
  text_out_reg[97]/CLK 737.523071 0.000000 257.311371 0.000000 257.311371 257.311371 rp-+
  text_out_reg[86]/CLK 739.771484 0.000000 257.547882 0.000000 257.547882 257.547882 rp-+
  sa30_reg[4]/CLK      737.609070 0.000000 258.177521 0.000000 258.177521 258.177521 rp-+
  sa20_reg[7]/CLK      741.055481 0.000000 259.268555 0.000000 259.268555 259.268555 rp-+
  text_out_reg[94]/CLK 739.995911 0.000000 260.831024 0.000000 260.831024 260.831024 rp-+
  sa31_reg[6]/CLK      739.995850 0.000000 260.834991 0.000000 260.834991 260.834991 rp-+
  text_out_reg[47]/CLK 740.008545 0.000000 261.073730 0.000000 261.073730 261.073730 rp-+
  sa11_reg[6]/CLK      740.008484 0.000000 261.076782 0.000000 261.076782 261.076782 rp-+
  text_out_reg[89]/CLK 740.051270 0.000000 261.956451 0.000000 261.956451 261.956451 rp-+
  sa11_reg[0]/CLK      740.082825 0.000000 262.738739 0.000000 262.738739 262.738739 rp-+
  text_out_reg[68]/CLK 740.124390 0.000000 264.032013 0.000000 264.032013 264.032013 rp-+
  text_out_reg[92]/CLK 740.118652 0.000000 264.102600 0.000000 264.102600 264.102600 rp-+
  text_out_reg[85]/CLK 740.118591 0.000000 264.104889 0.000000 264.104889 264.104889 rp-+
  sa11_reg[5]/CLK      740.118591 0.000000 264.106934 0.000000 264.106934 264.106934 rp-+
  sa01_reg[5]/CLK      740.118469 0.000000 264.120148 0.000000 264.120148 264.120148 rp-+
  text_out_reg[84]/CLK 740.118347 0.000000 264.132294 0.000000 264.132294 264.132294 rp-+
  text_out_reg[75]/CLK 740.146118 0.000000 264.903473 0.000000 264.903473 264.903473 rp-+
  sa31_reg[1]/CLK      740.165222 0.000000 266.172729 0.000000 266.172729 266.172729 rp-+
  text_out_reg[81]/CLK 740.166565 0.000000 266.314484 0.000000 266.314484 266.314484 rp-+
  sa11_reg[2]/CLK      740.167297 0.000000 266.635315 0.000000 266.635315 266.635315 rp-+
  sa20_reg[0]/CLK      741.918274 0.000000 266.654022 0.000000 266.654022 266.654022 rp-+
  sa12_reg[4]/CLK      740.166138 0.000000 266.720276 0.000000 266.720276 266.720276 rp-+
  sa11_reg[1]/CLK      740.163513 0.000000 266.909760 0.000000 266.909760 266.909760 rp-+
  sa12_reg[0]/CLK      740.159851 0.000000 267.156067 0.000000 267.156067 267.156067 rp-+
  sa21_reg[4]/CLK      740.159729 0.000000 267.160431 0.000000 267.160431 267.160431 rp-+
  sa12_reg[2]/CLK      740.159180 0.000000 267.197205 0.000000 267.197205 267.197205 rp-+
  text_out_reg[41]/CLK 740.158203 0.000000 267.259644 0.000000 267.259644 267.259644 rp-+
  text_out_reg[50]/CLK 740.158203 0.000000 267.261230 0.000000 267.261230 267.261230 rp-+
  sa01_reg[6]/CLK      741.911743 0.000000 267.374695 0.000000 267.374695 267.374695 rp-+
  text_out_reg[80]/CLK 741.911499 0.000000 267.399628 0.000000 267.399628 267.399628 rp-+
  text_out_reg[72]/CLK 741.911072 0.000000 267.436523 0.000000 267.436523 267.436523 rp-+
  sa01_reg[2]/CLK      741.909729 0.000000 267.562164 0.000000 267.562164 267.562164 rp-+
  text_out_reg[70]/CLK 741.909607 0.000000 267.575256 0.000000 267.575256 267.575256 rp-+
  text_out_reg[64]/CLK 741.909424 0.000000 267.586823 0.000000 267.586823 267.586823 rp-+
  text_out_reg[49]/CLK 741.909119 0.000000 267.615906 0.000000 267.615906 267.615906 rp-+
  text_out_reg[77]/CLK 740.173218 0.000000 268.196472 0.000000 268.196472 268.196472 rp-+
  sa31_reg[5]/CLK      740.173096 0.000000 268.201202 0.000000 268.201202 268.201202 rp-+
  sa12_reg[3]/CLK      740.156128 0.000000 269.760590 0.000000 269.760590 269.760590 rp-+
  text_out_reg[59]/CLK 740.137695 0.000000 270.620087 0.000000 270.620087 270.620087 rp-+
  sa31_reg[4]/CLK      740.137634 0.000000 270.623627 0.000000 270.623627 270.623627 rp-+
  text_out_reg[76]/CLK 740.137329 0.000000 270.634247 0.000000 270.634247 270.634247 rp-+
  sa12_reg[7]/CLK      740.136536 0.000000 270.662445 0.000000 270.662445 270.662445 rp-+
  sa12_reg[6]/CLK      740.134094 0.000000 270.776245 0.000000 270.776245 270.776245 rp-+
  text_out_reg[51]/CLK 740.133850 0.000000 270.785156 0.000000 270.785156 270.785156 rp-+
  sa20_reg[3]/CLK      742.382385 0.000000 270.922058 0.000000 270.922058 270.922058 rp-+
  text_out_reg[43]/CLK 740.122437 0.000000 271.226471 0.000000 271.226471 271.226471 rp-+
  text_out_reg[55]/CLK 740.110168 0.000000 271.633881 0.000000 271.633881 271.633881 rp-+
  sa31_reg[2]/CLK      740.105408 0.000000 271.778412 0.000000 271.778412 271.778412 rp-+
  text_out_reg[37]/CLK 740.097595 0.000000 272.007690 0.000000 272.007690 272.007690 rp-+
  text_out_reg[38]/CLK 740.096558 0.000000 272.036041 0.000000 272.036041 272.036041 rp-+
  text_out_reg[54]/CLK 740.094299 0.000000 272.099335 0.000000 272.099335 272.099335 rp-+
  text_out_reg[45]/CLK 740.094238 0.000000 272.100494 0.000000 272.100494 272.100494 rp-+
  text_out_reg[63]/CLK 740.093201 0.000000 272.132812 0.000000 272.132812 272.132812 rp-+
  dcnt_reg[3]/CLK      740.081909 0.000000 272.421112 0.000000 272.421112 272.421112 rp-+
  dcnt_reg[2]/CLK      740.081726 0.000000 272.425171 0.000000 272.425171 272.425171 rp-+
  sa30_reg[3]/CLK      742.485535 0.000000 272.969849 0.000000 272.969849 272.969849 rp-+
  sa30_reg[1]/CLK      742.531128 0.000000 274.323090 0.000000 274.323090 274.323090 rp-+
  u0_r0_rcnt_reg[3]/CLK 742.510925 0.000000 278.938721 0.000000 278.938721 278.938721 rp-+
  u0_r0_out_reg[29]/CLK 742.506287 0.000000 279.067383 0.000000 279.067383 279.067383 rp-+
  u0_r0_out_reg[25]/CLK 742.502808 0.000000 279.162628 0.000000 279.162628 279.162628 rp-+
  u0_r0_rcnt_reg[1]/CLK 742.495422 0.000000 279.362305 0.000000 279.362305 279.362305 rp-+
  u0_r0_out_reg[27]/CLK 742.493958 0.000000 279.392120 0.000000 279.392120 279.392120 rp-+
  sa00_reg[3]/CLK      742.483765 0.000000 279.638977 0.000000 279.638977 279.638977 rp-+
  text_out_reg[115]/CLK 742.483032 0.000000 279.655792 0.000000 279.655792 279.655792 rp-+
  text_out_reg[99]/CLK 742.482300 0.000000 279.671234 0.000000 279.671234 279.671234 rp-+
  u0_r0_rcnt_reg[2]/CLK 742.482544 0.000000 279.677856 0.000000 279.677856 279.677856 rp-+
  sa00_reg[5]/CLK      742.475098 0.000000 279.837433 0.000000 279.837433 279.837433 rp-+
  text_out_reg[107]/CLK 742.475037 0.000000 279.839355 0.000000 279.839355 279.839355 rp-+
  u0_r0_out_reg[28]/CLK 742.474976 0.000000 279.840820 0.000000 279.840820 279.840820 rp-+
  u0_r0_out_reg[24]/CLK 742.473389 0.000000 279.877228 0.000000 279.877228 279.877228 rp-+
  u0_r0_out_reg[30]/CLK 742.470947 0.000000 279.929047 0.000000 279.929047 279.929047 rp-+
  text_out_reg[122]/CLK 742.470642 0.000000 279.936615 0.000000 279.936615 279.936615 rp-+
  u0_r0_out_reg[26]/CLK 742.470215 0.000000 279.945496 0.000000 279.945496 279.945496 rp-+
  sa00_reg[2]/CLK      742.470459 0.000000 279.957550 0.000000 279.957550 279.957550 rp-+
  u0_r0_out_reg[31]/CLK 742.469604 0.000000 279.959137 0.000000 279.959137 279.959137 rp-+
  text_out_reg[127]/CLK 742.466003 0.000000 280.038300 0.000000 280.038300 280.038300 rp-+
  sa30_reg[2]/CLK      742.463623 0.000000 280.090179 0.000000 280.090179 280.090179 rp-+
  text_out_reg[123]/CLK 742.463379 0.000000 280.095276 0.000000 280.095276 280.095276 rp-+
  text_out_reg[121]/CLK 742.461243 0.000000 280.157257 0.000000 280.157257 280.157257 rp-+
  done_reg/CLK         742.462280 0.000000 281.564880 0.000000 281.564880 281.564880 rp-+
  text_out_reg[71]/CLK 742.466003 0.000000 281.644135 0.000000 281.644135 281.644135 rp-+
  text_out_reg[79]/CLK 742.463318 0.000000 281.694275 0.000000 281.694275 281.694275 rp-+
  text_out_reg[87]/CLK 742.432129 0.000000 282.362091 0.000000 282.362091 282.362091 rp-+
  text_out_reg[67]/CLK 742.419800 0.000000 282.594543 0.000000 282.594543 282.594543 rp-+
  text_out_reg[95]/CLK 742.411987 0.000000 282.737396 0.000000 282.737396 282.737396 rp-+
  text_out_reg[88]/CLK 742.404175 0.000000 282.873505 0.000000 282.873505 282.873505 rp-+
  text_out_reg[83]/CLK 742.384766 0.000000 283.198761 0.000000 283.198761 283.198761 rp-+
  sa12_reg[5]/CLK      742.367676 0.000000 283.468597 0.000000 283.468597 283.468597 rp-+
  sa31_reg[3]/CLK      742.362122 0.000000 283.552032 0.000000 283.552032 283.552032 rp-+
  text_out_reg[91]/CLK 742.358643 0.000000 283.606415 0.000000 283.606415 283.606415 rp-+
  text_out_reg[93]/CLK 742.347900 0.000000 283.765686 0.000000 283.765686 283.765686 rp-+
  sa01_reg[0]/CLK      742.347412 0.000000 283.772644 0.000000 283.772644 283.772644 rp-+
----------------------------------------------------------------------------

1
